

Started GET "/" for 167.114.172.29 at 2016-11-07 18:25:24 +0000

Mysql2::Error (Unknown database 'peatio_development'):
  lib/middleware/security.rb:11:in `call'
  lib/middleware/i18n_js.rb:9:in `call'


  Rendered /root/.rbenv/versions/2.2.1/lib/ruby/gems/2.2.0/gems/actionpack-4.0.12/lib/action_dispatch/middleware/templates/rescues/_source.erb (0.7ms)
  Rendered /root/.rbenv/versions/2.2.1/lib/ruby/gems/2.2.0/gems/actionpack-4.0.12/lib/action_dispatch/middleware/templates/rescues/_trace.erb (1.6ms)
  Rendered /root/.rbenv/versions/2.2.1/lib/ruby/gems/2.2.0/gems/actionpack-4.0.12/lib/action_dispatch/middleware/templates/rescues/_request_and_response.erb (1.1ms)
  Rendered /root/.rbenv/versions/2.2.1/lib/ruby/gems/2.2.0/gems/actionpack-4.0.12/lib/action_dispatch/middleware/templates/rescues/diagnostics.erb within rescues/layout (166.1ms)


Started GET "/" for 167.114.172.29 at 2016-11-07 18:31:24 +0000

Mysql2::Error (Unknown database 'peatio_development'):
  lib/middleware/security.rb:11:in `call'
  lib/middleware/i18n_js.rb:9:in `call'


  Rendered /root/.rbenv/versions/2.2.1/lib/ruby/gems/2.2.0/gems/actionpack-4.0.12/lib/action_dispatch/middleware/templates/rescues/_source.erb (0.7ms)
  Rendered /root/.rbenv/versions/2.2.1/lib/ruby/gems/2.2.0/gems/actionpack-4.0.12/lib/action_dispatch/middleware/templates/rescues/_trace.erb (1.2ms)
  Rendered /root/.rbenv/versions/2.2.1/lib/ruby/gems/2.2.0/gems/actionpack-4.0.12/lib/action_dispatch/middleware/templates/rescues/_request_and_response.erb (1.1ms)
  Rendered /root/.rbenv/versions/2.2.1/lib/ruby/gems/2.2.0/gems/actionpack-4.0.12/lib/action_dispatch/middleware/templates/rescues/diagnostics.erb within rescues/layout (292.5ms)


Started GET "/" for 167.114.172.29 at 2016-11-08 06:18:34 +0000

Mysql2::Error (Unknown database 'peatio_development'):
  lib/middleware/security.rb:11:in `call'
  lib/middleware/i18n_js.rb:9:in `call'


  Rendered /root/.rbenv/versions/2.2.1/lib/ruby/gems/2.2.0/gems/actionpack-4.0.12/lib/action_dispatch/middleware/templates/rescues/_source.erb (1.0ms)
  Rendered /root/.rbenv/versions/2.2.1/lib/ruby/gems/2.2.0/gems/actionpack-4.0.12/lib/action_dispatch/middleware/templates/rescues/_trace.erb (1.7ms)
  Rendered /root/.rbenv/versions/2.2.1/lib/ruby/gems/2.2.0/gems/actionpack-4.0.12/lib/action_dispatch/middleware/templates/rescues/_request_and_response.erb (1.3ms)
  Rendered /root/.rbenv/versions/2.2.1/lib/ruby/gems/2.2.0/gems/actionpack-4.0.12/lib/action_dispatch/middleware/templates/rescues/diagnostics.erb within rescues/layout (101.2ms)


Started GET "/" for 167.114.172.29 at 2016-11-08 06:18:35 +0000

Mysql2::Error (Unknown database 'peatio_development'):
  lib/middleware/security.rb:11:in `call'
  lib/middleware/i18n_js.rb:9:in `call'


  Rendered /root/.rbenv/versions/2.2.1/lib/ruby/gems/2.2.0/gems/actionpack-4.0.12/lib/action_dispatch/middleware/templates/rescues/_source.erb (1.0ms)
  Rendered /root/.rbenv/versions/2.2.1/lib/ruby/gems/2.2.0/gems/actionpack-4.0.12/lib/action_dispatch/middleware/templates/rescues/_trace.erb (1.2ms)
  Rendered /root/.rbenv/versions/2.2.1/lib/ruby/gems/2.2.0/gems/actionpack-4.0.12/lib/action_dispatch/middleware/templates/rescues/_request_and_response.erb (1.8ms)
  Rendered /root/.rbenv/versions/2.2.1/lib/ruby/gems/2.2.0/gems/actionpack-4.0.12/lib/action_dispatch/middleware/templates/rescues/diagnostics.erb within rescues/layout (19.5ms)


Started GET "/" for 167.114.172.29 at 2016-11-08 06:31:34 +0000

ActiveRecord::PendingMigrationError (Migrations are pending; run 'bin/rake db:migrate RAILS_ENV=development' to resolve this issue.):
  lib/middleware/security.rb:11:in `call'
  lib/middleware/i18n_js.rb:9:in `call'


  Rendered /root/.rbenv/versions/2.2.1/lib/ruby/gems/2.2.0/gems/actionpack-4.0.12/lib/action_dispatch/middleware/templates/rescues/_source.erb (0.5ms)
  Rendered /root/.rbenv/versions/2.2.1/lib/ruby/gems/2.2.0/gems/actionpack-4.0.12/lib/action_dispatch/middleware/templates/rescues/_trace.erb (0.9ms)
  Rendered /root/.rbenv/versions/2.2.1/lib/ruby/gems/2.2.0/gems/actionpack-4.0.12/lib/action_dispatch/middleware/templates/rescues/_request_and_response.erb (2.2ms)
  Rendered /root/.rbenv/versions/2.2.1/lib/ruby/gems/2.2.0/gems/actionpack-4.0.12/lib/action_dispatch/middleware/templates/rescues/diagnostics.erb within rescues/layout (16.1ms)


Started GET "/" for 167.114.172.29 at 2016-11-08 06:31:39 +0000

ActiveRecord::PendingMigrationError (Migrations are pending; run 'bin/rake db:migrate RAILS_ENV=development' to resolve this issue.):
  lib/middleware/security.rb:11:in `call'
  lib/middleware/i18n_js.rb:9:in `call'


  Rendered /root/.rbenv/versions/2.2.1/lib/ruby/gems/2.2.0/gems/actionpack-4.0.12/lib/action_dispatch/middleware/templates/rescues/_source.erb (0.6ms)
  Rendered /root/.rbenv/versions/2.2.1/lib/ruby/gems/2.2.0/gems/actionpack-4.0.12/lib/action_dispatch/middleware/templates/rescues/_trace.erb (0.9ms)
  Rendered /root/.rbenv/versions/2.2.1/lib/ruby/gems/2.2.0/gems/actionpack-4.0.12/lib/action_dispatch/middleware/templates/rescues/_request_and_response.erb (0.9ms)
  Rendered /root/.rbenv/versions/2.2.1/lib/ruby/gems/2.2.0/gems/actionpack-4.0.12/lib/action_dispatch/middleware/templates/rescues/diagnostics.erb within rescues/layout (12.8ms)
  [1m[36m (832.2ms)[0m  [1mCREATE TABLE `schema_migrations` (`version` varchar(255) NOT NULL) ENGINE=InnoDB[0m
  [1m[35m (1050.8ms)[0m  CREATE UNIQUE INDEX `unique_schema_migrations` ON `schema_migrations` (`version`) 
  [1m[36mActiveRecord::SchemaMigration Load (0.4ms)[0m  [1mSELECT `schema_migrations`.* FROM `schema_migrations`[0m
Migrating to CreateMembers (20130624011823)
  [1m[35m (412.6ms)[0m  CREATE TABLE `members` (`id` int(11) DEFAULT NULL auto_increment PRIMARY KEY, `sn` varchar(255), `name` varchar(255), `email` varchar(255), `pin_digest` varchar(255), `identity_id` int(11), `created_at` datetime, `updated_at` datetime) ENGINE=InnoDB
  [1m[36m (372.0ms)[0m  [1mCREATE TABLE `accounts` (`id` int(11) DEFAULT NULL auto_increment PRIMARY KEY, `member_id` int(11), `currency` varchar(255), `balance` decimal(32,16), `locked` decimal(32,16), `created_at` datetime, `updated_at` datetime) ENGINE=InnoDB[0m
  [1m[35m (0.1ms)[0m  BEGIN
  [1m[36mSQL (0.3ms)[0m  [1mINSERT INTO `schema_migrations` (`version`) VALUES ('20130624011823')[0m
  [1m[35m (160.1ms)[0m  COMMIT
Migrating to CreateIdentities (20130629015414)
  [1m[36m (390.7ms)[0m  [1mCREATE TABLE `identities` (`id` int(11) DEFAULT NULL auto_increment PRIMARY KEY, `email` varchar(255), `password_digest` varchar(255), `is_active` tinyint(1), `retry_count` int(11), `is_locked` tinyint(1), `locked_at` datetime, `last_verify_at` datetime, `created_at` datetime, `updated_at` datetime) ENGINE=InnoDB[0m
  [1m[35m (961.4ms)[0m  CREATE TABLE `two_factors` (`id` int(11) DEFAULT NULL auto_increment PRIMARY KEY, `identity_id` int(11), `otp_secret` varchar(255), `last_verify_at` datetime) ENGINE=InnoDB
  [1m[36m (0.1ms)[0m  [1mBEGIN[0m
  [1m[35mSQL (0.3ms)[0m  INSERT INTO `schema_migrations` (`version`) VALUES ('20130629015414')
  [1m[36m (227.4ms)[0m  [1mCOMMIT[0m
Migrating to CreateResetPasswords (20130810162023)
  [1m[35m (382.3ms)[0m  CREATE TABLE `reset_passwords` (`id` int(11) DEFAULT NULL auto_increment PRIMARY KEY, `email` varchar(255), `token` varchar(255), `expire_at` datetime, `identity_id` int(11), `is_used` tinyint(1), `created_at` datetime, `updated_at` datetime) ENGINE=InnoDB
  [1m[36m (455.9ms)[0m  [1mCREATE TABLE `reset_pins` (`id` int(11) DEFAULT NULL auto_increment PRIMARY KEY, `email` varchar(255), `token` varchar(255), `expire_at` datetime, `account_id` int(11), `is_used` tinyint(1), `created_at` datetime, `updated_at` datetime) ENGINE=InnoDB[0m
  [1m[35m (0.1ms)[0m  BEGIN
  [1m[36mSQL (0.2ms)[0m  [1mINSERT INTO `schema_migrations` (`version`) VALUES ('20130810162023')[0m
  [1m[35m (171.1ms)[0m  COMMIT
Migrating to CreateOrders (20130901010953)
  [1m[36m (526.2ms)[0m  [1mCREATE TABLE `orders` (`id` int(11) DEFAULT NULL auto_increment PRIMARY KEY, `bid` varchar(255), `ask` varchar(255), `currency` varchar(255), `price` decimal(32,16), `volume` decimal(32,16), `origin_volume` decimal(32,16), `state` varchar(255), `done_at` datetime, `type` varchar(255), `member_id` int(11), `created_at` datetime, `updated_at` datetime) ENGINE=InnoDB[0m
  [1m[35m (0.2ms)[0m  BEGIN
  [1m[36mSQL (0.3ms)[0m  [1mINSERT INTO `schema_migrations` (`version`) VALUES ('20130901010953')[0m
  [1m[35m (381.4ms)[0m  COMMIT
Migrating to CreateTrades (20130901154530)
  [1m[36m (463.7ms)[0m  [1mCREATE TABLE `trades` (`id` int(11) DEFAULT NULL auto_increment PRIMARY KEY, `price` decimal(32,16), `volume` decimal(32,16), `ask_id` int(11), `bid_id` int(11), `trend` tinyint(1), `currency` varchar(255), `created_at` datetime, `updated_at` datetime) ENGINE=InnoDB[0m
  [1m[35m (307.7ms)[0m  CREATE TABLE `members_trades` (`id` int(11) DEFAULT NULL auto_increment PRIMARY KEY, `member_id` int(11), `trade_id` int(11), `created_at` datetime, `updated_at` datetime) ENGINE=InnoDB
  [1m[36m (0.1ms)[0m  [1mBEGIN[0m
  [1m[35mSQL (0.3ms)[0m  INSERT INTO `schema_migrations` (`version`) VALUES ('20130901154530')
  [1m[36m (172.5ms)[0m  [1mCOMMIT[0m
Migrating to CreateAccountVersions (20130903080937)
  [1m[35m (398.8ms)[0m  CREATE TABLE `account_versions` (`id` int(11) DEFAULT NULL auto_increment PRIMARY KEY, `item_type` varchar(255) NOT NULL, `item_id` int(11) NOT NULL, `event` varchar(255) NOT NULL, `whodunnit` varchar(255), `object` text, `created_at` datetime, `reason` varchar(255), `ref_id` int(11)) ENGINE=InnoDB
  [1m[36m (614.2ms)[0m  [1mCREATE INDEX `index_account_versions_on_item_type_and_item_id` ON `account_versions` (`item_type`, `item_id`) [0m
  [1m[35m (0.2ms)[0m  BEGIN
  [1m[36mSQL (0.3ms)[0m  [1mINSERT INTO `schema_migrations` (`version`) VALUES ('20130903080937')[0m
  [1m[35m (232.8ms)[0m  COMMIT
Migrating to AddIsActiveToTwoFactors (20130904215802)
  [1m[36m (1258.7ms)[0m  [1mALTER TABLE `two_factors` ADD `is_active` tinyint(1)[0m
  [1m[35m (0.1ms)[0m  BEGIN
  [1m[36mSQL (0.2ms)[0m  [1mINSERT INTO `schema_migrations` (`version`) VALUES ('20130904215802')[0m
  [1m[35m (159.6ms)[0m  COMMIT
Migrating to FixAccountIdByResetPin (20130905025823)
  [1m[36m (1936.8ms)[0m  [1mALTER TABLE `reset_pins` CHANGE `account_id` `member_id` int(11) DEFAULT NULL[0m
  [1m[35m (0.1ms)[0m  BEGIN
  [1m[36mSQL (0.2ms)[0m  [1mINSERT INTO `schema_migrations` (`version`) VALUES ('20130905025823')[0m
  [1m[35m (223.3ms)[0m  COMMIT
Migrating to AddBalanceToAccountVersions (20130905132250)
  [1m[36m (964.3ms)[0m  [1mALTER TABLE `account_versions` ADD `balance` decimal(32,16)[0m
  [1m[35m (1405.0ms)[0m  ALTER TABLE `account_versions` ADD `amount` decimal(32,16)
  [1m[36m (0.3ms)[0m  [1mBEGIN[0m
  [1m[35mSQL (0.3ms)[0m  INSERT INTO `schema_migrations` (`version`) VALUES ('20130905132250')
  [1m[36m (143.4ms)[0m  [1mCOMMIT[0m
Migrating to CreatePaymentAddresses (20130906073020)
  [1m[35m (398.1ms)[0m  CREATE TABLE `payment_addresses` (`id` int(11) DEFAULT NULL auto_increment PRIMARY KEY, `account_id` int(11), `address` varchar(255), `created_at` datetime, `updated_at` datetime) ENGINE=InnoDB
  [1m[36m (0.1ms)[0m  [1mBEGIN[0m
  [1m[35mSQL (0.2ms)[0m  INSERT INTO `schema_migrations` (`version`) VALUES ('20130906073020')
  [1m[36m (197.8ms)[0m  [1mCOMMIT[0m
Migrating to CreatePaymentTransactions (20130906073931)
  [1m[35m (444.3ms)[0m  CREATE TABLE `payment_transactions` (`id` int(11) DEFAULT NULL auto_increment PRIMARY KEY, `txid` varchar(255), `amount` decimal(32,16), `confirmations` int(11), `address` varchar(255), `state` varchar(255), `created_at` datetime, `updated_at` datetime) ENGINE=InnoDB
  [1m[36m (0.2ms)[0m  [1mBEGIN[0m
  [1m[35mSQL (0.3ms)[0m  INSERT INTO `schema_migrations` (`version`) VALUES ('20130906073931')
  [1m[36m (255.3ms)[0m  [1mCOMMIT[0m
Migrating to CreateWithdraws (20130907110146)
  [1m[35m (401.1ms)[0m  CREATE TABLE `withdraws` (`id` int(11) DEFAULT NULL auto_increment PRIMARY KEY, `account_id` int(11), `amount` decimal(32,16), `payment_way` varchar(255), `payment_to` varchar(255), `state` varchar(255), `created_at` datetime, `updated_at` datetime) ENGINE=InnoDB
  [1m[36m (0.1ms)[0m  [1mBEGIN[0m
  [1m[35mSQL (0.3ms)[0m  INSERT INTO `schema_migrations` (`version`) VALUES ('20130907110146')
  [1m[36m (120.3ms)[0m  [1mCOMMIT[0m
Migrating to CreateDeposits (20130907124647)
  [1m[35m (334.4ms)[0m  CREATE TABLE `deposits` (`id` int(11) DEFAULT NULL auto_increment PRIMARY KEY, `account_id` int(11), `amount` decimal(32,16), `payment_way` varchar(255), `payment_id` varchar(255), `state` varchar(255), `created_at` datetime, `updated_at` datetime) ENGINE=InnoDB
  [1m[36m (0.2ms)[0m  [1mBEGIN[0m
  [1m[35mSQL (0.2ms)[0m  INSERT INTO `schema_migrations` (`version`) VALUES ('20130907124647')
  [1m[36m (145.0ms)[0m  [1mCOMMIT[0m
Migrating to AddReceiveAtToPaymentTransactions (20130912144526)
  [1m[35m (785.2ms)[0m  ALTER TABLE `payment_transactions` ADD `receive_at` datetime
  [1m[36m (0.1ms)[0m  [1mBEGIN[0m
  [1m[35mSQL (0.2ms)[0m  INSERT INTO `schema_migrations` (`version`) VALUES ('20130912144526')
  [1m[36m (145.6ms)[0m  [1mCOMMIT[0m
Migrating to AddPaymentIdToWithdraws (20130915150504)
  [1m[35m (926.9ms)[0m  ALTER TABLE `withdraws` ADD `payment_id` varchar(255)
  [1m[36m (0.1ms)[0m  [1mBEGIN[0m
  [1m[35mSQL (0.3ms)[0m  INSERT INTO `schema_migrations` (`version`) VALUES ('20130915150504')
  [1m[36m (129.9ms)[0m  [1mCOMMIT[0m
Migrating to AddRefToAccountVersions (20130918143551)
  [1m[35m (786.3ms)[0m  ALTER TABLE `account_versions` ADD `ref` varchar(255)
  [1m[36m (0.1ms)[0m  [1mBEGIN[0m
  [1m[35mSQL (0.2ms)[0m  INSERT INTO `schema_migrations` (`version`) VALUES ('20130918143551')
  [1m[36m (113.7ms)[0m  [1mCOMMIT[0m
Migrating to AddSnToOrders (20130919091853)
  [1m[35m (1389.5ms)[0m  ALTER TABLE `orders` ADD `sn` varchar(255)
  [1m[36m (0.2ms)[0m  [1mBEGIN[0m
  [1m[35mSQL (0.3ms)[0m  INSERT INTO `schema_migrations` (`version`) VALUES ('20130919091853')
  [1m[36m (182.1ms)[0m  [1mCOMMIT[0m
Migrating to ChangeToEnumerizeInOrders (20130925154257)
  [1m[35m (929.2ms)[0m  ALTER TABLE `orders` CHANGE `bid` `bid` int(11) DEFAULT NULL
  [1m[36m (780.6ms)[0m  [1mALTER TABLE `orders` CHANGE `ask` `ask` int(11) DEFAULT NULL[0m
  [1m[35m (949.3ms)[0m  ALTER TABLE `orders` CHANGE `state` `state` int(11) DEFAULT NULL
  [1m[36m (940.6ms)[0m  [1mALTER TABLE `orders` CHANGE `currency` `currency` int(11) DEFAULT NULL[0m
  [1m[35m (1761.1ms)[0m  ALTER TABLE `orders` CHANGE `type` `type` varchar(8) DEFAULT NULL
  [1m[36m (0.3ms)[0m  [1mBEGIN[0m
  [1m[35mSQL (0.3ms)[0m  INSERT INTO `schema_migrations` (`version`) VALUES ('20130925154257')
  [1m[36m (207.8ms)[0m  [1mCOMMIT[0m
Migrating to ChangeToEnumerizeInTrades (20130925165804)
  [1m[35m (811.1ms)[0m  ALTER TABLE `trades` CHANGE `trend` `trend` int(11) DEFAULT NULL
  [1m[36m (1094.3ms)[0m  [1mALTER TABLE `trades` CHANGE `currency` `currency` int(11) DEFAULT NULL[0m
  [1m[35m (0.2ms)[0m  BEGIN
  [1m[36mSQL (0.2ms)[0m  [1mINSERT INTO `schema_migrations` (`version`) VALUES ('20130925165804')[0m
  [1m[35m (164.6ms)[0m  COMMIT
Migrating to ChangeToEnumerizeInAccounts (20130925171856)
  [1m[36m (1133.7ms)[0m  [1mALTER TABLE `accounts` CHANGE `currency` `currency` int(11) DEFAULT NULL[0m
  [1m[35m (0.1ms)[0m  BEGIN
  [1m[36mSQL (0.2ms)[0m  [1mINSERT INTO `schema_migrations` (`version`) VALUES ('20130925171856')[0m
  [1m[35m (155.9ms)[0m  COMMIT
Migrating to ChangeToEnumerizeInDeposits (20130925175113)
  [1m[36m (1179.5ms)[0m  [1mALTER TABLE `deposits` CHANGE `payment_way` `payment_way` int(11) DEFAULT NULL[0m
  [1m[35m (1066.4ms)[0m  ALTER TABLE `deposits` CHANGE `state` `state` int(11) DEFAULT NULL
  [1m[36m (0.1ms)[0m  [1mBEGIN[0m
  [1m[35mSQL (0.2ms)[0m  INSERT INTO `schema_migrations` (`version`) VALUES ('20130925175113')
  [1m[36m (236.0ms)[0m  [1mCOMMIT[0m
Migrating to ChangeToEnumerizeInPaymentTransactions (20130926011813)
  [1m[35m (864.3ms)[0m  ALTER TABLE `payment_transactions` CHANGE `state` `state` int(11) DEFAULT NULL
  [1m[36m (0.2ms)[0m  [1mBEGIN[0m
  [1m[35mSQL (252.8ms)[0m  INSERT INTO `schema_migrations` (`version`) VALUES ('20130926011813')
  [1m[36m (253.5ms)[0m  [1mCOMMIT[0m
Migrating to ChangeToEnumerizeInWithdraws (20130926014845)
  [1m[35m (1203.4ms)[0m  ALTER TABLE `withdraws` CHANGE `payment_way` `payment_way` int(11) DEFAULT NULL
  [1m[36m (1481.3ms)[0m  [1mALTER TABLE `withdraws` CHANGE `state` `state` int(11) DEFAULT NULL[0m
  [1m[35m (0.3ms)[0m  BEGIN
  [1m[36mSQL (0.2ms)[0m  [1mINSERT INTO `schema_migrations` (`version`) VALUES ('20130926014845')[0m
  [1m[35m (255.9ms)[0m  COMMIT
Migrating to ChangeToEnumerizeInAccountVersions (20130926075355)
  [1m[36m (763.2ms)[0m  [1mALTER TABLE `account_versions` CHANGE `reason` `reason` int(11) DEFAULT NULL[0m
  [1m[35m (699.1ms)[0m  DROP INDEX `index_account_versions_on_item_type_and_item_id` ON `account_versions`
  [1m[36m (754.6ms)[0m  [1mCREATE INDEX `index_account_versions_on_item_type_and_item_id_and_reason` ON `account_versions` (`item_type`, `item_id`, `reason`) [0m
  [1m[35m (0.2ms)[0m  BEGIN
  [1m[36mSQL (0.2ms)[0m  [1mINSERT INTO `schema_migrations` (`version`) VALUES ('20130926075355')[0m
  [1m[35m (192.7ms)[0m  COMMIT
Migrating to ChangeRefToTextInAccountVersions (20130926170008)
  [1m[36m (1225.1ms)[0m  [1mALTER TABLE `account_versions` CHANGE `ref` `ref` text DEFAULT NULL[0m
  [1m[35m (0.2ms)[0m  BEGIN
  [1m[36mSQL (0.3ms)[0m  [1mINSERT INTO `schema_migrations` (`version`) VALUES ('20130926170008')[0m
  [1m[35m (130.6ms)[0m  COMMIT
Migrating to CreateAccountLogs (20130928080757)
  [1m[36m (407.1ms)[0m  [1mCREATE TABLE `account_logs` (`id` int(11) DEFAULT NULL auto_increment PRIMARY KEY, `member_id` int(11), `account_id` int(11), `reason` int(11), `balance` decimal(32,16), `locked` decimal(32,16), `amount` decimal(32,16), `modifiable_id` int(11), `modifiable_type` varchar(255), `detail` text, `created_at` datetime, `updated_at` datetime) ENGINE=InnoDB[0m
  [1m[35m (632.6ms)[0m  CREATE INDEX `index_account_logs_on_member_id_and_reason` ON `account_logs` (`member_id`, `reason`) 
  [1m[36m (774.9ms)[0m  [1mCREATE INDEX `index_account_logs_on_account_id_and_reason` ON `account_logs` (`account_id`, `reason`) [0m
  [1m[35m (630.8ms)[0m  CREATE INDEX `index_account_logs_on_modifiable_id_and_modifiable_type` ON `account_logs` (`modifiable_id`, `modifiable_type`) 
  [1m[36m (0.2ms)[0m  [1mBEGIN[0m
  [1m[35mSQL (0.2ms)[0m  INSERT INTO `schema_migrations` (`version`) VALUES ('20130928080757')
  [1m[36m (206.6ms)[0m  [1mCOMMIT[0m
Migrating to DeleteTableAccountVersions (20130928113620)
  [1m[35m (267.5ms)[0m  DROP TABLE `account_versions`
  [1m[36m (0.3ms)[0m  [1mBEGIN[0m
  [1m[35mSQL (0.2ms)[0m  INSERT INTO `schema_migrations` (`version`) VALUES ('20130928113620')
  [1m[36m (222.9ms)[0m  [1mCOMMIT[0m
Migrating to RenameAccountLogsToAccountVersions (20130928122042)
  [1m[35m (126.3ms)[0m  RENAME TABLE `account_logs` TO `account_versions`
  [1m[36m (732.5ms)[0m  [1mDROP INDEX `index_account_logs_on_member_id_and_reason` ON `account_versions`[0m
  [1m[35m (1013.2ms)[0m  CREATE INDEX `index_account_versions_on_member_id_and_reason` ON `account_versions` (`member_id`, `reason`) 
  [1m[36m (785.0ms)[0m  [1mDROP INDEX `index_account_logs_on_account_id_and_reason` ON `account_versions`[0m
  [1m[35m (539.0ms)[0m  CREATE INDEX `index_account_versions_on_account_id_and_reason` ON `account_versions` (`account_id`, `reason`) 
  [1m[36m (759.8ms)[0m  [1mDROP INDEX `index_account_logs_on_modifiable_id_and_modifiable_type` ON `account_versions`[0m
  [1m[35m (649.9ms)[0m  CREATE INDEX `index_account_versions_on_modifiable_id_and_modifiable_type` ON `account_versions` (`modifiable_id`, `modifiable_type`) 
  [1m[36m (0.3ms)[0m  [1mBEGIN[0m
  [1m[35mSQL (0.3ms)[0m  INSERT INTO `schema_migrations` (`version`) VALUES ('20130928122042')
  [1m[36m (180.0ms)[0m  [1mCOMMIT[0m
Migrating to AddAlipayToMembers (20130928165236)
  [1m[35m (1173.8ms)[0m  ALTER TABLE `identities` ADD `pin_digest` varchar(255)
  [1m[36m (1223.1ms)[0m  [1mALTER TABLE `members` DROP `pin_digest`[0m
  [1m[35m (0.2ms)[0m  BEGIN
  [1m[36mSQL (0.2ms)[0m  [1mINSERT INTO `schema_migrations` (`version`) VALUES ('20130928165236')[0m
  [1m[35m (169.5ms)[0m  COMMIT
Migrating to RenameMemberIdToIdentityId (20130928190156)
  [1m[36m (753.7ms)[0m  [1mALTER TABLE `reset_pins` CHANGE `member_id` `identity_id` int(11) DEFAULT NULL[0m
  [1m[35m (0.2ms)[0m  BEGIN
  [1m[36mSQL (0.2ms)[0m  [1mINSERT INTO `schema_migrations` (`version`) VALUES ('20130928190156')[0m
  [1m[35m (174.1ms)[0m  COMMIT
Migrating to AddAlipayAddressToMembers (20130928194048)
  [1m[36m (900.9ms)[0m  [1mALTER TABLE `members` ADD `alipay` varchar(255)[0m
  [1m[35m (1048.2ms)[0m  ALTER TABLE `members` ADD `state` int(11)
  [1m[36m (0.2ms)[0m  [1mBEGIN[0m
  [1m[35mSQL (0.3ms)[0m  INSERT INTO `schema_migrations` (`version`) VALUES ('20130928194048')
  [1m[36m (244.8ms)[0m  [1mCOMMIT[0m
Migrating to CreateInvitations (20130929012418)
  [1m[35m (572.0ms)[0m  CREATE TABLE `invitations` (`id` int(11) DEFAULT NULL auto_increment PRIMARY KEY, `is_used` tinyint(1), `token` varchar(255), `email` varchar(255), `created_at` datetime, `updated_at` datetime) ENGINE=InnoDB
  [1m[36m (0.1ms)[0m  [1mBEGIN[0m
  [1m[35mSQL (0.3ms)[0m  INSERT INTO `schema_migrations` (`version`) VALUES ('20130929012418')
  [1m[36m (179.1ms)[0m  [1mCOMMIT[0m
Migrating to RebuildWithdraws (20130930172651)
  [1m[35m (787.9ms)[0m  ALTER TABLE `withdraws` CHANGE `payment_way` `address_type` int(11) DEFAULT NULL
  [1m[36m (1321.4ms)[0m  [1mALTER TABLE `withdraws` CHANGE `payment_to` `address` varchar(255) DEFAULT NULL[0m
  [1m[35m (1150.6ms)[0m  ALTER TABLE `withdraws` CHANGE `payment_id` `tx_id` varchar(255) DEFAULT NULL
  [1m[36m (778.3ms)[0m  [1mALTER TABLE `withdraws` ADD `address_label` varchar(255) AFTER `address`[0m
  [1m[35m (1138.4ms)[0m  ALTER TABLE `withdraws` ADD `done_at` datetime AFTER `updated_at`
  [1m[36m (224.3ms)[0m  [1mCREATE TABLE `withdraw_addresses` (`id` int(11) DEFAULT NULL auto_increment PRIMARY KEY, `label` varchar(255), `address` varchar(255), `category` int(11), `account_id` int(11), `is_locked` tinyint(1), `created_at` datetime, `updated_at` datetime) ENGINE=InnoDB[0m
  [1m[35m (0.2ms)[0m  BEGIN
  [1m[36mSQL (0.1ms)[0m  [1mINSERT INTO `schema_migrations` (`version`) VALUES ('20130930172651')[0m
  [1m[35m (206.7ms)[0m  COMMIT
Migrating to MigrateWithdrawAddresses (20130930183833)
  [1m[36m (1115.4ms)[0m  [1mALTER TABLE `members` DROP `alipay`[0m
  [1m[35m (0.2ms)[0m  BEGIN
  [1m[36mSQL (0.2ms)[0m  [1mINSERT INTO `schema_migrations` (`version`) VALUES ('20130930183833')[0m
  [1m[35m (149.4ms)[0m  COMMIT
Migrating to AddDeletedAtToWithdrawAddresses (20131001103847)
  [1m[36m (820.5ms)[0m  [1mALTER TABLE `withdraw_addresses` ADD `deleted_at` datetime[0m
  [1m[35m (0.2ms)[0m  BEGIN
  [1m[36mSQL (0.2ms)[0m  [1mINSERT INTO `schema_migrations` (`version`) VALUES ('20131001103847')[0m
  [1m[35m (238.8ms)[0m  COMMIT
Migrating to AddFeeToWithdraws (20131002012809)
  [1m[36m (970.9ms)[0m  [1mALTER TABLE `withdraws` ADD `member_id` int(11) AFTER `account_id`[0m
  [1m[35m (745.8ms)[0m  ALTER TABLE `withdraws` ADD `currency` int(11) AFTER `member_id`
  [1m[36m (1082.0ms)[0m  [1mALTER TABLE `withdraws` ADD `fee` decimal(32,16) AFTER `amount`[0m
  [1m[35m (0.2ms)[0m  BEGIN
  [1m[36mSQL (0.2ms)[0m  [1mINSERT INTO `schema_migrations` (`version`) VALUES ('20131002012809')[0m
  [1m[35m (185.3ms)[0m  COMMIT
Migrating to RebuildDeposits (20131002190141)
  [1m[36m (1107.4ms)[0m  [1mALTER TABLE `deposits` ADD `member_id` int(11) AFTER `account_id`[0m
  [1m[35m (942.2ms)[0m  ALTER TABLE `deposits` ADD `currency` int(11) AFTER `member_id`
  [1m[36m (2394.2ms)[0m  [1mALTER TABLE `deposits` ADD `done_at` datetime[0m
  [1m[35m (1403.1ms)[0m  ALTER TABLE `deposits` CHANGE `payment_way` `category` int(11) DEFAULT NULL
  [1m[36m (1219.5ms)[0m  [1mALTER TABLE `deposits` CHANGE `payment_id` `tx_id` varchar(255) DEFAULT NULL[0m
  [1m[35m (0.3ms)[0m  BEGIN
  [1m[36mSQL (0.2ms)[0m  [1mINSERT INTO `schema_migrations` (`version`) VALUES ('20131002190141')[0m
  [1m[35m (122.2ms)[0m  COMMIT
Migrating to AddAddressToDeposits (20131003003357)
  [1m[36m (842.4ms)[0m  [1mALTER TABLE `deposits` ADD `address` varchar(255) AFTER `amount`[0m
  [1m[35m (1359.3ms)[0m  ALTER TABLE `deposits` ADD `address_label` varchar(255) AFTER `address`
  [1m[36m (1232.3ms)[0m  [1mALTER TABLE `deposits` CHANGE `category` `address_type` int(11) DEFAULT NULL[0m
  [1m[35m (0.2ms)[0m  BEGIN
  [1m[36mSQL (0.1ms)[0m  [1mINSERT INTO `schema_migrations` (`version`) VALUES ('20131003003357')[0m
  [1m[35m (164.5ms)[0m  COMMIT
Migrating to RenameTxidToPaymentTransactions (20131003021225)
  [1m[36m (1265.8ms)[0m  [1mALTER TABLE `payment_transactions` ADD `dont_at` datetime[0m
  [1m[35m (0.2ms)[0m  BEGIN
  [1m[36mSQL (0.2ms)[0m  [1mINSERT INTO `schema_migrations` (`version`) VALUES ('20131003021225')[0m
  [1m[35m (164.8ms)[0m  COMMIT
Migrating to CreateTokens (20131006183340)
  [1m[36m (799.7ms)[0m  [1mCREATE TABLE `tokens` (`id` int(11) DEFAULT NULL auto_increment PRIMARY KEY, `token` varchar(255), `expire_at` datetime, `identity_id` int(11), `is_used` tinyint(1), `type` varchar(255), `created_at` datetime, `updated_at` datetime) ENGINE=InnoDB[0m
  [1m[35m (604.8ms)[0m  CREATE INDEX `index_tokens_on_type_and_token_and_expire_at_and_is_used` ON `tokens` (`type`, `token`, `expire_at`, `is_used`) 
  [1m[36m (0.1ms)[0m  [1mBEGIN[0m
  [1m[35mSQL (0.3ms)[0m  INSERT INTO `schema_migrations` (`version`) VALUES ('20131006183340')
  [1m[36m (250.8ms)[0m  [1mCOMMIT[0m
Migrating to CreateDocuments (20131009132505)
  [1m[35m (325.5ms)[0m  CREATE TABLE `documents` (`id` int(11) DEFAULT NULL auto_increment PRIMARY KEY, `key` varchar(255), `title` varchar(255), `body` text, `is_auth` tinyint(1), `created_at` datetime, `updated_at` datetime) ENGINE=InnoDB
  [1m[36m (0.1ms)[0m  [1mBEGIN[0m
  [1m[35mSQL (0.2ms)[0m  INSERT INTO `schema_migrations` (`version`) VALUES ('20131009132505')
  [1m[36m (245.2ms)[0m  [1mCOMMIT[0m
Migrating to AddInOutToAccounts (20131022035138)
  [1m[35m (1149.6ms)[0m  ALTER TABLE `accounts` ADD `in` decimal(32,16)
  [1m[36m (1367.2ms)[0m  [1mALTER TABLE `accounts` ADD `out` decimal(32,16)[0m
  [1m[35m (0.2ms)[0m  BEGIN
  [1m[36mSQL (0.2ms)[0m  [1mINSERT INTO `schema_migrations` (`version`) VALUES ('20131022035138')[0m
  [1m[35m (131.8ms)[0m  COMMIT
Migrating to ChangeInOutToAccounts (20131027012836)
  [1m[36m (196.1ms)[0m  [1mALTER TABLE `accounts` CHANGE `in` `in` decimal(32,16) DEFAULT NULL[0m
  [1m[35m (179.0ms)[0m  ALTER TABLE `accounts` CHANGE `out` `out` decimal(32,16) DEFAULT NULL
  [1m[36m (0.1ms)[0m  [1mBEGIN[0m
  [1m[35mSQL (0.2ms)[0m  INSERT INTO `schema_migrations` (`version`) VALUES ('20131027012836')
  [1m[36m (147.9ms)[0m  [1mCOMMIT[0m
Migrating to AddCurrencyToPaymentTransactions (20131110214254)
  [1m[35m (1475.7ms)[0m  ALTER TABLE `payment_transactions` ADD `currency` int(11)
  [1m[36m (0.1ms)[0m  [1mBEGIN[0m
  [1m[35mSQL (0.2ms)[0m  INSERT INTO `schema_migrations` (`version`) VALUES ('20131110214254')
  [1m[36m (156.2ms)[0m  [1mCOMMIT[0m
Migrating to RemovePinDigestFromIdentities (20131130190923)
  [1m[35m (882.8ms)[0m  ALTER TABLE `identities` DROP `pin_digest`
  [1m[36m (0.1ms)[0m  [1mBEGIN[0m
  [1m[35mSQL (0.2ms)[0m  INSERT INTO `schema_migrations` (`version`) VALUES ('20131130190923')
  [1m[36m (157.4ms)[0m  [1mCOMMIT[0m
Migrating to DropResetPins (20131201011127)
  [1m[35m (153.9ms)[0m  DROP TABLE `reset_pins`
  [1m[36m (0.2ms)[0m  [1mBEGIN[0m
  [1m[35mSQL (0.1ms)[0m  INSERT INTO `schema_migrations` (`version`) VALUES ('20131201011127')
  [1m[36m (164.3ms)[0m  [1mCOMMIT[0m
Migrating to AddCurrencyToAccountVersions (20131204020953)
  [1m[35m (1015.2ms)[0m  ALTER TABLE `account_versions` ADD `currency` int(11)
  [1m[36m (1142.0ms)[0m  [1mALTER TABLE `account_versions` DROP `detail`[0m
  [1m[35m (0.2ms)[0m  BEGIN
  [1m[36mSQL (0.2ms)[0m  [1mINSERT INTO `schema_migrations` (`version`) VALUES ('20131204020953')[0m
  [1m[35m (214.9ms)[0m  COMMIT
Migrating to FixPaymentAddressCurrency (20131208012814)
  [1m[36m (804.9ms)[0m  [1mALTER TABLE `payment_addresses` ADD `currency` int(11)[0m
  [1m[35m (0.1ms)[0m  BEGIN
  [1m[36mSQL (0.2ms)[0m  [1mINSERT INTO `schema_migrations` (`version`) VALUES ('20131208012814')[0m
  [1m[35m (97.5ms)[0m  COMMIT
Migrating to AddSnToWithdraws (20131224162832)
  [1m[36m (986.8ms)[0m  [1mALTER TABLE `withdraws` ADD `sn` varchar(255) AFTER `id`[0m
  [1m[35m (0.2ms)[0m  BEGIN
  [1m[36mSQL (0.2ms)[0m  [1mINSERT INTO `schema_migrations` (`version`) VALUES ('20131224162832')[0m
  [1m[35m (155.9ms)[0m  COMMIT
Migrating to AddFeeToAccountVersions (20140101175408)
  [1m[36m (823.3ms)[0m  [1mALTER TABLE `account_versions` ADD `fee` decimal(32,16) AFTER `locked`[0m
  [1m[35m (0.3ms)[0m  BEGIN
  [1m[36mSQL (0.3ms)[0m  [1mINSERT INTO `schema_migrations` (`version`) VALUES ('20140101175408')[0m
  [1m[35m (91.0ms)[0m  COMMIT
Migrating to AddFunToAccountVersions (20140102024125)
  [1m[36m (1870.3ms)[0m  [1mALTER TABLE `account_versions` ADD `fun` int(11)[0m
  [1m[35m (0.2ms)[0m  BEGIN
  [1m[36mSQL (0.2ms)[0m  [1mINSERT INTO `schema_migrations` (`version`) VALUES ('20140102024125')[0m
  [1m[35m (222.9ms)[0m  COMMIT
Migrating to ActsAsTaggableOnMigration (20140102172835)
  [1m[36m (713.0ms)[0m  [1mCREATE TABLE `tags` (`id` int(11) DEFAULT NULL auto_increment PRIMARY KEY, `name` varchar(255)) ENGINE=InnoDB[0m
  [1m[35m (391.4ms)[0m  CREATE TABLE `taggings` (`id` int(11) DEFAULT NULL auto_increment PRIMARY KEY, `tag_id` int(11), `taggable_id` int(11), `taggable_type` varchar(255), `tagger_id` int(11), `tagger_type` varchar(255), `context` varchar(128), `created_at` datetime) ENGINE=InnoDB
  [1m[36m (543.6ms)[0m  [1mCREATE INDEX `index_taggings_on_tag_id` ON `taggings` (`tag_id`) [0m
  [1m[35m (518.2ms)[0m  CREATE INDEX `index_taggings_on_taggable_id_and_taggable_type_and_context` ON `taggings` (`taggable_id`, `taggable_type`, `context`) 
  [1m[36m (0.2ms)[0m  [1mBEGIN[0m
  [1m[35mSQL (0.2ms)[0m  INSERT INTO `schema_migrations` (`version`) VALUES ('20140102172835')
  [1m[36m (122.2ms)[0m  [1mCOMMIT[0m
Migrating to AddMissingUniqueIndices (20140102172836)
  [1m[35m (502.4ms)[0m  CREATE UNIQUE INDEX `index_tags_on_name` ON `tags` (`name`) 
  [1m[36m (1366.6ms)[0m  [1mDROP INDEX `index_taggings_on_tag_id` ON `taggings`[0m
  [1m[35m (816.8ms)[0m  DROP INDEX `index_taggings_on_taggable_id_and_taggable_type_and_context` ON `taggings`
  [1m[36m (681.7ms)[0m  [1mCREATE UNIQUE INDEX `taggings_idx` ON `taggings` (`tag_id`, `taggable_id`, `taggable_type`, `context`, `tagger_id`, `tagger_type`) [0m
  [1m[35m (0.2ms)[0m  BEGIN
  [1m[36mSQL (0.1ms)[0m  [1mINSERT INTO `schema_migrations` (`version`) VALUES ('20140102172836')[0m
  [1m[35m (206.8ms)[0m  COMMIT
Migrating to DropResetPasswords (20140105034746)
  [1m[36m (181.6ms)[0m  [1mDROP TABLE `reset_passwords`[0m
  [1m[35m (0.2ms)[0m  BEGIN
  [1m[36mSQL (0.2ms)[0m  [1mINSERT INTO `schema_migrations` (`version`) VALUES ('20140105034746')[0m
  [1m[35m (148.4ms)[0m  COMMIT
Migrating to RenameIdentityIdToMemberId (20140302094520)
  [1m[36m (872.7ms)[0m  [1mALTER TABLE `tokens` CHANGE `identity_id` `member_id` int(11) DEFAULT NULL[0m
  [1m[35m (1526.3ms)[0m  ALTER TABLE `two_factors` CHANGE `identity_id` `member_id` int(11) DEFAULT NULL
  [1m[36m (0.2ms)[0m  [1mBEGIN[0m
  [1m[35mSQL (0.1ms)[0m  INSERT INTO `schema_migrations` (`version`) VALUES ('20140302094520')
  [1m[36m (176.6ms)[0m  [1mCOMMIT[0m
Migrating to MigrationDataIdentityIdToMemberId (20140302094729)
  [1m[35m (3.9ms)[0m   DELETE FROM tokens WHERE type = 'ResetPin'

  [1m[36mToken Load (0.2ms)[0m  [1mSELECT `tokens`.* FROM `tokens`[0m
  [1m[35mTwoFactor Load (0.1ms)[0m  SELECT `two_factors`.* FROM `two_factors`
  [1m[36m (0.1ms)[0m  [1mBEGIN[0m
  [1m[35mSQL (0.1ms)[0m  INSERT INTO `schema_migrations` (`version`) VALUES ('20140302094729')
  [1m[36m (150.3ms)[0m  [1mCOMMIT[0m
Migrating to CreateAuthentications (20140302161905)
  [1m[35m (231.8ms)[0m  CREATE TABLE `authentications` (`id` int(11) DEFAULT NULL auto_increment PRIMARY KEY, `provider` varchar(255), `uid` varchar(255), `token` varchar(255), `secret` varchar(255), `member_id` int(11), `created_at` datetime, `updated_at` datetime) ENGINE=InnoDB
  [1m[36m (1089.4ms)[0m  [1mCREATE INDEX `index_authentications_on_member_id` ON `authentications` (`member_id`) [0m
  [1m[35m (2262.5ms)[0m  CREATE INDEX `index_authentications_on_provider_and_uid` ON `authentications` (`provider`, `uid`) 
  [1m[36m (0.2ms)[0m  [1mBEGIN[0m
  [1m[35mSQL (0.2ms)[0m  INSERT INTO `schema_migrations` (`version`) VALUES ('20140302161905')
  [1m[36m (271.6ms)[0m  [1mCOMMIT[0m
Migrating to AddActivatedToMembers (20140303060739)
  [1m[35m (1498.5ms)[0m  ALTER TABLE `members` ADD `activated` tinyint(1)
  [1m[36m (0.2ms)[0m  [1mBEGIN[0m
  [1m[35mSQL (0.2ms)[0m  INSERT INTO `schema_migrations` (`version`) VALUES ('20140303060739')
  [1m[36m (633.9ms)[0m  [1mCOMMIT[0m
Migrating to RenameIsActiveToActivated (20140303080054)
  [1m[35m (1505.5ms)[0m  ALTER TABLE `two_factors` CHANGE `is_active` `activated` tinyint(1) DEFAULT NULL
  [1m[36m (0.2ms)[0m  [1mBEGIN[0m
  [1m[35mSQL (0.3ms)[0m  INSERT INTO `schema_migrations` (`version`) VALUES ('20140303080054')
  [1m[36m (162.1ms)[0m  [1mCOMMIT[0m
Migrating to CreateDocumentsTranslations (20140304015055)
  [1m[35m (355.6ms)[0m  CREATE TABLE `document_translations` (`id` int(11) DEFAULT NULL auto_increment PRIMARY KEY, `document_id` int(11) NOT NULL, `locale` varchar(255) NOT NULL, `created_at` datetime, `updated_at` datetime) ENGINE=InnoDB
  [1m[36m (1037.3ms)[0m  [1mALTER TABLE `document_translations` ADD `title` varchar(255)[0m
  [1m[35m (1322.0ms)[0m  ALTER TABLE `document_translations` ADD `body` text
  [1m[36mDocument Load (0.2ms)[0m  [1mSELECT `documents`.* FROM `documents` ORDER BY `documents`.`id` ASC LIMIT 1000[0m
  [1m[35m (902.6ms)[0m  CREATE INDEX `index_document_translations_on_document_id` ON `document_translations` (`document_id`) 
  [1m[36m (506.1ms)[0m  [1mCREATE INDEX `index_document_translations_on_locale` ON `document_translations` (`locale`) [0m
  [1m[35m (0.1ms)[0m  BEGIN
  [1m[36mSQL (0.2ms)[0m  [1mINSERT INTO `schema_migrations` (`version`) VALUES ('20140304015055')[0m
  [1m[35m (152.3ms)[0m  COMMIT
Migrating to CreateIdDocuments (20140306020939)
  [1m[36m (399.0ms)[0m  [1mCREATE TABLE `id_documents` (`id` int(11) DEFAULT NULL auto_increment PRIMARY KEY, `category` int(11), `name` varchar(255), `sn` varchar(255), `member_id` int(11), `created_at` datetime, `updated_at` datetime) ENGINE=InnoDB[0m
  [1m[35m (0.1ms)[0m  BEGIN
  [1m[36mSQL (0.2ms)[0m  [1mINSERT INTO `schema_migrations` (`version`) VALUES ('20140306020939')[0m
  [1m[35m (130.9ms)[0m  COMMIT
Migrating to AddVerifiedToIdDocuments (20140306021833)
  [1m[36m (1078.2ms)[0m  [1mALTER TABLE `id_documents` ADD `verified` tinyint(1)[0m
  [1m[35m (0.2ms)[0m  BEGIN
  [1m[36mSQL (287.8ms)[0m  [1mINSERT INTO `schema_migrations` (`version`) VALUES ('20140306021833')[0m
  [1m[35m (524.0ms)[0m  COMMIT
Migrating to AddAasmStateToWithdraws (20140312061206)
  [1m[36m (1831.5ms)[0m  [1mALTER TABLE `withdraws` ADD `aasm_state` varchar(255)[0m
  [1m[35m (0.2ms)[0m  BEGIN
  [1m[36mSQL (0.2ms)[0m  [1mINSERT INTO `schema_migrations` (`version`) VALUES ('20140312061206')[0m
  [1m[35m (171.1ms)[0m  COMMIT
Migrating to AddSumToWithdraws (20140312071704)
  [1m[36m (1209.5ms)[0m  [1mALTER TABLE `withdraws` ADD `sum` decimal(32,16)[0m
  [1m[35m (0.2ms)[0m  BEGIN
  [1m[36mSQL (0.2ms)[0m  [1mINSERT INTO `schema_migrations` (`version`) VALUES ('20140312071704')[0m
  [1m[35m (223.1ms)[0m  COMMIT
Migrating to AddPartialTreeToAccounts (20140319022202)
  [1m[36m (1119.1ms)[0m  [1mALTER TABLE `accounts` ADD `partial_tree` text[0m
  [1m[35m (0.2ms)[0m  BEGIN
  [1m[36mSQL (0.2ms)[0m  [1mINSERT INTO `schema_migrations` (`version`) VALUES ('20140319022202')[0m
  [1m[35m (457.7ms)[0m  COMMIT
Migrating to CreateProofs (20140319022302)
  [1m[36m (591.7ms)[0m  [1mCREATE TABLE `proofs` (`id` int(11) DEFAULT NULL auto_increment PRIMARY KEY, `root` varchar(255), `currency` int(11), `ready` tinyint(1) DEFAULT 0, `created_at` datetime, `updated_at` datetime) ENGINE=InnoDB[0m
  [1m[35m (0.1ms)[0m  BEGIN
  [1m[36mSQL (0.1ms)[0m  [1mINSERT INTO `schema_migrations` (`version`) VALUES ('20140319022302')[0m
  [1m[35m (106.6ms)[0m  COMMIT
Migrating to CreateVersions (20140320142701)
  [1m[36m (301.7ms)[0m  [1mCREATE TABLE `versions` (`id` int(11) DEFAULT NULL auto_increment PRIMARY KEY, `item_type` varchar(255) NOT NULL, `item_id` int(11) NOT NULL, `event` varchar(255) NOT NULL, `whodunnit` varchar(255), `object` text, `created_at` datetime) ENGINE=InnoDB[0m
  [1m[35m (657.7ms)[0m  CREATE INDEX `index_versions_on_item_type_and_item_id` ON `versions` (`item_type`, `item_id`) 
  [1m[36m (0.1ms)[0m  [1mBEGIN[0m
  [1m[35mSQL (0.2ms)[0m  INSERT INTO `schema_migrations` (`version`) VALUES ('20140320142701')
  [1m[36m (234.8ms)[0m  [1mCOMMIT[0m
Migrating to RenameWithdrawAddressesToFundSources (20140324060148)
  [1m[35m (121.3ms)[0m  RENAME TABLE `withdraw_addresses` TO `fund_sources`
  [1m[36m (0.1ms)[0m  [1mBEGIN[0m
  [1m[35mSQL (0.2ms)[0m  INSERT INTO `schema_migrations` (`version`) VALUES ('20140324060148')
  [1m[36m (125.8ms)[0m  [1mCOMMIT[0m
Migrating to RenameAddressColumnByWithdraws (20140324062812)
  [1m[35m (1850.0ms)[0m  ALTER TABLE `fund_sources` ADD `member_id` int(11) AFTER `id`
  [1m[36m (1256.0ms)[0m  [1mALTER TABLE `fund_sources` ADD `currency` int(11) AFTER `member_id`[0m
  [1m[35m (901.8ms)[0m  ALTER TABLE `fund_sources` CHANGE `label` `extra` varchar(255) DEFAULT NULL
  [1m[36m (1573.5ms)[0m  [1mALTER TABLE `fund_sources` CHANGE `address` `uid` varchar(255) DEFAULT NULL[0m
  [1m[35m (939.9ms)[0m  ALTER TABLE `withdraws` CHANGE `address` `fund_source_uid` varchar(255) DEFAULT NULL
  [1m[36m (816.0ms)[0m  [1mALTER TABLE `withdraws` CHANGE `address_label` `fund_source_extra` varchar(255) DEFAULT NULL[0m
  [1m[35m (1157.4ms)[0m  ALTER TABLE `withdraws` CHANGE `address_type` `withdraw_channel_id` int(11) DEFAULT NULL
  [1m[36m (0.2ms)[0m  [1mBEGIN[0m
  [1m[35mSQL (0.2ms)[0m  INSERT INTO `schema_migrations` (`version`) VALUES ('20140324062812')
  [1m[36m (171.7ms)[0m  [1mCOMMIT[0m
Migrating to ChangeDeposits (20140326170234)
  [1m[35m (839.0ms)[0m  ALTER TABLE `deposits` CHANGE `address` `fund_source_uid` varchar(255) DEFAULT NULL
  [1m[36m (822.9ms)[0m  [1mALTER TABLE `deposits` CHANGE `address_label` `fund_source_extra` varchar(255) DEFAULT NULL[0m
  [1m[35m (1302.3ms)[0m  ALTER TABLE `deposits` CHANGE `address_type` `channel_id` int(11) DEFAULT NULL
  [1m[36m (843.6ms)[0m  [1mALTER TABLE `deposits` CHANGE `tx_id` `txid` varchar(255) DEFAULT NULL[0m
  [1m[35m (1185.8ms)[0m  ALTER TABLE `deposits` ADD `fee` decimal(32,16) AFTER `amount`
  [1m[36m (1006.1ms)[0m  [1mALTER TABLE `deposits` ADD `aasm_state` varchar(255) AFTER `state`[0m
  [1m[35m (0.3ms)[0m  BEGIN
  [1m[36mSQL (0.2ms)[0m  [1mINSERT INTO `schema_migrations` (`version`) VALUES ('20140326170234')[0m
  [1m[35m (200.6ms)[0m  COMMIT
Migrating to AddDepositIdToPaymentTransactions (20140326191837)
  [1m[36m (1438.4ms)[0m  [1mALTER TABLE `payment_transactions` ADD `aasm_state` varchar(255) AFTER `state`[0m
  [1m[35m (3221.0ms)[0m  ALTER TABLE `payment_transactions` ADD `channel_id` int(11) AFTER `aasm_state`
  [1m[36m (0.3ms)[0m  [1mBEGIN[0m
  [1m[35mSQL (0.2ms)[0m  INSERT INTO `schema_migrations` (`version`) VALUES ('20140326191837')
  [1m[36m (243.8ms)[0m  [1mCOMMIT[0m
Migrating to ChangeWithdraws (20140327044440)
  [1m[35m (840.9ms)[0m  ALTER TABLE `withdraws` CHANGE `withdraw_channel_id` `channel_id` int(11) DEFAULT NULL
  [1m[36m (876.7ms)[0m  [1mALTER TABLE `withdraws` CHANGE `tx_id` `txid` varchar(255) DEFAULT NULL[0m
  [1m[35m (1122.4ms)[0m  ALTER TABLE `withdraws` CHANGE `fund_source_uid` `fund_uid` varchar(255) DEFAULT NULL
  [1m[36m (772.6ms)[0m  [1mALTER TABLE `withdraws` CHANGE `fund_source_extra` `fund_extra` varchar(255) DEFAULT NULL[0m
  [1m[35m (0.2ms)[0m  BEGIN
  [1m[36mSQL (0.2ms)[0m  [1mINSERT INTO `schema_migrations` (`version`) VALUES ('20140327044440')[0m
  [1m[35m (235.0ms)[0m  COMMIT
Migrating to AddMemoAndRemoveFundSourceToDeposits (20140327062025)
  [1m[36m (846.5ms)[0m  [1mALTER TABLE `deposits` ADD `memo` varchar(255)[0m
  [1m[35m (767.7ms)[0m  ALTER TABLE `deposits` CHANGE `fund_source_uid` `fund_uid` varchar(255) DEFAULT NULL
  [1m[36m (1142.8ms)[0m  [1mALTER TABLE `deposits` CHANGE `fund_source_extra` `fund_extra` varchar(255) DEFAULT NULL[0m
  [1m[35m (0.2ms)[0m  BEGIN
  [1m[36mSQL (0.1ms)[0m  [1mINSERT INTO `schema_migrations` (`version`) VALUES ('20140327062025')[0m
  [1m[35m (218.4ms)[0m  COMMIT
Migrating to RenameFundSourcesCategoryToChannelId (20140327065708)
  [1m[36m (776.1ms)[0m  [1mALTER TABLE `fund_sources` CHANGE `category` `channel_id` int(11) DEFAULT NULL[0m
  [1m[35m (0.2ms)[0m  BEGIN
  [1m[36mSQL (0.2ms)[0m  [1mINSERT INTO `schema_migrations` (`version`) VALUES ('20140327065708')[0m
  [1m[35m (97.6ms)[0m  COMMIT
Migrating to RemoveFundSourcesAccountId (20140327105217)
  [1m[36m (1199.3ms)[0m  [1mALTER TABLE `fund_sources` DROP `account_id`[0m
  [1m[35m (0.2ms)[0m  BEGIN
  [1m[36mSQL (0.2ms)[0m  [1mINSERT INTO `schema_migrations` (`version`) VALUES ('20140327105217')[0m
  [1m[35m (211.6ms)[0m  COMMIT
Migrating to AddTypeToDeposits (20140328101707)
  [1m[36m (988.5ms)[0m  [1mALTER TABLE `deposits` ADD `type` varchar(255)[0m
  [1m[35m (0.2ms)[0m  BEGIN
  [1m[36mSQL (0.2ms)[0m  [1mINSERT INTO `schema_migrations` (`version`) VALUES ('20140328101707')[0m
  [1m[35m (97.8ms)[0m  COMMIT
Migrating to RemoveChannelId (20140329070543)
  [1m[36m (1339.5ms)[0m  [1mALTER TABLE `deposits` DROP `channel_id`[0m
  [1m[35m (1018.3ms)[0m  ALTER TABLE `payment_transactions` DROP `channel_id`
  [1m[36m (0.2ms)[0m  [1mBEGIN[0m
  [1m[35mSQL (0.3ms)[0m  INSERT INTO `schema_migrations` (`version`) VALUES ('20140329070543')
  [1m[36m (323.4ms)[0m  [1mCOMMIT[0m
Migrating to FundSourcesIsLockedDefaultToFalse (20140331084541)
  [1m[35m (297.2ms)[0m  ALTER TABLE `fund_sources` CHANGE `is_locked` `is_locked` tinyint(1) DEFAULT 0
  [1m[36m (0.2ms)[0m  [1mBEGIN[0m
  [1m[35mSQL (0.2ms)[0m  INSERT INTO `schema_migrations` (`version`) VALUES ('20140331084541')
  [1m[36m (207.9ms)[0m  [1mCOMMIT[0m
Migrating to CreatePartialTrees (20140402043033)
  [1m[35m (296.9ms)[0m  CREATE TABLE `partial_trees` (`id` int(11) DEFAULT NULL auto_increment PRIMARY KEY, `proof_id` int(11) NOT NULL, `account_id` int(11) NOT NULL, `json` text NOT NULL, `created_at` datetime, `updated_at` datetime) ENGINE=InnoDB
  [1m[36m (661.5ms)[0m  [1mALTER TABLE `accounts` DROP `partial_tree`[0m
  [1m[35mSQL (0.4ms)[0m  DELETE FROM `proofs`
  [1m[36m (0.1ms)[0m  [1mBEGIN[0m
  [1m[35mSQL (0.4ms)[0m  INSERT INTO `schema_migrations` (`version`) VALUES ('20140402043033')
  [1m[36m (119.4ms)[0m  [1mCOMMIT[0m
Migrating to CreateAPITokens (20140403031847)
  [1m[35m (273.9ms)[0m  CREATE TABLE `api_tokens` (`id` int(11) DEFAULT NULL auto_increment PRIMARY KEY, `member_id` int(11) NOT NULL, `access_key` varchar(50) NOT NULL, `secret_key` varchar(50) NOT NULL, `created_at` datetime, `updated_at` datetime) ENGINE=InnoDB
  [1m[36m (638.2ms)[0m  [1mCREATE UNIQUE INDEX `index_api_tokens_on_access_key` ON `api_tokens` (`access_key`) [0m
  [1m[35m (635.7ms)[0m  CREATE UNIQUE INDEX `index_api_tokens_on_secret_key` ON `api_tokens` (`secret_key`) 
  [1m[36m (0.2ms)[0m  [1mBEGIN[0m
  [1m[35mSQL (0.2ms)[0m  INSERT INTO `schema_migrations` (`version`) VALUES ('20140403031847')
  [1m[36m (187.2ms)[0m  [1mCOMMIT[0m
Migrating to AddTypeToWithdraws (20140403070840)
  [1m[35m (822.0ms)[0m  ALTER TABLE `withdraws` ADD `type` varchar(255)
  [1m[36mWithdraw Load (0.5ms)[0m  [1mSELECT `withdraws`.* FROM `withdraws`[0m
  [1m[35m (0.1ms)[0m  BEGIN
  [1m[36mSQL (0.2ms)[0m  [1mINSERT INTO `schema_migrations` (`version`) VALUES ('20140403070840')[0m
  [1m[35m (202.4ms)[0m  COMMIT
Migrating to AddCurrencyIndexToTrades (20140404074816)
  [1m[36m (573.3ms)[0m  [1mCREATE INDEX `index_trades_on_currency` ON `trades` (`currency`) [0m
  [1m[35m (0.2ms)[0m  BEGIN
  [1m[36mSQL (0.1ms)[0m  [1mINSERT INTO `schema_migrations` (`version`) VALUES ('20140404074816')[0m
  [1m[35m (159.1ms)[0m  COMMIT
Migrating to AddAskMemberIdAndBidMemberIdToTrades (20140404101823)
  [1m[36m (1007.7ms)[0m  [1mALTER TABLE `trades` ADD `ask_member_id` int(11)[0m
  [1m[35m (693.1ms)[0m  ALTER TABLE `trades` ADD `bid_member_id` int(11)
  [1m[36m (458.6ms)[0m  [1mCREATE INDEX `index_trades_on_ask_member_id` ON `trades` (`ask_member_id`) [0m
  [1m[35m (1097.5ms)[0m  CREATE INDEX `index_trades_on_bid_member_id` ON `trades` (`bid_member_id`) 
  [1m[36m (0.2ms)[0m  [1mBEGIN[0m
  [1m[35mSQL (0.3ms)[0m  INSERT INTO `schema_migrations` (`version`) VALUES ('20140404101823')
  [1m[36m (232.7ms)[0m  [1mCOMMIT[0m
Migrating to RemoveWithdrawsStateAndChannelId (20140405053744)
  [1m[35m (1524.6ms)[0m  ALTER TABLE `withdraws` DROP `channel_id`
  [1m[36m (978.9ms)[0m  [1mALTER TABLE `withdraws` DROP `state`[0m
  [1m[35m (0.2ms)[0m  BEGIN
  [1m[36mSQL (0.2ms)[0m  [1mINSERT INTO `schema_migrations` (`version`) VALUES ('20140405053744')[0m
  [1m[35m (259.3ms)[0m  COMMIT
Migrating to AddSourceToOrders (20140407011310)
  [1m[36m (1013.5ms)[0m  [1mALTER TABLE `orders` ADD `source` varchar(255) NOT NULL[0m
  [1m[35mSQL (0.2ms)[0m  UPDATE `orders` SET `orders`.`source` = 'Web'
  [1m[36m (0.1ms)[0m  [1mBEGIN[0m
  [1m[35mSQL (0.2ms)[0m  INSERT INTO `schema_migrations` (`version`) VALUES ('20140407011310')
  [1m[36m (108.2ms)[0m  [1mCOMMIT[0m
Migrating to AddCountryCodeToMembers (20140416143239)
  [1m[35m (604.8ms)[0m  ALTER TABLE `members` ADD `country_code` int(11)
  [1m[36m (0.2ms)[0m  [1mBEGIN[0m
  [1m[35mSQL (0.2ms)[0m  INSERT INTO `schema_migrations` (`version`) VALUES ('20140416143239')
  [1m[36m (121.6ms)[0m  [1mCOMMIT[0m
Migrating to AddPhoneNumberToMembers (20140416143352)
  [1m[35m (740.1ms)[0m  ALTER TABLE `members` ADD `phone_number` varchar(255)
  [1m[36m (0.2ms)[0m  [1mBEGIN[0m
  [1m[35mSQL (0.2ms)[0m  INSERT INTO `schema_migrations` (`version`) VALUES ('20140416143352')
  [1m[36m (165.3ms)[0m  [1mCOMMIT[0m
Migrating to AddPhoneNumberVerifiedToMembers (20140416151403)
  [1m[35m (1684.6ms)[0m  ALTER TABLE `members` ADD `phone_number_verified` tinyint(1)
  [1m[36m (0.2ms)[0m  [1mBEGIN[0m
  [1m[35mSQL (0.2ms)[0m  INSERT INTO `schema_migrations` (`version`) VALUES ('20140416151403')
  [1m[36m (274.4ms)[0m  [1mCOMMIT[0m
Migrating to RemoveTableInvitations (20140416194209)
  [1m[35m (253.7ms)[0m  DROP TABLE `invitations`
  [1m[36m (0.1ms)[0m  [1mBEGIN[0m
  [1m[35mSQL (0.2ms)[0m  INSERT INTO `schema_migrations` (`version`) VALUES ('20140416194209')
  [1m[36m (154.5ms)[0m  [1mCOMMIT[0m
Migrating to RemoveTableMembersTrades (20140416194300)
  [1m[35m (321.8ms)[0m  DROP TABLE `members_trades`
  [1m[36m (0.1ms)[0m  [1mBEGIN[0m
  [1m[35mSQL (0.2ms)[0m  INSERT INTO `schema_migrations` (`version`) VALUES ('20140416194300')
  [1m[36m (253.7ms)[0m  [1mCOMMIT[0m
Migrating to AddSumToProofs (20140418082715)
  [1m[35m (1553.5ms)[0m  ALTER TABLE `proofs` ADD `sum` varchar(255)
  [1m[36m (1511.9ms)[0m  [1mALTER TABLE `partial_trees` ADD `sum` varchar(255)[0m
  [1m[35m (0.7ms)[0m  BEGIN
  [1m[36mSQL (4.9ms)[0m  [1mINSERT INTO `schema_migrations` (`version`) VALUES ('20140418082715')[0m
  [1m[35m (509.5ms)[0m  COMMIT
Migrating to AddIndexOnAccounts (20140421061712)
  [1m[36m (652.4ms)[0m  [1mCREATE INDEX `index_accounts_on_member_id_and_currency` ON `accounts` (`member_id`, `currency`) [0m
  [1m[35m (448.5ms)[0m  CREATE INDEX `index_accounts_on_member_id` ON `accounts` (`member_id`) 
  [1m[36m (0.2ms)[0m  [1mBEGIN[0m
  [1m[35mSQL (0.2ms)[0m  INSERT INTO `schema_migrations` (`version`) VALUES ('20140421061712')
  [1m[36m (117.9ms)[0m  [1mCOMMIT[0m
Migrating to AddTypeToTwoFactors (20140421080408)
  [1m[35m (897.5ms)[0m  ALTER TABLE `two_factors` ADD `type` varchar(255)
  [1m[36m (0.1ms)[0m  [1mBEGIN[0m
  [1m[35mSQL (0.2ms)[0m  INSERT INTO `schema_migrations` (`version`) VALUES ('20140421080408')
  [1m[36m (152.1ms)[0m  [1mCOMMIT[0m
Migrating to AddDescAndKeywordToDocuments (20140428203350)
  [1m[35m (1309.0ms)[0m  ALTER TABLE `documents` ADD `desc` text
  [1m[36m (1275.6ms)[0m  [1mALTER TABLE `documents` ADD `keywords` text[0m
  [1m[35m (1073.2ms)[0m  ALTER TABLE `document_translations` ADD `desc` text
  [1m[36m (1294.0ms)[0m  [1mALTER TABLE `document_translations` ADD `keywords` text[0m
  [1m[35m (0.2ms)[0m  BEGIN
  [1m[36mSQL (0.2ms)[0m  [1mINSERT INTO `schema_migrations` (`version`) VALUES ('20140428203350')[0m
  [1m[35m (139.4ms)[0m  COMMIT
Migrating to AddAddressesToProofs (20140507120249)
  [1m[36m (1230.9ms)[0m  [1mALTER TABLE `proofs` ADD `addresses` text[0m
  [1m[35m (0.2ms)[0m  BEGIN
  [1m[36mSQL (0.2ms)[0m  [1mINSERT INTO `schema_migrations` (`version`) VALUES ('20140507120249')[0m
  [1m[35m (297.7ms)[0m  COMMIT
Migrating to AddOrdTypeToOrders (20140524014413)
  [1m[36m (993.4ms)[0m  [1mALTER TABLE `orders` ADD `ord_type` varchar(10)[0m
  [1m[35m (0.2ms)[0m  BEGIN
  [1m[36mSQL (0.2ms)[0m  [1mINSERT INTO `schema_migrations` (`version`) VALUES ('20140524014413')[0m
  [1m[35m (210.2ms)[0m  COMMIT
Migrating to AddLockedToOrders (20140530133210)
  [1m[36m (885.8ms)[0m  [1mALTER TABLE `orders` ADD `locked` decimal(32,16)[0m
  [1m[35m (1200.4ms)[0m  ALTER TABLE `orders` ADD `origin_locked` decimal(32,16)
  [1m[36m (0.2ms)[0m  [1mBEGIN[0m
  [1m[35mSQL (0.2ms)[0m  INSERT INTO `schema_migrations` (`version`) VALUES ('20140530133210')
  [1m[36m (122.6ms)[0m  [1mCOMMIT[0m
Migrating to AddUsedFundsToTrades (20140531054739)
  [1m[35m (709.7ms)[0m  ALTER TABLE `trades` ADD `funds` decimal(32,16)
  [1m[36m (0.3ms)[0m  [1mBEGIN[0m
  [1m[35mSQL (0.2ms)[0m  INSERT INTO `schema_migrations` (`version`) VALUES ('20140531054739')
  [1m[36m (86.5ms)[0m  [1mCOMMIT[0m
Migrating to AddDisplaynameToMembers (20140618004355)
  [1m[35m (999.6ms)[0m  ALTER TABLE `members` ADD `display_name` varchar(255) AFTER `name`
  [1m[36m (0.2ms)[0m  [1mBEGIN[0m
  [1m[35mSQL (0.2ms)[0m  INSERT INTO `schema_migrations` (`version`) VALUES ('20140618004355')
  [1m[36m (184.2ms)[0m  [1mCOMMIT[0m
Migrating to AddBalanceToProofs (20140702035833)
  [1m[35m (1033.3ms)[0m  ALTER TABLE `proofs` ADD `balance` varchar(30)
  [1m[36m (0.1ms)[0m  [1mBEGIN[0m
  [1m[35mSQL (0.2ms)[0m  INSERT INTO `schema_migrations` (`version`) VALUES ('20140702035833')
  [1m[36m (208.8ms)[0m  [1mCOMMIT[0m
Migrating to AddOrderIdIndicesToTrades (20140703065321)
  [1m[35m (528.9ms)[0m  CREATE INDEX `index_trades_on_ask_id` ON `trades` (`ask_id`) 
  [1m[36m (545.6ms)[0m  [1mCREATE INDEX `index_trades_on_bid_id` ON `trades` (`bid_id`) [0m
  [1m[35m (0.2ms)[0m  BEGIN
  [1m[36mSQL (0.2ms)[0m  [1mINSERT INTO `schema_migrations` (`version`) VALUES ('20140703065321')[0m
  [1m[35m (135.0ms)[0m  COMMIT
Migrating to AddFundsReceivedToOrders (20140703070953)
  [1m[36m (744.1ms)[0m  [1mALTER TABLE `orders` ADD `funds_received` decimal(32,16) DEFAULT 0[0m
  [1m[35m (0.1ms)[0m  BEGIN
  [1m[36mSQL (0.2ms)[0m  [1mINSERT INTO `schema_migrations` (`version`) VALUES ('20140703070953')[0m
  [1m[35m (235.4ms)[0m  COMMIT
Migrating to CreateAuditLogs (20140707115022)
  [1m[36m (395.0ms)[0m  [1mCREATE TABLE `audit_logs` (`id` int(11) DEFAULT NULL auto_increment PRIMARY KEY, `type` varchar(255), `operator_id` int(11), `created_at` datetime, `updated_at` datetime, `auditable_id` int(11), `auditable_type` varchar(255), `source_state` varchar(255), `target_state` varchar(255)) ENGINE=InnoDB[0m
  [1m[35m (825.9ms)[0m  CREATE INDEX `index_audit_logs_on_operator_id` ON `audit_logs` (`operator_id`) 
  [1m[36m (540.6ms)[0m  [1mCREATE INDEX `index_audit_logs_on_auditable_id_and_auditable_type` ON `audit_logs` (`auditable_id`, `auditable_type`) [0m
  [1m[35m (0.2ms)[0m  BEGIN
  [1m[36mSQL (0.2ms)[0m  [1mINSERT INTO `schema_migrations` (`version`) VALUES ('20140707115022')[0m
  [1m[35m (148.6ms)[0m  COMMIT
Migrating to CreateTickets (20140709084906)
  [1m[36m (410.6ms)[0m  [1mCREATE TABLE `tickets` (`id` int(11) DEFAULT NULL auto_increment PRIMARY KEY, `title` varchar(255), `content` text, `aasm_state` varchar(255), `author_id` int(11), `created_at` datetime, `updated_at` datetime) ENGINE=InnoDB[0m
  [1m[35m (3.2ms)[0m  BEGIN
  [1m[36mSQL (0.2ms)[0m  [1mINSERT INTO `schema_migrations` (`version`) VALUES ('20140709084906')[0m
  [1m[35m (202.8ms)[0m  COMMIT
Migrating to CreateComments (20140709085158)
  [1m[36m (408.6ms)[0m  [1mCREATE TABLE `comments` (`id` int(11) DEFAULT NULL auto_increment PRIMARY KEY, `content` text, `author_id` int(11), `ticket_id` int(11), `created_at` datetime, `updated_at` datetime) ENGINE=InnoDB[0m
  [1m[35m (0.2ms)[0m  BEGIN
  [1m[36mSQL (0.2ms)[0m  [1mINSERT INTO `schema_migrations` (`version`) VALUES ('20140709085158')[0m
  [1m[35m (176.4ms)[0m  COMMIT
Migrating to AddDisabledToMembers (20140712030803)
  [1m[36m (843.0ms)[0m  [1mALTER TABLE `members` ADD `disabled` tinyint(1) DEFAULT 0[0m
  [1m[35m (0.2ms)[0m  BEGIN
  [1m[36mSQL (0.2ms)[0m  [1mINSERT INTO `schema_migrations` (`version`) VALUES ('20140712030803')[0m
  [1m[35m (580.6ms)[0m  COMMIT
Migrating to UnreadMigration (20140714143823)
  [1m[36m (1677.8ms)[0m  [1mCREATE TABLE `read_marks` (`id` int(11) DEFAULT NULL auto_increment PRIMARY KEY, `readable_id` int(11), `member_id` int(11) NOT NULL, `readable_type` varchar(20) NOT NULL, `timestamp` datetime) ENGINE=InnoDB[0m
  [1m[35m (2741.4ms)[0m  CREATE INDEX `index_read_marks_on_member_id` ON `read_marks` (`member_id`) 
  [1m[36m (1355.0ms)[0m  [1mCREATE INDEX `index_read_marks_on_readable_type_and_readable_id` ON `read_marks` (`readable_type`, `readable_id`) [0m
  [1m[35m (0.2ms)[0m  BEGIN
  [1m[36mSQL (0.2ms)[0m  [1mINSERT INTO `schema_migrations` (`version`) VALUES ('20140714143823')[0m
  [1m[35m (374.9ms)[0m  COMMIT
Migrating to AddMoreFieldsToIdDocumentsTable (20140715002401)
  [1m[36m (1460.9ms)[0m  [1mALTER TABLE `id_documents` ADD `birth_date` date[0m
  [1m[35m (1326.4ms)[0m  ALTER TABLE `id_documents` ADD `address` text
  [1m[36m (770.8ms)[0m  [1mALTER TABLE `id_documents` ADD `city` varchar(255)[0m
  [1m[35m (740.5ms)[0m  ALTER TABLE `id_documents` ADD `country` varchar(255)
  [1m[36m (835.4ms)[0m  [1mALTER TABLE `id_documents` ADD `zipcode` varchar(255)[0m
  [1m[35m (1041.1ms)[0m  ALTER TABLE `id_documents` ADD `id_bill_type` int(11)
  [1m[36m (0.3ms)[0m  [1mBEGIN[0m
  [1m[35mSQL (0.3ms)[0m  INSERT INTO `schema_migrations` (`version`) VALUES ('20140715002401')
  [1m[36m (248.3ms)[0m  [1mCOMMIT[0m
Migrating to RemoveNameFieldFromMembersTable (20140715040545)
  [1m[35m (846.2ms)[0m  ALTER TABLE `members` DROP `name`
  [1m[36m (0.2ms)[0m  [1mBEGIN[0m
  [1m[35mSQL (0.2ms)[0m  INSERT INTO `schema_migrations` (`version`) VALUES ('20140715040545')
  [1m[36m (222.6ms)[0m  [1mCOMMIT[0m
Migrating to AddAasmStateToIdDocument (20140715083857)
  [1m[35m (1351.4ms)[0m  ALTER TABLE `id_documents` ADD `aasm_state` varchar(255)
  [1m[36m (0.3ms)[0m  [1mBEGIN[0m
  [1m[35mSQL (0.2ms)[0m  INSERT INTO `schema_migrations` (`version`) VALUES ('20140715083857')
  [1m[36m (315.0ms)[0m  [1mCOMMIT[0m
Migrating to AddAssetsTable (20140717033231)
  [1m[35m (686.9ms)[0m  CREATE TABLE `assets` (`id` int(11) DEFAULT NULL auto_increment PRIMARY KEY, `type` varchar(255), `attachable_id` int(11), `attachable_type` varchar(255), `file` varchar(255)) ENGINE=InnoDB
  [1m[36m (0.2ms)[0m  [1mBEGIN[0m
  [1m[35mSQL (0.2ms)[0m  INSERT INTO `schema_migrations` (`version`) VALUES ('20140717033231')
  [1m[36m (114.6ms)[0m  [1mCOMMIT[0m
Migrating to RenameIdDocumentsColumnCategoryToIdDocumentType (20140718134132)
  [1m[35m (901.0ms)[0m  ALTER TABLE `id_documents` CHANGE `category` `id_document_type` int(11) DEFAULT NULL
  [1m[36m (0.1ms)[0m  [1mBEGIN[0m
  [1m[35mSQL (0.2ms)[0m  INSERT INTO `schema_migrations` (`version`) VALUES ('20140718134132')
  [1m[36m (296.4ms)[0m  [1mCOMMIT[0m
Migrating to RenameIdDocumentsColumnFromSnToIdDocumentNumber (20140718141345)
  [1m[35m (1067.6ms)[0m  ALTER TABLE `id_documents` CHANGE `sn` `id_document_number` varchar(255) DEFAULT NULL
  [1m[36m (0.1ms)[0m  [1mBEGIN[0m
  [1m[35mSQL (0.1ms)[0m  INSERT INTO `schema_migrations` (`version`) VALUES ('20140718141345')
  [1m[36m (336.1ms)[0m  [1mCOMMIT[0m
Migrating to RemoveColumnVerifiedFromIdDocuments (20140721125900)
  [1m[35m (1012.6ms)[0m  ALTER TABLE `id_documents` DROP `verified`
  [1m[36m (0.1ms)[0m  [1mBEGIN[0m
  [1m[35mSQL (0.2ms)[0m  INSERT INTO `schema_migrations` (`version`) VALUES ('20140721125900')
  [1m[36m (214.4ms)[0m  [1mCOMMIT[0m
Migrating to AddTrustedIpListToAPITokens (20140724033014)
  [1m[35m (1018.0ms)[0m  ALTER TABLE `api_tokens` ADD `trusted_ip_list` varchar(255)
  [1m[36m (0.2ms)[0m  [1mBEGIN[0m
  [1m[35mSQL (0.2ms)[0m  INSERT INTO `schema_migrations` (`version`) VALUES ('20140724033014')
  [1m[36m (598.0ms)[0m  [1mCOMMIT[0m
Migrating to RemoveChannelIdFromFundSources (20140803202610)
  [1m[35m (1091.3ms)[0m  ALTER TABLE `fund_sources` DROP `channel_id`
  [1m[36m (0.2ms)[0m  [1mBEGIN[0m
  [1m[35mSQL (0.2ms)[0m  INSERT INTO `schema_migrations` (`version`) VALUES ('20140803202610')
  [1m[36m (163.5ms)[0m  [1mCOMMIT[0m
Migrating to AddAPIDisabledToMembers (20140804002557)
  [1m[35m (902.6ms)[0m  ALTER TABLE `members` ADD `api_disabled` tinyint(1) DEFAULT 0
  [1m[36m (0.3ms)[0m  [1mBEGIN[0m
  [1m[35mSQL (0.2ms)[0m  INSERT INTO `schema_migrations` (`version`) VALUES ('20140804002557')
  [1m[36m (224.4ms)[0m  [1mCOMMIT[0m
Migrating to ChangeDefaultOfWithdraoFee (20140804151249)
  [1m[35m (779.1ms)[0m  ALTER TABLE `withdraws` CHANGE `sum` `sum` decimal(32,16) DEFAULT 0 NOT NULL
  [1m[36m (0.1ms)[0m  [1mBEGIN[0m
  [1m[35mSQL (0.2ms)[0m  INSERT INTO `schema_migrations` (`version`) VALUES ('20140804151249')
  [1m[36m (76.7ms)[0m  [1mCOMMIT[0m
Migrating to AddIndexToOrders (20140806141035)
  [1m[35m (555.6ms)[0m  CREATE INDEX `index_orders_on_member_id` USING btree ON `orders` (`member_id`) 
  [1m[36m (766.7ms)[0m  [1mCREATE INDEX `index_orders_on_currency_and_state` USING btree ON `orders` (`currency`, `state`) [0m
  [1m[35m (0.2ms)[0m  BEGIN
  [1m[36mSQL (0.2ms)[0m  [1mINSERT INTO `schema_migrations` (`version`) VALUES ('20140806141035')[0m
  [1m[35m (106.8ms)[0m  COMMIT
Migrating to AddIndexToTrades (20140806141419)
  [1m[36m (1027.0ms)[0m  [1mCREATE INDEX `index_trades_on_created_at` USING btree ON `trades` (`created_at`) [0m
  [1m[35m (0.2ms)[0m  BEGIN
  [1m[36mSQL (0.2ms)[0m  [1mINSERT INTO `schema_migrations` (`version`) VALUES ('20140806141419')[0m
  [1m[35m (107.9ms)[0m  COMMIT
Migrating to AddIndexToOrderState (20140819085359)
  [1m[36m (578.0ms)[0m  [1mCREATE INDEX `index_orders_on_state` ON `orders` (`state`) [0m
  [1m[35m (0.2ms)[0m  BEGIN
  [1m[36mSQL (0.2ms)[0m  [1mINSERT INTO `schema_migrations` (`version`) VALUES ('20140819085359')[0m
  [1m[35m (229.2ms)[0m  COMMIT
Migrating to AddIndexOnOrdersMemberIdAndState (20140819090417)
  [1m[36m (493.2ms)[0m  [1mCREATE INDEX `index_orders_on_member_id_and_state` ON `orders` (`member_id`, `state`) [0m
  [1m[35m (0.1ms)[0m  BEGIN
  [1m[36mSQL (0.2ms)[0m  [1mINSERT INTO `schema_migrations` (`version`) VALUES ('20140819090417')[0m
  [1m[35m (111.0ms)[0m  COMMIT
Migrating to AddLabelToAPIToken (20140826083906)
  [1m[36m (1260.9ms)[0m  [1mALTER TABLE `api_tokens` ADD `label` varchar(255)[0m
  [1m[35m (0.2ms)[0m  BEGIN
  [1m[36mSQL (0.2ms)[0m  [1mINSERT INTO `schema_migrations` (`version`) VALUES ('20140826083906')[0m
  [1m[35m (264.7ms)[0m  COMMIT
Migrating to AddRefreshedAtToTwoFactors (20140826093508)
  [1m[36m (1148.8ms)[0m  [1mALTER TABLE `two_factors` ADD `refreshed_at` datetime[0m
  [1m[35m (0.3ms)[0m  BEGIN
  [1m[36mSQL (0.2ms)[0m  [1mINSERT INTO `schema_migrations` (`version`) VALUES ('20140826093508')[0m
  [1m[35m (152.6ms)[0m  COMMIT
Migrating to CreateSimpleCaptchaData (20140902112641)
  [1m[36m (207.3ms)[0m  [1mCREATE TABLE `simple_captcha_data` (`id` int(11) DEFAULT NULL auto_increment PRIMARY KEY, `key` varchar(40), `value` varchar(6), `created_at` datetime, `updated_at` datetime) ENGINE=InnoDB[0m
  [1m[35m (452.9ms)[0m  CREATE INDEX `idx_key` ON `simple_captcha_data` (`key`) 
  [1m[36m (0.1ms)[0m  [1mBEGIN[0m
  [1m[35mSQL (0.2ms)[0m  INSERT INTO `schema_migrations` (`version`) VALUES ('20140902112641')
  [1m[36m (181.0ms)[0m  [1mCOMMIT[0m
Migrating to AddTypeToPaymentTransactions (20140920062130)
  [1m[35m (748.4ms)[0m  ALTER TABLE `payment_transactions` ADD `type` varchar(60)
  [1m[36mSQL (0.2ms)[0m  [1mUPDATE `payment_transactions` SET `payment_transactions`.`type` = 'PaymentTransaction::Default'[0m
  [1m[35m (641.4ms)[0m  CREATE INDEX `index_payment_transactions_on_type` ON `payment_transactions` (`type`) 
  [1m[36m (0.1ms)[0m  [1mBEGIN[0m
  [1m[35mSQL (0.2ms)[0m  INSERT INTO `schema_migrations` (`version`) VALUES ('20140920062130')
  [1m[36m (236.7ms)[0m  [1mCOMMIT[0m
Migrating to AddTxOutToPaymentTransactions (20141002075102)
  [1m[35m (1151.5ms)[0m  ALTER TABLE `payment_transactions` ADD `txout` int(11)
  [1m[36m (1221.0ms)[0m  [1mCREATE INDEX `index_payment_transactions_on_txid_and_txout` ON `payment_transactions` (`txid`, `txout`) [0m
  [1m[35m (0.2ms)[0m  BEGIN
  [1m[36mSQL (0.2ms)[0m  [1mINSERT INTO `schema_migrations` (`version`) VALUES ('20141002075102')[0m
  [1m[35m (198.8ms)[0m  COMMIT
Migrating to AddPaymentTransactionIdToDeposits (20141003040822)
  [1m[36m (2021.7ms)[0m  [1mALTER TABLE `deposits` ADD `payment_transaction_id` int(11)[0m
  [1m[35m (0.2ms)[0m  BEGIN
  [1m[36mSQL (0.2ms)[0m  [1mINSERT INTO `schema_migrations` (`version`) VALUES ('20141003040822')[0m
  [1m[35m (184.5ms)[0m  COMMIT
Migrating to AddTxoutToDeposits (20141003061259)
  [1m[36m (1150.2ms)[0m  [1mALTER TABLE `deposits` ADD `txout` int(11)[0m
  [1m[35m (614.8ms)[0m  CREATE INDEX `index_deposits_on_txid_and_txout` ON `deposits` (`txid`, `txout`) 
  [1m[36m (1.4ms)[0m  [1mBEGIN[0m
  [1m[35mSQL (0.2ms)[0m  INSERT INTO `schema_migrations` (`version`) VALUES ('20141003061259')
  [1m[36m (246.9ms)[0m  [1mCOMMIT[0m
Migrating to RemovePhoneNumberVerifiedFromMembers (20141010083930)
  [1m[35m (1005.8ms)[0m  ALTER TABLE `members` DROP `phone_number_verified`
  [1m[36m (0.2ms)[0m  [1mBEGIN[0m
  [1m[35mSQL (0.2ms)[0m  INSERT INTO `schema_migrations` (`version`) VALUES ('20141010083930')
  [1m[36m (147.6ms)[0m  [1mCOMMIT[0m
Migrating to SetTokenIsUsedToFalseAsDefault (20141012124243)
  [1m[35m (139.2ms)[0m  ALTER TABLE `tokens` CHANGE `is_used` `is_used` tinyint(1) DEFAULT 0
  [1m[36m (0.2ms)[0m  [1mBEGIN[0m
  [1m[35mSQL (0.2ms)[0m  INSERT INTO `schema_migrations` (`version`) VALUES ('20141012124243')
  [1m[36m (177.4ms)[0m  [1mCOMMIT[0m
Migrating to AddNicknameToMembers (20141014085101)
  [1m[35m (1140.3ms)[0m  ALTER TABLE `members` ADD `nickname` varchar(255)
  [1m[36m (0.1ms)[0m  [1mBEGIN[0m
  [1m[35mSQL (0.2ms)[0m  INSERT INTO `schema_migrations` (`version`) VALUES ('20141014085101')
  [1m[36m (123.3ms)[0m  [1mCOMMIT[0m
Migrating to AddNicknameToAuthentications (20141015034040)
  [1m[35m (898.2ms)[0m  ALTER TABLE `authentications` ADD `nickname` varchar(255)
  [1m[36m (0.2ms)[0m  [1mBEGIN[0m
  [1m[35mSQL (0.3ms)[0m  INSERT INTO `schema_migrations` (`version`) VALUES ('20141015034040')
  [1m[36m (227.0ms)[0m  [1mCOMMIT[0m
Migrating to CreateDoorkeeperTables (20141105023306)
  [1m[35m (291.9ms)[0m  CREATE TABLE `oauth_applications` (`id` int(11) DEFAULT NULL auto_increment PRIMARY KEY, `name` varchar(255) NOT NULL, `uid` varchar(255) NOT NULL, `secret` varchar(255) NOT NULL, `redirect_uri` text NOT NULL, `created_at` datetime, `updated_at` datetime) ENGINE=InnoDB
  [1m[36m (480.9ms)[0m  [1mCREATE UNIQUE INDEX `index_oauth_applications_on_uid` ON `oauth_applications` (`uid`) [0m
  [1m[35m (296.1ms)[0m  CREATE TABLE `oauth_access_grants` (`id` int(11) DEFAULT NULL auto_increment PRIMARY KEY, `resource_owner_id` int(11) NOT NULL, `application_id` int(11) NOT NULL, `token` varchar(255) NOT NULL, `expires_in` int(11) NOT NULL, `redirect_uri` text NOT NULL, `created_at` datetime NOT NULL, `revoked_at` datetime, `scopes` varchar(255)) ENGINE=InnoDB
  [1m[36m (332.5ms)[0m  [1mCREATE UNIQUE INDEX `index_oauth_access_grants_on_token` ON `oauth_access_grants` (`token`) [0m
  [1m[35m (414.0ms)[0m  CREATE TABLE `oauth_access_tokens` (`id` int(11) DEFAULT NULL auto_increment PRIMARY KEY, `resource_owner_id` int(11), `application_id` int(11), `token` varchar(255) NOT NULL, `refresh_token` varchar(255), `expires_in` int(11), `revoked_at` datetime, `created_at` datetime NOT NULL, `scopes` varchar(255)) ENGINE=InnoDB
  [1m[36m (577.2ms)[0m  [1mCREATE UNIQUE INDEX `index_oauth_access_tokens_on_token` ON `oauth_access_tokens` (`token`) [0m
  [1m[35m (874.7ms)[0m  CREATE INDEX `index_oauth_access_tokens_on_resource_owner_id` ON `oauth_access_tokens` (`resource_owner_id`) 
  [1m[36m (424.1ms)[0m  [1mCREATE UNIQUE INDEX `index_oauth_access_tokens_on_refresh_token` ON `oauth_access_tokens` (`refresh_token`) [0m
  [1m[35m (0.2ms)[0m  BEGIN
  [1m[36mSQL (0.2ms)[0m  [1mINSERT INTO `schema_migrations` (`version`) VALUES ('20141105023306')[0m
  [1m[35m (86.7ms)[0m  COMMIT
Migrating to AddOauthColumnsToAPITokens (20141105090746)
  [1m[36m (852.3ms)[0m  [1mALTER TABLE `api_tokens` ADD `oauth_access_token_id` int(11)[0m
  [1m[35m (1721.8ms)[0m  ALTER TABLE `api_tokens` ADD `expire_at` datetime
  [1m[36m (1406.4ms)[0m  [1mALTER TABLE `api_tokens` ADD `scopes` varchar(255)[0m
  [1m[35m (0.2ms)[0m  BEGIN
  [1m[36mSQL (0.2ms)[0m  [1mINSERT INTO `schema_migrations` (`version`) VALUES ('20141105090746')[0m
  [1m[35m (178.7ms)[0m  COMMIT
Migrating to AddDeletedAtToAPITokensAndOauthTokens (20141107031140)
  [1m[36m (1093.1ms)[0m  [1mALTER TABLE `api_tokens` ADD `deleted_at` datetime[0m
  [1m[35m (1359.6ms)[0m  ALTER TABLE `oauth_access_tokens` ADD `deleted_at` datetime
  [1m[36m (0.2ms)[0m  [1mBEGIN[0m
  [1m[35mSQL (0.2ms)[0m  INSERT INTO `schema_migrations` (`version`) VALUES ('20141107031140')
  [1m[36m (59.6ms)[0m  [1mCOMMIT[0m
Migrating to CreateRunningAccounts (20141119155043)
  [1m[35m (314.5ms)[0m  CREATE TABLE `running_accounts` (`id` int(11) DEFAULT NULL auto_increment PRIMARY KEY, `category` int(11), `income` decimal(32,16) DEFAULT 0 NOT NULL, `expenses` decimal(32,16) DEFAULT 0 NOT NULL, `currency` int(11), `member_id` int(11), `source_id` int(11), `source_type` varchar(255), `note` varchar(255), `created_at` datetime, `updated_at` datetime) ENGINE=InnoDB
  [1m[36m (666.2ms)[0m  [1mCREATE INDEX `index_running_accounts_on_member_id` ON `running_accounts` (`member_id`) [0m
  [1m[35m (435.8ms)[0m  CREATE INDEX `index_running_accounts_on_source_id_and_source_type` ON `running_accounts` (`source_id`, `source_type`) 
  [1m[36m (0.2ms)[0m  [1mBEGIN[0m
  [1m[35mSQL (0.2ms)[0m  INSERT INTO `schema_migrations` (`version`) VALUES ('20141119155043')
  [1m[36m (189.8ms)[0m  [1mCOMMIT[0m
Migrating to RenameDepositsMemoToConfirmations (20141203042029)
  [1m[35m (639.6ms)[0m  ALTER TABLE `deposits` CHANGE `memo` `confirmations` varchar(255) DEFAULT NULL
  [1m[36m (0.1ms)[0m  [1mBEGIN[0m
  [1m[35mSQL (0.2ms)[0m  INSERT INTO `schema_migrations` (`version`) VALUES ('20141203042029')
  [1m[36m (226.9ms)[0m  [1mCOMMIT[0m
Migrating to AddTradesCountToOrders (20141216120736)
  [1m[35m (880.8ms)[0m  ALTER TABLE `orders` ADD `trades_count` int(11) DEFAULT 0
  [1m[36m (0.1ms)[0m  [1mBEGIN[0m
  [1m[35mSQL (0.2ms)[0m  INSERT INTO `schema_migrations` (`version`) VALUES ('20141216120736')
  [1m[36m (223.1ms)[0m  [1mCOMMIT[0m
Migrating to AddSignupHistories (20150117151634)
  [1m[35m (410.4ms)[0m  CREATE TABLE `signup_histories` (`id` int(11) DEFAULT NULL auto_increment PRIMARY KEY, `member_id` int(11), `ip` varchar(255), `accept_language` varchar(255), `ua` varchar(255), `created_at` datetime) ENGINE=InnoDB
  [1m[36m (639.2ms)[0m  [1mCREATE INDEX `index_signup_histories_on_member_id` ON `signup_histories` (`member_id`) [0m
  [1m[35m (0.2ms)[0m  BEGIN
  [1m[36mSQL (0.2ms)[0m  [1mINSERT INTO `schema_migrations` (`version`) VALUES ('20150117151634')[0m
  [1m[35m (189.4ms)[0m  COMMIT
Migrating to AddAccountIdIndexOnAccountVersions (20150205011423)
  [1m[36m (1123.5ms)[0m  [1mCREATE INDEX `index_account_versions_on_account_id` ON `account_versions` (`account_id`) [0m
  [1m[35m (0.2ms)[0m  BEGIN
  [1m[36mSQL (0.2ms)[0m  [1mINSERT INTO `schema_migrations` (`version`) VALUES ('20150205011423')[0m
  [1m[35m (180.3ms)[0m  COMMIT
Migrating to AddDefaultWithdrawFundSourceIdToAccounts (20150405053726)
  [1m[36m (1443.0ms)[0m  [1mALTER TABLE `accounts` ADD `default_withdraw_fund_source_id` int(11)[0m
  [1m[35m (0.2ms)[0m  BEGIN
  [1m[36mSQL (0.1ms)[0m  [1mINSERT INTO `schema_migrations` (`version`) VALUES ('20150405053726')[0m
  [1m[35m (220.0ms)[0m  COMMIT
  [1m[36mActiveRecord::SchemaMigration Load (0.2ms)[0m  [1mSELECT `schema_migrations`.* FROM `schema_migrations`[0m


Started GET "/" for 167.114.172.29 at 2016-11-08 06:38:02 +0000
  [1m[36mActiveRecord::SchemaMigration Load (0.3ms)[0m  [1mSELECT `schema_migrations`.* FROM `schema_migrations`[0m
Processing by WelcomeController#index as HTML
  [1m[35mMember Load (0.2ms)[0m  SELECT `members`.* FROM `members` WHERE `members`.`disabled` = 0 AND `members`.`id` IS NULL ORDER BY `members`.`id` ASC LIMIT 1
Completed 500 Internal Server Error in 34ms

ArgumentError (Invalid Timezone: India):
  app/controllers/application_controller.rb:112:in `set_timezone'
  lib/middleware/security.rb:11:in `call'
  lib/middleware/i18n_js.rb:9:in `call'


  Rendered /root/.rbenv/versions/2.2.1/lib/ruby/gems/2.2.0/gems/actionpack-4.0.12/lib/action_dispatch/middleware/templates/rescues/_source.erb (0.7ms)
  Rendered /root/.rbenv/versions/2.2.1/lib/ruby/gems/2.2.0/gems/actionpack-4.0.12/lib/action_dispatch/middleware/templates/rescues/_trace.erb (1.0ms)
  Rendered /root/.rbenv/versions/2.2.1/lib/ruby/gems/2.2.0/gems/actionpack-4.0.12/lib/action_dispatch/middleware/templates/rescues/_request_and_response.erb (0.9ms)
  Rendered /root/.rbenv/versions/2.2.1/lib/ruby/gems/2.2.0/gems/actionpack-4.0.12/lib/action_dispatch/middleware/templates/rescues/diagnostics.erb within rescues/layout (15.6ms)


Started GET "/" for 167.114.172.29 at 2016-11-08 06:38:06 +0000
Processing by WelcomeController#index as HTML
  [1m[36mMember Load (0.2ms)[0m  [1mSELECT `members`.* FROM `members` WHERE `members`.`disabled` = 0 AND `members`.`id` IS NULL ORDER BY `members`.`id` ASC LIMIT 1[0m
Completed 500 Internal Server Error in 10ms

ArgumentError (Invalid Timezone: India):
  app/controllers/application_controller.rb:112:in `set_timezone'
  lib/middleware/security.rb:11:in `call'
  lib/middleware/i18n_js.rb:9:in `call'


  Rendered /root/.rbenv/versions/2.2.1/lib/ruby/gems/2.2.0/gems/actionpack-4.0.12/lib/action_dispatch/middleware/templates/rescues/_source.erb (0.9ms)
  Rendered /root/.rbenv/versions/2.2.1/lib/ruby/gems/2.2.0/gems/actionpack-4.0.12/lib/action_dispatch/middleware/templates/rescues/_trace.erb (1.6ms)
  Rendered /root/.rbenv/versions/2.2.1/lib/ruby/gems/2.2.0/gems/actionpack-4.0.12/lib/action_dispatch/middleware/templates/rescues/_request_and_response.erb (17.0ms)
  Rendered /root/.rbenv/versions/2.2.1/lib/ruby/gems/2.2.0/gems/actionpack-4.0.12/lib/action_dispatch/middleware/templates/rescues/diagnostics.erb within rescues/layout (35.4ms)


Started GET "/" for 167.114.172.29 at 2016-11-08 06:43:02 +0000
  [1m[36mActiveRecord::SchemaMigration Load (0.1ms)[0m  [1mSELECT `schema_migrations`.* FROM `schema_migrations`[0m
Processing by WelcomeController#index as HTML
  [1m[35mMember Load (0.1ms)[0m  SELECT `members`.* FROM `members` WHERE `members`.`disabled` = 0 AND `members`.`id` IS NULL ORDER BY `members`.`id` ASC LIMIT 1
  [1m[36m (59.4ms)[0m  [1mSELECT SUM(`trades`.`volume`) AS sum_id FROM `trades` WHERE `trades`.`currency` = 3 AND (created_at > '2016-11-07 06:43:02')[0m
  [1m[35mCACHE (0.0ms)[0m  SELECT `members`.* FROM `members` WHERE `members`.`disabled` = 0 AND `members`.`id` IS NULL ORDER BY `members`.`id` ASC LIMIT 1
  [1m[36mCACHE (0.1ms)[0m  [1mSELECT `members`.* FROM `members` WHERE `members`.`disabled` = 0 AND `members`.`id` IS NULL ORDER BY `members`.`id` ASC LIMIT 1[0m
  Rendered welcome/index.html.slim within layouts/landing (395.9ms)
  Rendered shared/_html5.html.slim (31.7ms)
  Rendered shared/_meta.html.slim (3.2ms)
  Rendered shared/_alert.html.slim (4.0ms)
  Rendered shared/_footer.html.slim (39.3ms)
Completed 200 OK in 19696ms (Views: 19228.1ms | ActiveRecord: 61.4ms)


Started GET "/signin" for 167.114.172.29 at 2016-11-08 06:43:41 +0000
Processing by SessionsController#new as HTML
  [1m[35mMember Load (0.2ms)[0m  SELECT `members`.* FROM `members` WHERE `members`.`disabled` = 0 AND `members`.`id` IS NULL ORDER BY `members`.`id` ASC LIMIT 1
  [1m[36m (0.5ms)[0m  [1mSELECT SUM(`trades`.`volume`) AS sum_id FROM `trades` WHERE `trades`.`currency` = 3 AND (created_at > '2016-11-07 06:43:41')[0m
  [1m[35mCACHE (0.0ms)[0m  SELECT `members`.* FROM `members` WHERE `members`.`disabled` = 0 AND `members`.`id` IS NULL ORDER BY `members`.`id` ASC LIMIT 1
  [1m[36mCACHE (0.0ms)[0m  [1mSELECT `members`.* FROM `members` WHERE `members`.`disabled` = 0 AND `members`.`id` IS NULL ORDER BY `members`.`id` ASC LIMIT 1[0m
  [1m[35mCACHE (0.0ms)[0m  SELECT `members`.* FROM `members` WHERE `members`.`disabled` = 0 AND `members`.`id` IS NULL ORDER BY `members`.`id` ASC LIMIT 1
  Rendered sessions/new.html.slim within layouts/application (195.8ms)
  Rendered shared/_html5.html.slim (0.6ms)
  Rendered shared/_meta.html.slim (0.4ms)
  Rendered shared/_alert.html.slim (0.2ms)
  [1m[36mCACHE (0.0ms)[0m  [1mSELECT `members`.* FROM `members` WHERE `members`.`disabled` = 0 AND `members`.`id` IS NULL ORDER BY `members`.`id` ASC LIMIT 1[0m
  [1m[35mCACHE (0.0ms)[0m  SELECT `members`.* FROM `members` WHERE `members`.`disabled` = 0 AND `members`.`id` IS NULL ORDER BY `members`.`id` ASC LIMIT 1
  [1m[36mCACHE (0.0ms)[0m  [1mSELECT `members`.* FROM `members` WHERE `members`.`disabled` = 0 AND `members`.`id` IS NULL ORDER BY `members`.`id` ASC LIMIT 1[0m
  [1m[35mCACHE (0.0ms)[0m  SELECT `members`.* FROM `members` WHERE `members`.`disabled` = 0 AND `members`.`id` IS NULL ORDER BY `members`.`id` ASC LIMIT 1
  [1m[36mCACHE (0.0ms)[0m  [1mSELECT `members`.* FROM `members` WHERE `members`.`disabled` = 0 AND `members`.`id` IS NULL ORDER BY `members`.`id` ASC LIMIT 1[0m
  [1m[35mCACHE (0.0ms)[0m  SELECT `members`.* FROM `members` WHERE `members`.`disabled` = 0 AND `members`.`id` IS NULL ORDER BY `members`.`id` ASC LIMIT 1
  Rendered shared/_header_lang_sel.html.slim (3.2ms)
  Rendered shared/_header.html.slim (51.8ms)
  Rendered shared/_flash.slim (4.7ms)
  Rendered shared/_frame.html.slim (80.3ms)
  Rendered shared/_footer.html.slim (0.1ms)
Completed 200 OK in 1098ms (Views: 1066.0ms | ActiveRecord: 2.0ms)


Started GET "/markets/btcinr" for 167.114.172.29 at 2016-11-08 06:43:51 +0000
Processing by Private::MarketsController#show as HTML
  Parameters: {"id"=>"btcinr", "market"=>"btcinr", "ask"=>"btc", "bid"=>"inr"}
  [1m[36mMember Load (0.1ms)[0m  [1mSELECT `members`.* FROM `members` WHERE `members`.`disabled` = 0 AND `members`.`id` IS NULL ORDER BY `members`.`id` ASC LIMIT 1[0m
  [1m[35m (0.3ms)[0m  SELECT SUM(`trades`.`volume`) AS sum_id FROM `trades` WHERE `trades`.`currency` = 3 AND (created_at > '2016-11-07 06:43:51')
  [1m[36mCACHE (0.0ms)[0m  [1mSELECT `members`.* FROM `members` WHERE `members`.`disabled` = 0 AND `members`.`id` IS NULL ORDER BY `members`.`id` ASC LIMIT 1[0m
  [1m[35mCACHE (0.0ms)[0m  SELECT `members`.* FROM `members` WHERE `members`.`disabled` = 0 AND `members`.`id` IS NULL ORDER BY `members`.`id` ASC LIMIT 1
  [1m[36mCACHE (0.0ms)[0m  [1mSELECT `members`.* FROM `members` WHERE `members`.`disabled` = 0 AND `members`.`id` IS NULL ORDER BY `members`.`id` ASC LIMIT 1[0m
  Rendered shared/_html5.html.slim (0.6ms)
  Rendered shared/_meta.html.slim (0.6ms)
  [1m[35mCACHE (0.0ms)[0m  SELECT `members`.* FROM `members` WHERE `members`.`disabled` = 0 AND `members`.`id` IS NULL ORDER BY `members`.`id` ASC LIMIT 1
  Rendered private/markets/_language.html.slim (3.6ms)
  Rendered private/markets/_header.html.slim (60.4ms)
  Rendered private/markets/_market_trades.html.slim (4.6ms)
  [1m[36m (0.5ms)[0m  [1mSELECT SUM(`trades`.`volume`) AS sum_id FROM `trades` WHERE `trades`.`currency` = 3 AND (created_at > '2016-11-07 06:43:55')[0m
  Rendered private/markets/_market_list.html.slim (12.7ms)
  Rendered private/markets/_candlestick.html.slim (4.3ms)
  Rendered private/markets/_range_switch.html.slim (3.5ms)
  Rendered private/markets/_indicator_switch.html.slim (5.8ms)
  Rendered private/markets/_order_book.html.slim (5.6ms)
  Rendered private/markets/_depths.html.slim (3.8ms)
  Rendered private/markets/_ticker.html.slim (4.9ms)
  Rendered private/markets/_balance.html.slim (2.9ms)
  [1m[35mCACHE (0.0ms)[0m  SELECT `members`.* FROM `members` WHERE `members`.`disabled` = 0 AND `members`.`id` IS NULL ORDER BY `members`.`id` ASC LIMIT 1
  Rendered private/markets/_mask.html.slim (5.3ms)
  Rendered private/markets/_ask_entry.html.slim (143.4ms)
  Rendered private/markets/_balance.html.slim (0.1ms)
  [1m[36mCACHE (0.0ms)[0m  [1mSELECT `members`.* FROM `members` WHERE `members`.`disabled` = 0 AND `members`.`id` IS NULL ORDER BY `members`.`id` ASC LIMIT 1[0m
  Rendered private/markets/_mask.html.slim (1.6ms)
  Rendered private/markets/_bid_entry.html.slim (13.2ms)
  [1m[35mCACHE (0.0ms)[0m  SELECT `members`.* FROM `members` WHERE `members`.`disabled` = 0 AND `members`.`id` IS NULL ORDER BY `members`.`id` ASC LIMIT 1
  Rendered private/markets/_mask.html.slim (2.4ms)
  Rendered private/markets/_my_orders.html.slim (7.5ms)
  Rendered private/markets/show.html.slim (3609.0ms)
Completed 200 OK in 3778ms (Views: 3637.8ms | ActiveRecord: 2.0ms)


Started GET "/api/v2/k_with_pending_trades.json?market=btcinr&limit=768&period=60&trade_id=0" for 167.114.172.29 at 2016-11-08 06:44:06 +0000


Started GET "/" for 167.114.172.29 at 2016-11-08 06:45:12 +0000
Processing by WelcomeController#index as HTML
  [1m[36mMember Load (0.1ms)[0m  [1mSELECT `members`.* FROM `members` WHERE `members`.`disabled` = 0 AND `members`.`id` IS NULL ORDER BY `members`.`id` ASC LIMIT 1[0m
  [1m[35m (0.3ms)[0m  SELECT SUM(`trades`.`volume`) AS sum_id FROM `trades` WHERE `trades`.`currency` = 3 AND (created_at > '2016-11-07 06:45:12')
  [1m[36mCACHE (0.0ms)[0m  [1mSELECT `members`.* FROM `members` WHERE `members`.`disabled` = 0 AND `members`.`id` IS NULL ORDER BY `members`.`id` ASC LIMIT 1[0m
  [1m[35mCACHE (0.0ms)[0m  SELECT `members`.* FROM `members` WHERE `members`.`disabled` = 0 AND `members`.`id` IS NULL ORDER BY `members`.`id` ASC LIMIT 1
  Rendered welcome/index.html.slim within layouts/landing (1.8ms)
  Rendered shared/_html5.html.slim (0.9ms)
  Rendered shared/_meta.html.slim (0.3ms)
  Rendered shared/_alert.html.slim (0.1ms)
  Rendered shared/_footer.html.slim (0.1ms)
Completed 200 OK in 38ms (Views: 28.6ms | ActiveRecord: 0.5ms)


Started GET "/api/v2/k_with_pending_trades.json?market=btcinr&limit=768&period=720&trade_id=0" for 167.114.172.29 at 2016-11-08 06:52:58 +0000


Started GET "/" for 167.114.172.29 at 2016-11-08 07:18:41 +0000
Processing by WelcomeController#index as HTML
  [1m[36mMember Load (0.1ms)[0m  [1mSELECT `members`.* FROM `members` WHERE `members`.`disabled` = 0 AND `members`.`id` IS NULL ORDER BY `members`.`id` ASC LIMIT 1[0m
  [1m[35m (0.4ms)[0m  SELECT SUM(`trades`.`volume`) AS sum_id FROM `trades` WHERE `trades`.`currency` = 3 AND (created_at > '2016-11-07 07:18:41')
  [1m[36mCACHE (0.0ms)[0m  [1mSELECT `members`.* FROM `members` WHERE `members`.`disabled` = 0 AND `members`.`id` IS NULL ORDER BY `members`.`id` ASC LIMIT 1[0m
  [1m[35mCACHE (0.0ms)[0m  SELECT `members`.* FROM `members` WHERE `members`.`disabled` = 0 AND `members`.`id` IS NULL ORDER BY `members`.`id` ASC LIMIT 1
  Rendered welcome/index.html.slim within layouts/landing (1.5ms)
  Rendered shared/_html5.html.slim (0.7ms)
  Rendered shared/_meta.html.slim (0.3ms)
  Rendered shared/_alert.html.slim (0.2ms)
  Rendered shared/_footer.html.slim (0.1ms)
Completed 200 OK in 37ms (Views: 23.2ms | ActiveRecord: 0.6ms)


Started GET "/markets/btcinr" for 167.114.172.29 at 2016-11-08 07:18:45 +0000
Processing by Private::MarketsController#show as HTML
  Parameters: {"id"=>"btcinr", "market"=>"btcinr", "ask"=>"btc", "bid"=>"inr"}
  [1m[36mMember Load (0.1ms)[0m  [1mSELECT `members`.* FROM `members` WHERE `members`.`disabled` = 0 AND `members`.`id` IS NULL ORDER BY `members`.`id` ASC LIMIT 1[0m
  [1m[35m (0.3ms)[0m  SELECT SUM(`trades`.`volume`) AS sum_id FROM `trades` WHERE `trades`.`currency` = 3 AND (created_at > '2016-11-07 07:18:45')
  [1m[36mCACHE (0.1ms)[0m  [1mSELECT `members`.* FROM `members` WHERE `members`.`disabled` = 0 AND `members`.`id` IS NULL ORDER BY `members`.`id` ASC LIMIT 1[0m
  [1m[35mCACHE (0.0ms)[0m  SELECT `members`.* FROM `members` WHERE `members`.`disabled` = 0 AND `members`.`id` IS NULL ORDER BY `members`.`id` ASC LIMIT 1
  [1m[36mCACHE (0.0ms)[0m  [1mSELECT `members`.* FROM `members` WHERE `members`.`disabled` = 0 AND `members`.`id` IS NULL ORDER BY `members`.`id` ASC LIMIT 1[0m
  Rendered shared/_html5.html.slim (0.6ms)
  Rendered shared/_meta.html.slim (0.4ms)
  [1m[35mCACHE (0.0ms)[0m  SELECT `members`.* FROM `members` WHERE `members`.`disabled` = 0 AND `members`.`id` IS NULL ORDER BY `members`.`id` ASC LIMIT 1
  Rendered private/markets/_language.html.slim (0.1ms)
  Rendered private/markets/_header.html.slim (1.9ms)
  Rendered private/markets/_market_trades.html.slim (0.2ms)
  Rendered private/markets/_market_list.html.slim (3.8ms)
  Rendered private/markets/_candlestick.html.slim (0.0ms)
  Rendered private/markets/_range_switch.html.slim (0.3ms)
  Rendered private/markets/_indicator_switch.html.slim (0.1ms)
  Rendered private/markets/_order_book.html.slim (0.3ms)
  Rendered private/markets/_depths.html.slim (0.0ms)
  Rendered private/markets/_ticker.html.slim (0.1ms)
  Rendered private/markets/_balance.html.slim (0.0ms)
  [1m[36mCACHE (0.0ms)[0m  [1mSELECT `members`.* FROM `members` WHERE `members`.`disabled` = 0 AND `members`.`id` IS NULL ORDER BY `members`.`id` ASC LIMIT 1[0m
  Rendered private/markets/_mask.html.slim (1.0ms)
  Rendered private/markets/_ask_entry.html.slim (3.6ms)
  Rendered private/markets/_balance.html.slim (0.0ms)
  [1m[35mCACHE (0.0ms)[0m  SELECT `members`.* FROM `members` WHERE `members`.`disabled` = 0 AND `members`.`id` IS NULL ORDER BY `members`.`id` ASC LIMIT 1
  Rendered private/markets/_mask.html.slim (0.9ms)
  Rendered private/markets/_bid_entry.html.slim (3.4ms)
  [1m[36mCACHE (0.0ms)[0m  [1mSELECT `members`.* FROM `members` WHERE `members`.`disabled` = 0 AND `members`.`id` IS NULL ORDER BY `members`.`id` ASC LIMIT 1[0m
  Rendered private/markets/_mask.html.slim (1.0ms)
  Rendered private/markets/_my_orders.html.slim (2.4ms)
  Rendered private/markets/show.html.slim (40.8ms)
Completed 200 OK in 67ms (Views: 41.7ms | ActiveRecord: 0.6ms)


Started GET "/signin" for 167.114.172.29 at 2016-11-08 08:39:44 +0000
Processing by SessionsController#new as HTML
  [1m[35mMember Load (0.1ms)[0m  SELECT `members`.* FROM `members` WHERE `members`.`disabled` = 0 AND `members`.`id` IS NULL ORDER BY `members`.`id` ASC LIMIT 1
  [1m[36m (0.3ms)[0m  [1mSELECT SUM(`trades`.`volume`) AS sum_id FROM `trades` WHERE `trades`.`currency` = 3 AND (created_at > '2016-11-07 08:39:44')[0m
  [1m[35mCACHE (0.0ms)[0m  SELECT `members`.* FROM `members` WHERE `members`.`disabled` = 0 AND `members`.`id` IS NULL ORDER BY `members`.`id` ASC LIMIT 1
  [1m[36mCACHE (0.0ms)[0m  [1mSELECT `members`.* FROM `members` WHERE `members`.`disabled` = 0 AND `members`.`id` IS NULL ORDER BY `members`.`id` ASC LIMIT 1[0m
  [1m[35mCACHE (0.0ms)[0m  SELECT `members`.* FROM `members` WHERE `members`.`disabled` = 0 AND `members`.`id` IS NULL ORDER BY `members`.`id` ASC LIMIT 1
  Rendered sessions/new.html.slim within layouts/application (11.5ms)
  Rendered shared/_html5.html.slim (0.6ms)
  Rendered shared/_meta.html.slim (0.5ms)
  Rendered shared/_alert.html.slim (0.2ms)
  [1m[36mCACHE (0.0ms)[0m  [1mSELECT `members`.* FROM `members` WHERE `members`.`disabled` = 0 AND `members`.`id` IS NULL ORDER BY `members`.`id` ASC LIMIT 1[0m
  [1m[35mCACHE (0.0ms)[0m  SELECT `members`.* FROM `members` WHERE `members`.`disabled` = 0 AND `members`.`id` IS NULL ORDER BY `members`.`id` ASC LIMIT 1
  [1m[36mCACHE (0.0ms)[0m  [1mSELECT `members`.* FROM `members` WHERE `members`.`disabled` = 0 AND `members`.`id` IS NULL ORDER BY `members`.`id` ASC LIMIT 1[0m
  [1m[35mCACHE (0.0ms)[0m  SELECT `members`.* FROM `members` WHERE `members`.`disabled` = 0 AND `members`.`id` IS NULL ORDER BY `members`.`id` ASC LIMIT 1
  [1m[36mCACHE (0.0ms)[0m  [1mSELECT `members`.* FROM `members` WHERE `members`.`disabled` = 0 AND `members`.`id` IS NULL ORDER BY `members`.`id` ASC LIMIT 1[0m
  [1m[35mCACHE (0.0ms)[0m  SELECT `members`.* FROM `members` WHERE `members`.`disabled` = 0 AND `members`.`id` IS NULL ORDER BY `members`.`id` ASC LIMIT 1
  Rendered shared/_header_lang_sel.html.slim (0.3ms)
  Rendered shared/_header.html.slim (154.5ms)
  Rendered shared/_flash.slim (0.2ms)
  Rendered shared/_frame.html.slim (17.3ms)
  Rendered shared/_footer.html.slim (0.1ms)
Completed 200 OK in 370ms (Views: 359.6ms | ActiveRecord: 0.7ms)


Started POST "/auth/identity/callback" for 167.114.172.29 at 2016-11-08 08:40:01 +0000
(identity) Callback phase initiated.
  [1m[36mIdentity Load (0.4ms)[0m  [1mSELECT `identities`.* FROM `identities` WHERE `identities`.`email` = 'admin@peatio.dev' ORDER BY `identities`.`id` ASC LIMIT 1[0m
(identity) Authentication failure! invalid_credentials encountered.
Processing by SessionsController#failure as HTML
  Parameters: {"utf8"=>"✓", "authenticity_token"=>"VKpv+tWjTnkO5KWo5BqruYbz4iFvPtTG49wpjpmQDWs=", "auth_key"=>"admin@peatio.dev", "password"=>"[FILTERED]", "commit"=>"Sign In"}
  [1m[35mMember Load (0.1ms)[0m  SELECT `members`.* FROM `members` WHERE `members`.`disabled` = 0 AND `members`.`id` IS NULL ORDER BY `members`.`id` ASC LIMIT 1
  [1m[36m (0.3ms)[0m  [1mSELECT SUM(`trades`.`volume`) AS sum_id FROM `trades` WHERE `trades`.`currency` = 3 AND (created_at > '2016-11-07 08:40:01')[0m
  [1m[35mCACHE (0.0ms)[0m  SELECT `members`.* FROM `members` WHERE `members`.`disabled` = 0 AND `members`.`id` IS NULL ORDER BY `members`.`id` ASC LIMIT 1
  [1m[36mCACHE (0.0ms)[0m  [1mSELECT `members`.* FROM `members` WHERE `members`.`disabled` = 0 AND `members`.`id` IS NULL ORDER BY `members`.`id` ASC LIMIT 1[0m
  [1m[35mCACHE (0.0ms)[0m  SELECT `members`.* FROM `members` WHERE `members`.`disabled` = 0 AND `members`.`id` IS NULL ORDER BY `members`.`id` ASC LIMIT 1
Redirected to http://peatio.dev:3000/signin
Completed 302 Found in 33ms (ActiveRecord: 0.5ms)
