hot_wallets.rb: process with pid 11913 started.
/root/.rbenv/versions/2.2.1/lib/ruby/gems/2.2.0/gems/redis-3.0.7/lib/redis/client.rb:222:in `rescue in io': Connection timed out (Redis::TimeoutError)
	from /root/.rbenv/versions/2.2.1/lib/ruby/gems/2.2.0/gems/redis-3.0.7/lib/redis/client.rb:220:in `io'
	from /root/.rbenv/versions/2.2.1/lib/ruby/gems/2.2.0/gems/redis-3.0.7/lib/redis/client.rb:228:in `read'
	from /root/.rbenv/versions/2.2.1/lib/ruby/gems/2.2.0/gems/redis-3.0.7/lib/redis/client.rb:96:in `block in call'
	from /root/.rbenv/versions/2.2.1/lib/ruby/gems/2.2.0/gems/redis-3.0.7/lib/redis/client.rb:201:in `block (2 levels) in process'
	from /root/.rbenv/versions/2.2.1/lib/ruby/gems/2.2.0/gems/redis-3.0.7/lib/redis/client.rb:309:in `ensure_connected'
	from /root/.rbenv/versions/2.2.1/lib/ruby/gems/2.2.0/gems/redis-3.0.7/lib/redis/client.rb:191:in `block in process'
	from /root/.rbenv/versions/2.2.1/lib/ruby/gems/2.2.0/gems/redis-3.0.7/lib/redis/client.rb:270:in `logging'
	from /root/.rbenv/versions/2.2.1/lib/ruby/gems/2.2.0/gems/redis-3.0.7/lib/redis/client.rb:190:in `process'
	from /root/.rbenv/versions/2.2.1/lib/ruby/gems/2.2.0/gems/redis-3.0.7/lib/redis/client.rb:96:in `call'
	from /root/.rbenv/versions/2.2.1/lib/ruby/gems/2.2.0/gems/redis-3.0.7/lib/redis.rb:676:in `block in set'
	from /root/.rbenv/versions/2.2.1/lib/ruby/gems/2.2.0/gems/redis-3.0.7/lib/redis.rb:37:in `block in synchronize'
	from /root/.rbenv/versions/2.2.1/lib/ruby/2.2.0/monitor.rb:211:in `mon_synchronize'
	from /root/.rbenv/versions/2.2.1/lib/ruby/gems/2.2.0/gems/redis-3.0.7/lib/redis.rb:37:in `synchronize'
	from /root/.rbenv/versions/2.2.1/lib/ruby/gems/2.2.0/gems/redis-3.0.7/lib/redis.rb:672:in `set'
	from /root/.rbenv/versions/2.2.1/lib/ruby/gems/2.2.0/gems/redis-store-1.1.4/lib/redis/store/interface.rb:9:in `set'
	from /root/.rbenv/versions/2.2.1/lib/ruby/gems/2.2.0/gems/redis-store-1.1.4/lib/redis/store/ttl.rb:8:in `set'
	from /root/.rbenv/versions/2.2.1/lib/ruby/gems/2.2.0/gems/redis-store-1.1.4/lib/redis/store/marshalling.rb:5:in `block in set'
	from /root/.rbenv/versions/2.2.1/lib/ruby/gems/2.2.0/gems/redis-store-1.1.4/lib/redis/store/marshalling.rb:29:in `_marshal'
	from /root/.rbenv/versions/2.2.1/lib/ruby/gems/2.2.0/gems/redis-store-1.1.4/lib/redis/store/marshalling.rb:5:in `set'
	from /root/.rbenv/versions/2.2.1/lib/ruby/gems/2.2.0/gems/redis-activesupport-4.0.0/lib/active_support/cache/redis_store.rb:163:in `write_entry'
	from /root/.rbenv/versions/2.2.1/lib/ruby/gems/2.2.0/gems/redis-activesupport-4.0.0/lib/active_support/cache/redis_store.rb:36:in `block in write'
	from /root/.rbenv/versions/2.2.1/lib/ruby/gems/2.2.0/gems/activesupport-4.0.12/lib/active_support/cache.rb:519:in `instrument'
	from /root/.rbenv/versions/2.2.1/lib/ruby/gems/2.2.0/gems/redis-activesupport-4.0.0/lib/active_support/cache/redis_store.rb:34:in `write'
	from /root/coinroots/app/models/currency.rb:54:in `refresh_balance'
	from /root/coinroots/lib/daemons/hot_wallets.rb:19:in `block in <top (required)>'
	from /root/coinroots/lib/daemons/hot_wallets.rb:18:in `each'
	from /root/coinroots/lib/daemons/hot_wallets.rb:18:in `<top (required)>'
	from /root/.rbenv/versions/2.2.1/lib/ruby/gems/2.2.0/gems/daemons-1.1.9/lib/daemons/application.rb:203:in `load'
	from /root/.rbenv/versions/2.2.1/lib/ruby/gems/2.2.0/gems/daemons-1.1.9/lib/daemons/application.rb:203:in `start_load'
	from /root/.rbenv/versions/2.2.1/lib/ruby/gems/2.2.0/gems/daemons-1.1.9/lib/daemons/application.rb:298:in `start'
	from /root/.rbenv/versions/2.2.1/lib/ruby/gems/2.2.0/gems/daemons-1.1.9/lib/daemons/controller.rb:70:in `run'
	from /root/.rbenv/versions/2.2.1/lib/ruby/gems/2.2.0/gems/daemons-1.1.9/lib/daemons.rb:147:in `block in run'
	from /root/.rbenv/versions/2.2.1/lib/ruby/gems/2.2.0/gems/daemons-1.1.9/lib/daemons/cmdline.rb:109:in `call'
	from /root/.rbenv/versions/2.2.1/lib/ruby/gems/2.2.0/gems/daemons-1.1.9/lib/daemons/cmdline.rb:109:in `catch_exceptions'
	from /root/.rbenv/versions/2.2.1/lib/ruby/gems/2.2.0/gems/daemons-1.1.9/lib/daemons.rb:146:in `run'
	from /root/.rbenv/versions/2.2.1/lib/ruby/gems/2.2.0/gems/daemons-rails-1.2.1/lib/daemons/rails.rb:16:in `run'
	from lib/daemons/hot_wallets_ctl:6:in `<main>'
hot_wallets.rb: process with pid 14437 started.
/root/.rbenv/versions/2.2.1/lib/ruby/gems/2.2.0/gems/redis-3.0.7/lib/redis/client.rb:222:in `rescue in io': Connection timed out (Redis::TimeoutError)
	from /root/.rbenv/versions/2.2.1/lib/ruby/gems/2.2.0/gems/redis-3.0.7/lib/redis/client.rb:220:in `io'
	from /root/.rbenv/versions/2.2.1/lib/ruby/gems/2.2.0/gems/redis-3.0.7/lib/redis/client.rb:228:in `read'
	from /root/.rbenv/versions/2.2.1/lib/ruby/gems/2.2.0/gems/redis-3.0.7/lib/redis/client.rb:96:in `block in call'
	from /root/.rbenv/versions/2.2.1/lib/ruby/gems/2.2.0/gems/redis-3.0.7/lib/redis/client.rb:201:in `block (2 levels) in process'
	from /root/.rbenv/versions/2.2.1/lib/ruby/gems/2.2.0/gems/redis-3.0.7/lib/redis/client.rb:309:in `ensure_connected'
	from /root/.rbenv/versions/2.2.1/lib/ruby/gems/2.2.0/gems/redis-3.0.7/lib/redis/client.rb:191:in `block in process'
	from /root/.rbenv/versions/2.2.1/lib/ruby/gems/2.2.0/gems/redis-3.0.7/lib/redis/client.rb:270:in `logging'
	from /root/.rbenv/versions/2.2.1/lib/ruby/gems/2.2.0/gems/redis-3.0.7/lib/redis/client.rb:190:in `process'
	from /root/.rbenv/versions/2.2.1/lib/ruby/gems/2.2.0/gems/redis-3.0.7/lib/redis/client.rb:96:in `call'
	from /root/.rbenv/versions/2.2.1/lib/ruby/gems/2.2.0/gems/redis-3.0.7/lib/redis.rb:676:in `block in set'
	from /root/.rbenv/versions/2.2.1/lib/ruby/gems/2.2.0/gems/redis-3.0.7/lib/redis.rb:37:in `block in synchronize'
	from /root/.rbenv/versions/2.2.1/lib/ruby/2.2.0/monitor.rb:211:in `mon_synchronize'
	from /root/.rbenv/versions/2.2.1/lib/ruby/gems/2.2.0/gems/redis-3.0.7/lib/redis.rb:37:in `synchronize'
	from /root/.rbenv/versions/2.2.1/lib/ruby/gems/2.2.0/gems/redis-3.0.7/lib/redis.rb:672:in `set'
	from /root/.rbenv/versions/2.2.1/lib/ruby/gems/2.2.0/gems/redis-store-1.1.4/lib/redis/store/interface.rb:9:in `set'
	from /root/.rbenv/versions/2.2.1/lib/ruby/gems/2.2.0/gems/redis-store-1.1.4/lib/redis/store/ttl.rb:8:in `set'
	from /root/.rbenv/versions/2.2.1/lib/ruby/gems/2.2.0/gems/redis-store-1.1.4/lib/redis/store/marshalling.rb:5:in `block in set'
	from /root/.rbenv/versions/2.2.1/lib/ruby/gems/2.2.0/gems/redis-store-1.1.4/lib/redis/store/marshalling.rb:29:in `_marshal'
	from /root/.rbenv/versions/2.2.1/lib/ruby/gems/2.2.0/gems/redis-store-1.1.4/lib/redis/store/marshalling.rb:5:in `set'
	from /root/.rbenv/versions/2.2.1/lib/ruby/gems/2.2.0/gems/redis-activesupport-4.0.0/lib/active_support/cache/redis_store.rb:163:in `write_entry'
	from /root/.rbenv/versions/2.2.1/lib/ruby/gems/2.2.0/gems/redis-activesupport-4.0.0/lib/active_support/cache/redis_store.rb:36:in `block in write'
	from /root/.rbenv/versions/2.2.1/lib/ruby/gems/2.2.0/gems/activesupport-4.0.12/lib/active_support/cache.rb:519:in `instrument'
	from /root/.rbenv/versions/2.2.1/lib/ruby/gems/2.2.0/gems/redis-activesupport-4.0.0/lib/active_support/cache/redis_store.rb:34:in `write'
	from /root/coinroots/app/models/currency.rb:54:in `refresh_balance'
	from /root/coinroots/lib/daemons/hot_wallets.rb:19:in `block in <top (required)>'
	from /root/coinroots/lib/daemons/hot_wallets.rb:18:in `each'
	from /root/coinroots/lib/daemons/hot_wallets.rb:18:in `<top (required)>'
	from /root/.rbenv/versions/2.2.1/lib/ruby/gems/2.2.0/gems/daemons-1.1.9/lib/daemons/application.rb:203:in `load'
	from /root/.rbenv/versions/2.2.1/lib/ruby/gems/2.2.0/gems/daemons-1.1.9/lib/daemons/application.rb:203:in `start_load'
	from /root/.rbenv/versions/2.2.1/lib/ruby/gems/2.2.0/gems/daemons-1.1.9/lib/daemons/application.rb:298:in `start'
	from /root/.rbenv/versions/2.2.1/lib/ruby/gems/2.2.0/gems/daemons-1.1.9/lib/daemons/controller.rb:70:in `run'
	from /root/.rbenv/versions/2.2.1/lib/ruby/gems/2.2.0/gems/daemons-1.1.9/lib/daemons.rb:147:in `block in run'
	from /root/.rbenv/versions/2.2.1/lib/ruby/gems/2.2.0/gems/daemons-1.1.9/lib/daemons/cmdline.rb:109:in `call'
	from /root/.rbenv/versions/2.2.1/lib/ruby/gems/2.2.0/gems/daemons-1.1.9/lib/daemons/cmdline.rb:109:in `catch_exceptions'
	from /root/.rbenv/versions/2.2.1/lib/ruby/gems/2.2.0/gems/daemons-1.1.9/lib/daemons.rb:146:in `run'
	from /root/.rbenv/versions/2.2.1/lib/ruby/gems/2.2.0/gems/daemons-rails-1.2.1/lib/daemons/rails.rb:16:in `run'
	from lib/daemons/hot_wallets_ctl:6:in `<main>'
