peatio:amqp:order_processor:1: process with pid 11905 started.
I, [2016-11-19T12:40:09.063784 #11905]  INFO -- : Connected to AMQP broker (prefetch: 5)
I, [2016-11-19T12:40:14.368633 #11905]  INFO -- : Cancel queue size: 0
I, [2016-11-19T12:40:19.369194 #11905]  INFO -- : Cancel queue size: 0
I, [2016-11-19T12:40:24.369414 #11905]  INFO -- : Cancel queue size: 0
I, [2016-11-19T12:40:30.099462 #11905]  INFO -- : Cancel queue size: 0
I, [2016-11-19T12:40:37.027959 #11905]  INFO -- : Cancel queue size: 0
I, [2016-11-19T12:40:42.758833 #11905]  INFO -- : Cancel queue size: 0
I, [2016-11-19T12:40:49.258904 #11905]  INFO -- : Cancel queue size: 0
I, [2016-11-19T12:40:57.064269 #11905]  INFO -- : Cancel queue size: 0
I, [2016-11-19T12:41:04.980800 #11905]  INFO -- : Cancel queue size: 0
I, [2016-11-19T12:41:12.538367 #11905]  INFO -- : Cancel queue size: 0
I, [2016-11-19T12:41:22.148453 #11905]  INFO -- : Cancel queue size: 0
I, [2016-11-19T12:41:29.163614 #11905]  INFO -- : Cancel queue size: 0
I, [2016-11-19T12:41:41.604250 #11905]  INFO -- : Cancel queue size: 0
I, [2016-11-19T12:41:47.479025 #11905]  INFO -- : Cancel queue size: 0
I, [2016-11-19T12:41:52.977774 #11905]  INFO -- : Cancel queue size: 0
I, [2016-11-19T12:42:00.343489 #11905]  INFO -- : Cancel queue size: 0
I, [2016-11-19T12:42:08.950391 #11905]  INFO -- : Cancel queue size: 0
I, [2016-11-19T12:42:20.643011 #11905]  INFO -- : Cancel queue size: 0
I, [2016-11-19T12:42:29.034675 #11905]  INFO -- : Cancel queue size: 0
I, [2016-11-19T12:42:35.314654 #11905]  INFO -- : Cancel queue size: 0
I, [2016-11-19T12:42:44.095982 #11905]  INFO -- : Cancel queue size: 0
I, [2016-11-19T12:42:53.951395 #11905]  INFO -- : Cancel queue size: 0
I, [2016-11-19T12:43:01.200095 #11905]  INFO -- : Cancel queue size: 0
I, [2016-11-19T12:43:08.925087 #11905]  INFO -- : Cancel queue size: 0
I, [2016-11-19T12:43:21.627732 #11905]  INFO -- : Cancel queue size: 0
I, [2016-11-19T12:43:34.969183 #11905]  INFO -- : Cancel queue size: 0
I, [2016-11-19T12:43:40.932522 #11905]  INFO -- : Cancel queue size: 0
I, [2016-11-19T12:43:50.038513 #11905]  INFO -- : Cancel queue size: 0
I, [2016-11-19T12:43:59.368292 #11905]  INFO -- : Cancel queue size: 0
I, [2016-11-19T12:44:09.807885 #11905]  INFO -- : Cancel queue size: 0
I, [2016-11-19T12:44:18.603095 #11905]  INFO -- : Cancel queue size: 0
I, [2016-11-19T12:44:27.072971 #11905]  INFO -- : Cancel queue size: 0
I, [2016-11-19T12:44:34.970762 #11905]  INFO -- : Cancel queue size: 0
I, [2016-11-19T12:44:43.303586 #11905]  INFO -- : Cancel queue size: 0
I, [2016-11-19T12:44:52.097724 #11905]  INFO -- : Cancel queue size: 0
I, [2016-11-19T12:45:01.205552 #11905]  INFO -- : Cancel queue size: 0
I, [2016-11-19T12:45:10.194103 #11905]  INFO -- : Cancel queue size: 0
I, [2016-11-19T12:45:23.026286 #11905]  INFO -- : Cancel queue size: 0
I, [2016-11-19T12:45:37.256690 #11905]  INFO -- : Cancel queue size: 0
I, [2016-11-19T12:45:44.944239 #11905]  INFO -- : Cancel queue size: 0
I, [2016-11-19T12:45:52.947312 #11905]  INFO -- : Cancel queue size: 0
I, [2016-11-19T12:46:01.387124 #11905]  INFO -- : Cancel queue size: 0
I, [2016-11-19T12:46:09.533681 #11905]  INFO -- : Cancel queue size: 0
I, [2016-11-19T12:46:21.911135 #11905]  INFO -- : Cancel queue size: 0
I, [2016-11-19T12:46:30.233559 #11905]  INFO -- : Cancel queue size: 0
I, [2016-11-19T12:46:40.261837 #11905]  INFO -- : Cancel queue size: 0
I, [2016-11-19T12:46:50.459636 #11905]  INFO -- : Cancel queue size: 0
I, [2016-11-19T12:47:00.367726 #11905]  INFO -- : Cancel queue size: 0
I, [2016-11-19T12:47:07.432974 #11905]  INFO -- : Cancel queue size: 0
I, [2016-11-19T12:47:19.189038 #11905]  INFO -- : Cancel queue size: 0
I, [2016-11-19T12:47:31.338446 #11905]  INFO -- : Cancel queue size: 0
I, [2016-11-19T12:47:39.367554 #11905]  INFO -- : Cancel queue size: 0
I, [2016-11-19T12:47:47.533104 #11905]  INFO -- : Cancel queue size: 0
I, [2016-11-19T12:47:56.738303 #11905]  INFO -- : Cancel queue size: 0
I, [2016-11-19T12:48:02.335103 #11905]  INFO -- : Cancel queue size: 0
I, [2016-11-19T12:48:12.345515 #11905]  INFO -- : Cancel queue size: 0
I, [2016-11-19T12:48:21.736063 #11905]  INFO -- : Cancel queue size: 0
I, [2016-11-19T12:48:27.896224 #11905]  INFO -- : Cancel queue size: 0
I, [2016-11-19T12:48:36.438465 #11905]  INFO -- : Cancel queue size: 0
I, [2016-11-19T12:48:44.002804 #11905]  INFO -- : Cancel queue size: 0
I, [2016-11-19T12:48:51.753047 #11905]  INFO -- : Cancel queue size: 0
I, [2016-11-19T12:48:58.545523 #11905]  INFO -- : Cancel queue size: 0
I, [2016-11-19T12:49:06.970015 #11905]  INFO -- : Cancel queue size: 0
I, [2016-11-19T12:49:17.464683 #11905]  INFO -- : Cancel queue size: 0
I, [2016-11-19T12:49:25.341361 #11905]  INFO -- : Cancel queue size: 0
I, [2016-11-19T12:49:34.322915 #11905]  INFO -- : Cancel queue size: 0
I, [2016-11-19T12:49:44.990967 #11905]  INFO -- : Cancel queue size: 0
I, [2016-11-19T12:49:52.810660 #11905]  INFO -- : Cancel queue size: 0
I, [2016-11-19T12:49:58.867029 #11905]  INFO -- : Cancel queue size: 0
I, [2016-11-19T12:50:04.995684 #11905]  INFO -- : Cancel queue size: 0
I, [2016-11-19T12:50:13.714730 #11905]  INFO -- : Cancel queue size: 0
I, [2016-11-19T12:50:23.630082 #11905]  INFO -- : Cancel queue size: 0
I, [2016-11-19T12:50:33.321661 #11905]  INFO -- : Cancel queue size: 0
I, [2016-11-19T12:50:41.353782 #11905]  INFO -- : Cancel queue size: 0
I, [2016-11-19T12:50:49.364665 #11905]  INFO -- : Cancel queue size: 0
I, [2016-11-19T12:50:55.490748 #11905]  INFO -- : Cancel queue size: 0
I, [2016-11-19T12:51:06.476663 #11905]  INFO -- : Cancel queue size: 0
I, [2016-11-19T12:51:13.708884 #11905]  INFO -- : Cancel queue size: 0
I, [2016-11-19T12:51:22.555021 #11905]  INFO -- : Cancel queue size: 0
I, [2016-11-19T12:51:30.466476 #11905]  INFO -- : Cancel queue size: 0
I, [2016-11-19T12:51:40.169213 #11905]  INFO -- : Cancel queue size: 0
I, [2016-11-19T12:51:45.713974 #11905]  INFO -- : Cancel queue size: 0
I, [2016-11-19T12:51:52.000059 #11905]  INFO -- : Cancel queue size: 0
I, [2016-11-19T12:51:58.413166 #11905]  INFO -- : Cancel queue size: 0
I, [2016-11-19T12:52:09.042237 #11905]  INFO -- : Cancel queue size: 0
I, [2016-11-19T12:52:19.788569 #11905]  INFO -- : Cancel queue size: 0
I, [2016-11-19T12:52:28.668518 #11905]  INFO -- : Cancel queue size: 0
I, [2016-11-19T12:52:43.894690 #11905]  INFO -- : Cancel queue size: 0
I, [2016-11-19T12:52:54.170725 #11905]  INFO -- : Cancel queue size: 0
I, [2016-11-19T12:53:02.009468 #11905]  INFO -- : Cancel queue size: 0
I, [2016-11-19T12:53:08.750648 #11905]  INFO -- : Cancel queue size: 0
I, [2016-11-19T12:53:16.095738 #11905]  INFO -- : Cancel queue size: 0
I, [2016-11-19T12:53:25.228442 #11905]  INFO -- : Cancel queue size: 0
I, [2016-11-19T12:53:35.126204 #11905]  INFO -- : Cancel queue size: 0
I, [2016-11-19T12:53:42.829163 #11905]  INFO -- : Cancel queue size: 0
I, [2016-11-19T12:53:58.731124 #11905]  INFO -- : Cancel queue size: 0
I, [2016-11-19T12:54:06.984791 #11905]  INFO -- : Cancel queue size: 0
I, [2016-11-19T12:54:14.173317 #11905]  INFO -- : Cancel queue size: 0
I, [2016-11-19T12:54:25.489521 #11905]  INFO -- : Cancel queue size: 0
I, [2016-11-19T12:54:31.722253 #11905]  INFO -- : Cancel queue size: 0
I, [2016-11-19T12:54:39.058808 #11905]  INFO -- : Cancel queue size: 0
I, [2016-11-19T12:54:45.125829 #11905]  INFO -- : Cancel queue size: 0
I, [2016-11-19T12:54:52.284813 #11905]  INFO -- : Cancel queue size: 0
I, [2016-11-19T12:54:59.716532 #11905]  INFO -- : Cancel queue size: 0
I, [2016-11-19T12:55:09.037921 #11905]  INFO -- : Cancel queue size: 0
I, [2016-11-19T12:55:19.465056 #11905]  INFO -- : Cancel queue size: 0
I, [2016-11-19T12:55:26.869017 #11905]  INFO -- : Cancel queue size: 0
I, [2016-11-19T12:55:36.823226 #11905]  INFO -- : Cancel queue size: 0
I, [2016-11-19T12:55:44.258878 #11905]  INFO -- : Cancel queue size: 0
I, [2016-11-19T12:55:52.729988 #11905]  INFO -- : Cancel queue size: 0
I, [2016-11-19T12:55:59.097028 #11905]  INFO -- : Cancel queue size: 0
I, [2016-11-19T12:56:07.673838 #11905]  INFO -- : Cancel queue size: 0
I, [2016-11-19T12:56:19.034639 #11905]  INFO -- : Cancel queue size: 0
I, [2016-11-19T12:56:30.200765 #11905]  INFO -- : Cancel queue size: 0
I, [2016-11-19T12:56:36.795451 #11905]  INFO -- : Cancel queue size: 0
I, [2016-11-19T12:56:43.258631 #11905]  INFO -- : Cancel queue size: 0
I, [2016-11-19T12:56:48.861420 #11905]  INFO -- : Cancel queue size: 0
I, [2016-11-19T12:56:56.548372 #11905]  INFO -- : Cancel queue size: 0
I, [2016-11-19T12:57:04.121678 #11905]  INFO -- : Cancel queue size: 0
I, [2016-11-19T12:57:14.550800 #11905]  INFO -- : Cancel queue size: 0
I, [2016-11-19T12:57:24.275344 #11905]  INFO -- : Cancel queue size: 0
I, [2016-11-19T12:57:33.055652 #11905]  INFO -- : Cancel queue size: 0
I, [2016-11-19T12:57:41.588421 #11905]  INFO -- : Cancel queue size: 0
I, [2016-11-19T12:57:51.573300 #11905]  INFO -- : Cancel queue size: 0
I, [2016-11-19T12:58:00.086153 #11905]  INFO -- : Cancel queue size: 0
I, [2016-11-19T12:58:05.743900 #11905]  INFO -- : Cancel queue size: 0
I, [2016-11-19T12:58:12.349335 #11905]  INFO -- : Cancel queue size: 0
I, [2016-11-19T12:58:22.711274 #11905]  INFO -- : Cancel queue size: 0
I, [2016-11-19T12:58:34.419668 #11905]  INFO -- : Cancel queue size: 0
I, [2016-11-19T12:58:39.518559 #11905]  INFO -- : Cancel queue size: 0
I, [2016-11-19T12:58:48.901920 #11905]  INFO -- : Cancel queue size: 0
I, [2016-11-19T12:59:01.786378 #11905]  INFO -- : Cancel queue size: 0
I, [2016-11-19T12:59:08.164570 #11905]  INFO -- : Cancel queue size: 0
I, [2016-11-19T12:59:15.380566 #11905]  INFO -- : Cancel queue size: 0
I, [2016-11-19T12:59:23.364947 #11905]  INFO -- : Cancel queue size: 0
I, [2016-11-19T12:59:30.225998 #11905]  INFO -- : Cancel queue size: 0
I, [2016-11-19T12:59:35.231829 #11905]  INFO -- : Cancel queue size: 0
I, [2016-11-19T12:59:40.232030 #11905]  INFO -- : Cancel queue size: 0
I, [2016-11-19T12:59:45.234936 #11905]  INFO -- : Cancel queue size: 0
I, [2016-11-19T12:59:50.235128 #11905]  INFO -- : Cancel queue size: 0
I, [2016-11-19T12:59:55.250419 #11905]  INFO -- : Cancel queue size: 0
I, [2016-11-19T13:00:00.294870 #11905]  INFO -- : Cancel queue size: 0
I, [2016-11-19T13:00:05.295064 #11905]  INFO -- : Cancel queue size: 0
I, [2016-11-19T13:00:10.301059 #11905]  INFO -- : Cancel queue size: 0
I, [2016-11-19T13:00:15.320721 #11905]  INFO -- : Cancel queue size: 0
I, [2016-11-19T13:00:20.321038 #11905]  INFO -- : Cancel queue size: 0
I, [2016-11-19T13:00:25.321342 #11905]  INFO -- : Cancel queue size: 0
I, [2016-11-19T13:00:30.331896 #11905]  INFO -- : Cancel queue size: 0
I, [2016-11-19T13:00:35.345477 #11905]  INFO -- : Cancel queue size: 0
I, [2016-11-19T13:00:40.345654 #11905]  INFO -- : Cancel queue size: 0
I, [2016-11-19T13:00:45.345837 #11905]  INFO -- : Cancel queue size: 0
I, [2016-11-19T13:00:50.346023 #11905]  INFO -- : Cancel queue size: 0
I, [2016-11-19T13:00:55.346241 #11905]  INFO -- : Cancel queue size: 0
I, [2016-11-19T13:01:00.346609 #11905]  INFO -- : Cancel queue size: 0
I, [2016-11-19T13:01:05.346863 #11905]  INFO -- : Cancel queue size: 0
I, [2016-11-19T13:01:10.347056 #11905]  INFO -- : Cancel queue size: 0
I, [2016-11-19T13:01:15.347221 #11905]  INFO -- : Cancel queue size: 0
I, [2016-11-19T13:01:20.347415 #11905]  INFO -- : Cancel queue size: 0
I, [2016-11-19T13:01:25.347621 #11905]  INFO -- : Cancel queue size: 0
I, [2016-11-19T13:01:30.347821 #11905]  INFO -- : Cancel queue size: 0
I, [2016-11-19T13:01:35.399087 #11905]  INFO -- : Cancel queue size: 0
I, [2016-11-19T13:01:40.399243 #11905]  INFO -- : Cancel queue size: 0
I, [2016-11-19T13:01:45.399401 #11905]  INFO -- : Cancel queue size: 0
I, [2016-11-19T13:01:50.482269 #11905]  INFO -- : Cancel queue size: 0
I, [2016-11-19T13:01:55.482520 #11905]  INFO -- : Cancel queue size: 0
I, [2016-11-19T13:02:00.482771 #11905]  INFO -- : Cancel queue size: 0
I, [2016-11-19T13:02:05.483037 #11905]  INFO -- : Cancel queue size: 0
I, [2016-11-19T13:02:10.483279 #11905]  INFO -- : Cancel queue size: 0
/root/.rbenv/versions/2.2.1/lib/ruby/gems/2.2.0/gems/bunny-1.2.1/lib/bunny/consumer_work_pool.rb:55:in `join': Connection-level error: CONNECTION_FORCED - broker forced connection closure with reason 'shutdown' (Bunny::ConnectionForced)
	from /root/.rbenv/versions/2.2.1/lib/ruby/gems/2.2.0/gems/bunny-1.2.1/lib/bunny/consumer_work_pool.rb:55:in `block in join'
	from /root/.rbenv/versions/2.2.1/lib/ruby/gems/2.2.0/gems/bunny-1.2.1/lib/bunny/consumer_work_pool.rb:55:in `each'
	from /root/.rbenv/versions/2.2.1/lib/ruby/gems/2.2.0/gems/bunny-1.2.1/lib/bunny/consumer_work_pool.rb:55:in `join'
	from /root/coinroots/lib/daemons/amqp_daemon.rb:81:in `<top (required)>'
	from /root/.rbenv/versions/2.2.1/lib/ruby/gems/2.2.0/gems/daemons-1.1.9/lib/daemons/application.rb:203:in `load'
	from /root/.rbenv/versions/2.2.1/lib/ruby/gems/2.2.0/gems/daemons-1.1.9/lib/daemons/application.rb:203:in `start_load'
	from /root/.rbenv/versions/2.2.1/lib/ruby/gems/2.2.0/gems/daemons-1.1.9/lib/daemons/application.rb:298:in `start'
	from /root/.rbenv/versions/2.2.1/lib/ruby/gems/2.2.0/gems/daemons-1.1.9/lib/daemons/controller.rb:70:in `run'
	from /root/.rbenv/versions/2.2.1/lib/ruby/gems/2.2.0/gems/daemons-1.1.9/lib/daemons.rb:147:in `block in run'
	from /root/.rbenv/versions/2.2.1/lib/ruby/gems/2.2.0/gems/daemons-1.1.9/lib/daemons/cmdline.rb:109:in `call'
	from /root/.rbenv/versions/2.2.1/lib/ruby/gems/2.2.0/gems/daemons-1.1.9/lib/daemons/cmdline.rb:109:in `catch_exceptions'
	from /root/.rbenv/versions/2.2.1/lib/ruby/gems/2.2.0/gems/daemons-1.1.9/lib/daemons.rb:146:in `run'
	from /root/.rbenv/versions/2.2.1/lib/ruby/gems/2.2.0/gems/daemons-rails-1.2.1/lib/daemons/rails.rb:16:in `run'
	from lib/daemons/order_processor_ctl:17:in `block in <main>'
	from lib/daemons/order_processor_ctl:7:in `times'
	from lib/daemons/order_processor_ctl:7:in `<main>'
peatio:amqp:order_processor:1: process with pid 14429 started.
I, [2016-11-20T06:12:25.848931 #14429]  INFO -- : Connected to AMQP broker (prefetch: 5)
I, [2016-11-20T06:12:30.854987 #14429]  INFO -- : Cancel queue size: 0
I, [2016-11-20T06:12:35.855180 #14429]  INFO -- : Cancel queue size: 0
I, [2016-11-20T06:12:41.126107 #14429]  INFO -- : Cancel queue size: 0
I, [2016-11-20T06:12:46.126278 #14429]  INFO -- : Cancel queue size: 0
I, [2016-11-20T06:12:51.126470 #14429]  INFO -- : Cancel queue size: 0
I, [2016-11-20T06:12:56.222390 #14429]  INFO -- : Cancel queue size: 0
I, [2016-11-20T06:13:01.222716 #14429]  INFO -- : Cancel queue size: 0
I, [2016-11-20T06:13:06.494139 #14429]  INFO -- : Cancel queue size: 0
I, [2016-11-20T06:13:11.589169 #14429]  INFO -- : Cancel queue size: 0
I, [2016-11-20T06:13:17.565850 #14429]  INFO -- : Cancel queue size: 0
I, [2016-11-20T06:13:22.688560 #14429]  INFO -- : Cancel queue size: 0
I, [2016-11-20T06:13:29.364791 #14429]  INFO -- : Cancel queue size: 0
I, [2016-11-20T06:13:34.751405 #14429]  INFO -- : Cancel queue size: 0
I, [2016-11-20T06:13:39.910953 #14429]  INFO -- : Cancel queue size: 0
I, [2016-11-20T06:13:44.978995 #14429]  INFO -- : Cancel queue size: 0
I, [2016-11-20T06:13:49.995341 #14429]  INFO -- : Cancel queue size: 0
I, [2016-11-20T06:13:55.773959 #14429]  INFO -- : Cancel queue size: 0
I, [2016-11-20T06:14:01.548240 #14429]  INFO -- : Cancel queue size: 0
I, [2016-11-20T06:14:07.912298 #14429]  INFO -- : Cancel queue size: 0
I, [2016-11-20T06:14:14.507148 #14429]  INFO -- : Cancel queue size: 0
I, [2016-11-20T06:14:20.762414 #14429]  INFO -- : Cancel queue size: 0
I, [2016-11-20T06:14:27.001635 #14429]  INFO -- : Cancel queue size: 0
I, [2016-11-20T06:14:33.201432 #14429]  INFO -- : Cancel queue size: 0
I, [2016-11-20T06:14:41.301867 #14429]  INFO -- : Cancel queue size: 0
I, [2016-11-20T06:14:56.685239 #14429]  INFO -- : Cancel queue size: 0
I, [2016-11-20T06:15:03.019187 #14429]  INFO -- : Cancel queue size: 0
I, [2016-11-20T06:15:12.178496 #14429]  INFO -- : Cancel queue size: 0
I, [2016-11-20T06:15:24.283653 #14429]  INFO -- : Cancel queue size: 0
I, [2016-11-20T06:15:32.909079 #14429]  INFO -- : Cancel queue size: 0
I, [2016-11-20T06:15:43.577985 #14429]  INFO -- : Cancel queue size: 0
I, [2016-11-20T06:15:50.241028 #14429]  INFO -- : Cancel queue size: 0
I, [2016-11-20T06:15:56.448657 #14429]  INFO -- : Cancel queue size: 0
I, [2016-11-20T06:16:04.277057 #14429]  INFO -- : Cancel queue size: 0
I, [2016-11-20T06:16:11.582540 #14429]  INFO -- : Cancel queue size: 0
I, [2016-11-20T06:16:17.888243 #14429]  INFO -- : Cancel queue size: 0
I, [2016-11-20T06:16:24.713851 #14429]  INFO -- : Cancel queue size: 0
I, [2016-11-20T06:16:31.952576 #14429]  INFO -- : Cancel queue size: 0
I, [2016-11-20T06:16:39.502491 #14429]  INFO -- : Cancel queue size: 0
I, [2016-11-20T06:16:49.916262 #14429]  INFO -- : Cancel queue size: 0
I, [2016-11-20T06:16:56.117915 #14429]  INFO -- : Cancel queue size: 0
I, [2016-11-20T06:17:03.535718 #14429]  INFO -- : Cancel queue size: 0
I, [2016-11-20T06:17:11.473479 #14429]  INFO -- : Cancel queue size: 0
I, [2016-11-20T06:17:22.227264 #14429]  INFO -- : Cancel queue size: 0
I, [2016-11-20T06:17:31.574644 #14429]  INFO -- : Cancel queue size: 0
I, [2016-11-20T06:17:41.918035 #14429]  INFO -- : Cancel queue size: 0
I, [2016-11-20T06:17:52.681754 #14429]  INFO -- : Cancel queue size: 0
I, [2016-11-20T06:18:00.714085 #14429]  INFO -- : Cancel queue size: 0
I, [2016-11-20T06:18:10.699454 #14429]  INFO -- : Cancel queue size: 0
I, [2016-11-20T06:18:22.624485 #14429]  INFO -- : Cancel queue size: 0
I, [2016-11-20T06:18:28.479934 #14429]  INFO -- : Cancel queue size: 0
I, [2016-11-20T06:18:34.697147 #14429]  INFO -- : Cancel queue size: 0
I, [2016-11-20T06:18:42.964296 #14429]  INFO -- : Cancel queue size: 0
I, [2016-11-20T06:18:53.258604 #14429]  INFO -- : Cancel queue size: 0
I, [2016-11-20T06:19:02.871557 #14429]  INFO -- : Cancel queue size: 0
I, [2016-11-20T06:19:10.679244 #14429]  INFO -- : Cancel queue size: 0
I, [2016-11-20T06:19:19.869370 #14429]  INFO -- : Cancel queue size: 0
I, [2016-11-20T06:19:26.075684 #14429]  INFO -- : Cancel queue size: 0
I, [2016-11-20T06:19:35.209910 #14429]  INFO -- : Cancel queue size: 0
I, [2016-11-20T06:19:40.210163 #14429]  INFO -- : Cancel queue size: 0
I, [2016-11-20T06:19:45.210388 #14429]  INFO -- : Cancel queue size: 0
I, [2016-11-20T06:19:50.210628 #14429]  INFO -- : Cancel queue size: 0
I, [2016-11-20T06:19:55.741696 #14429]  INFO -- : Cancel queue size: 0
I, [2016-11-20T06:20:01.100625 #14429]  INFO -- : Cancel queue size: 0
I, [2016-11-20T06:20:09.534963 #14429]  INFO -- : Cancel queue size: 0
I, [2016-11-20T06:20:15.263028 #14429]  INFO -- : Cancel queue size: 0
I, [2016-11-20T06:20:23.861241 #14429]  INFO -- : Cancel queue size: 0
I, [2016-11-20T06:20:32.585877 #14429]  INFO -- : Cancel queue size: 0
I, [2016-11-20T06:20:39.345365 #14429]  INFO -- : Cancel queue size: 0
I, [2016-11-20T06:20:48.510543 #14429]  INFO -- : Cancel queue size: 0
I, [2016-11-20T06:20:54.666237 #14429]  INFO -- : Cancel queue size: 0
I, [2016-11-20T06:21:04.589070 #14429]  INFO -- : Cancel queue size: 0
I, [2016-11-20T06:21:09.901069 #14429]  INFO -- : Cancel queue size: 0
I, [2016-11-20T06:21:17.180371 #14429]  INFO -- : Cancel queue size: 0
I, [2016-11-20T06:21:25.150048 #14429]  INFO -- : Cancel queue size: 0
I, [2016-11-20T06:21:31.423606 #14429]  INFO -- : Cancel queue size: 0
I, [2016-11-20T06:21:38.863856 #14429]  INFO -- : Cancel queue size: 0
I, [2016-11-20T06:21:52.740508 #14429]  INFO -- : Cancel queue size: 0
I, [2016-11-20T06:22:01.537214 #14429]  INFO -- : Cancel queue size: 0
I, [2016-11-20T06:22:07.129746 #14429]  INFO -- : Cancel queue size: 0
I, [2016-11-20T06:22:13.352918 #14429]  INFO -- : Cancel queue size: 0
I, [2016-11-20T06:22:18.780831 #14429]  INFO -- : Cancel queue size: 0
I, [2016-11-20T06:22:26.518991 #14429]  INFO -- : Cancel queue size: 0
I, [2016-11-20T06:22:36.211837 #14429]  INFO -- : Cancel queue size: 0
I, [2016-11-20T06:22:43.861949 #14429]  INFO -- : Cancel queue size: 0
I, [2016-11-20T06:22:53.854958 #14429]  INFO -- : Cancel queue size: 0
I, [2016-11-20T06:23:01.195789 #14429]  INFO -- : Cancel queue size: 0
I, [2016-11-20T06:23:06.213547 #14429]  INFO -- : Cancel queue size: 0
I, [2016-11-20T06:23:11.296737 #14429]  INFO -- : Cancel queue size: 0
I, [2016-11-20T06:23:17.194663 #14429]  INFO -- : Cancel queue size: 0
I, [2016-11-20T06:23:26.067829 #14429]  INFO -- : Cancel queue size: 0
I, [2016-11-20T06:23:31.423870 #14429]  INFO -- : Cancel queue size: 0
I, [2016-11-20T06:23:36.436739 #14429]  INFO -- : Cancel queue size: 0
I, [2016-11-20T06:23:44.829912 #14429]  INFO -- : Cancel queue size: 0
I, [2016-11-20T06:23:51.370741 #14429]  INFO -- : Cancel queue size: 0
I, [2016-11-20T06:24:01.016531 #14429]  INFO -- : Cancel queue size: 0
I, [2016-11-20T06:24:06.743146 #14429]  INFO -- : Cancel queue size: 0
I, [2016-11-20T06:24:11.926893 #14429]  INFO -- : Cancel queue size: 0
I, [2016-11-20T06:24:17.635020 #14429]  INFO -- : Cancel queue size: 0
I, [2016-11-20T06:24:25.900018 #14429]  INFO -- : Cancel queue size: 0
I, [2016-11-20T06:24:34.417510 #14429]  INFO -- : Cancel queue size: 0
I, [2016-11-20T06:24:40.952739 #14429]  INFO -- : Cancel queue size: 0
I, [2016-11-20T06:24:47.843727 #14429]  INFO -- : Cancel queue size: 0
I, [2016-11-20T06:24:54.376417 #14429]  INFO -- : Cancel queue size: 0
I, [2016-11-20T06:25:01.177877 #14429]  INFO -- : Cancel queue size: 0
I, [2016-11-20T06:25:06.911614 #14429]  INFO -- : Cancel queue size: 0
I, [2016-11-20T06:25:14.417809 #14429]  INFO -- : Cancel queue size: 0
I, [2016-11-20T06:25:22.787149 #14429]  INFO -- : Cancel queue size: 0
I, [2016-11-20T06:25:31.615499 #14429]  INFO -- : Cancel queue size: 0
I, [2016-11-20T06:25:40.435943 #14429]  INFO -- : Cancel queue size: 0
I, [2016-11-20T06:25:53.572407 #14429]  INFO -- : Cancel queue size: 0
I, [2016-11-20T06:26:01.188727 #14429]  INFO -- : Cancel queue size: 0
I, [2016-11-20T06:26:07.198184 #14429]  INFO -- : Cancel queue size: 0
I, [2016-11-20T06:26:15.279625 #14429]  INFO -- : Cancel queue size: 0
I, [2016-11-20T06:26:24.107192 #14429]  INFO -- : Cancel queue size: 0
I, [2016-11-20T06:26:30.208476 #14429]  INFO -- : Cancel queue size: 0
I, [2016-11-20T06:26:38.653008 #14429]  INFO -- : Cancel queue size: 0
I, [2016-11-20T06:26:44.557330 #14429]  INFO -- : Cancel queue size: 0
I, [2016-11-20T06:26:50.819694 #14429]  INFO -- : Cancel queue size: 0
I, [2016-11-20T06:27:03.196700 #14429]  INFO -- : Cancel queue size: 0
I, [2016-11-20T06:27:09.996572 #14429]  INFO -- : Cancel queue size: 0
I, [2016-11-20T06:27:15.931671 #14429]  INFO -- : Cancel queue size: 0
I, [2016-11-20T06:27:25.632945 #14429]  INFO -- : Cancel queue size: 0
I, [2016-11-20T06:27:37.284355 #14429]  INFO -- : Cancel queue size: 0
I, [2016-11-20T06:27:46.490917 #14429]  INFO -- : Cancel queue size: 0
I, [2016-11-20T06:27:54.185437 #14429]  INFO -- : Cancel queue size: 0
I, [2016-11-20T06:28:00.944250 #14429]  INFO -- : Cancel queue size: 0
I, [2016-11-20T06:28:07.730415 #14429]  INFO -- : Cancel queue size: 0
I, [2016-11-20T06:28:16.986990 #14429]  INFO -- : Cancel queue size: 0
I, [2016-11-20T06:28:27.393419 #14429]  INFO -- : Cancel queue size: 0
I, [2016-11-20T06:28:34.635862 #14429]  INFO -- : Cancel queue size: 0
I, [2016-11-20T06:28:41.418852 #14429]  INFO -- : Cancel queue size: 0
I, [2016-11-20T06:28:49.493686 #14429]  INFO -- : Cancel queue size: 0
I, [2016-11-20T06:28:57.654578 #14429]  INFO -- : Cancel queue size: 0
I, [2016-11-20T06:29:04.411745 #14429]  INFO -- : Cancel queue size: 0
I, [2016-11-20T06:29:10.649017 #14429]  INFO -- : Cancel queue size: 0
I, [2016-11-20T06:29:17.856034 #14429]  INFO -- : Cancel queue size: 0
I, [2016-11-20T06:29:26.686419 #14429]  INFO -- : Cancel queue size: 0
I, [2016-11-20T06:29:35.674004 #14429]  INFO -- : Cancel queue size: 0
I, [2016-11-20T06:29:48.448830 #14429]  INFO -- : Cancel queue size: 0
I, [2016-11-20T06:29:57.321140 #14429]  INFO -- : Cancel queue size: 0
I, [2016-11-20T06:30:04.699671 #14429]  INFO -- : Cancel queue size: 0
I, [2016-11-20T06:30:14.019733 #14429]  INFO -- : Cancel queue size: 0
I, [2016-11-20T06:30:21.326751 #14429]  INFO -- : Cancel queue size: 0
I, [2016-11-20T06:30:33.141430 #14429]  INFO -- : Cancel queue size: 0
I, [2016-11-20T06:30:40.694096 #14429]  INFO -- : Cancel queue size: 0
I, [2016-11-20T06:30:49.332661 #14429]  INFO -- : Cancel queue size: 0
I, [2016-11-20T06:31:02.132562 #14429]  INFO -- : Cancel queue size: 0
I, [2016-11-20T06:31:09.222589 #14429]  INFO -- : Cancel queue size: 0
I, [2016-11-20T06:31:20.787688 #14429]  INFO -- : Cancel queue size: 0
I, [2016-11-20T06:31:27.856164 #14429]  INFO -- : Cancel queue size: 0
I, [2016-11-20T06:31:35.780644 #14429]  INFO -- : Cancel queue size: 0
I, [2016-11-20T06:31:43.856932 #14429]  INFO -- : Cancel queue size: 0
I, [2016-11-20T06:31:50.324811 #14429]  INFO -- : Cancel queue size: 0
I, [2016-11-20T06:32:05.727075 #14429]  INFO -- : Cancel queue size: 0
I, [2016-11-20T06:32:14.171214 #14429]  INFO -- : Cancel queue size: 0
I, [2016-11-20T06:32:21.757880 #14429]  INFO -- : Cancel queue size: 0
I, [2016-11-20T06:32:30.934126 #14429]  INFO -- : Cancel queue size: 0
I, [2016-11-20T06:32:39.407611 #14429]  INFO -- : Cancel queue size: 0
I, [2016-11-20T06:32:44.769969 #14429]  INFO -- : Cancel queue size: 0
I, [2016-11-20T06:32:51.120232 #14429]  INFO -- : Cancel queue size: 0
I, [2016-11-20T06:32:58.210131 #14429]  INFO -- : Cancel queue size: 0
I, [2016-11-20T06:33:03.407093 #14429]  INFO -- : Cancel queue size: 0
I, [2016-11-20T06:33:11.760863 #14429]  INFO -- : Cancel queue size: 0
I, [2016-11-20T06:33:17.764021 #14429]  INFO -- : Cancel queue size: 0
I, [2016-11-20T06:33:23.906870 #14429]  INFO -- : Cancel queue size: 0
I, [2016-11-20T06:33:29.313828 #14429]  INFO -- : Cancel queue size: 0
I, [2016-11-20T06:33:35.518196 #14429]  INFO -- : Cancel queue size: 0
I, [2016-11-20T06:33:45.372267 #14429]  INFO -- : Cancel queue size: 0
I, [2016-11-20T06:33:52.546534 #14429]  INFO -- : Cancel queue size: 0
I, [2016-11-20T06:34:02.290812 #14429]  INFO -- : Cancel queue size: 0
peatio:amqp:order_processor:1: process with pid 17388 started.
I, [2016-11-27T17:08:45.047385 #17388]  INFO -- : Connected to AMQP broker (prefetch: 5)
I, [2016-11-27T17:08:50.049294 #17388]  INFO -- : Cancel queue size: 0
I, [2016-11-27T17:08:55.049432 #17388]  INFO -- : Cancel queue size: 0
I, [2016-11-27T17:09:00.049581 #17388]  INFO -- : Cancel queue size: 0
I, [2016-11-27T17:09:05.049776 #17388]  INFO -- : Cancel queue size: 0
I, [2016-11-27T17:09:10.049965 #17388]  INFO -- : Cancel queue size: 0
I, [2016-11-27T17:09:15.050132 #17388]  INFO -- : Cancel queue size: 0
I, [2016-11-27T17:09:20.050277 #17388]  INFO -- : Cancel queue size: 0
I, [2016-11-27T17:09:25.050430 #17388]  INFO -- : Cancel queue size: 0
I, [2016-11-27T17:09:30.050576 #17388]  INFO -- : Cancel queue size: 0
I, [2016-11-27T17:09:35.050721 #17388]  INFO -- : Cancel queue size: 0
I, [2016-11-27T17:09:40.050884 #17388]  INFO -- : Cancel queue size: 0
I, [2016-11-27T17:09:45.051026 #17388]  INFO -- : Cancel queue size: 0
I, [2016-11-27T17:09:50.051177 #17388]  INFO -- : Cancel queue size: 0
I, [2016-11-27T17:09:55.051322 #17388]  INFO -- : Cancel queue size: 0
I, [2016-11-27T17:10:00.051470 #17388]  INFO -- : Cancel queue size: 0
I, [2016-11-27T17:10:05.051639 #17388]  INFO -- : Cancel queue size: 0
I, [2016-11-27T17:10:10.051790 #17388]  INFO -- : Cancel queue size: 0
I, [2016-11-27T17:10:15.051949 #17388]  INFO -- : Cancel queue size: 0
I, [2016-11-27T17:10:20.052160 #17388]  INFO -- : Cancel queue size: 0
I, [2016-11-27T17:10:25.052403 #17388]  INFO -- : Cancel queue size: 0
I, [2016-11-27T17:10:30.052637 #17388]  INFO -- : Cancel queue size: 0
I, [2016-11-27T17:10:35.052882 #17388]  INFO -- : Cancel queue size: 0
I, [2016-11-27T17:10:40.053121 #17388]  INFO -- : Cancel queue size: 0
I, [2016-11-27T17:10:45.053355 #17388]  INFO -- : Cancel queue size: 0
I, [2016-11-27T17:10:50.053595 #17388]  INFO -- : Cancel queue size: 0
I, [2016-11-27T17:10:55.053860 #17388]  INFO -- : Cancel queue size: 0
I, [2016-11-27T17:11:00.054105 #17388]  INFO -- : Cancel queue size: 0
I, [2016-11-27T17:11:05.054354 #17388]  INFO -- : Cancel queue size: 0
I, [2016-11-27T17:11:10.054597 #17388]  INFO -- : Cancel queue size: 0
I, [2016-11-27T17:11:15.054820 #17388]  INFO -- : Cancel queue size: 0
I, [2016-11-27T17:11:20.055068 #17388]  INFO -- : Cancel queue size: 0
I, [2016-11-27T17:11:25.055331 #17388]  INFO -- : Cancel queue size: 0
I, [2016-11-27T17:11:30.055582 #17388]  INFO -- : Cancel queue size: 0
I, [2016-11-27T17:11:35.055827 #17388]  INFO -- : Cancel queue size: 0
I, [2016-11-27T17:11:40.056072 #17388]  INFO -- : Cancel queue size: 0
I, [2016-11-27T17:11:45.056297 #17388]  INFO -- : Cancel queue size: 0
I, [2016-11-27T17:11:50.056587 #17388]  INFO -- : Cancel queue size: 0
I, [2016-11-27T17:11:55.056815 #17388]  INFO -- : Cancel queue size: 0
I, [2016-11-27T17:12:00.057067 #17388]  INFO -- : Cancel queue size: 0
I, [2016-11-27T17:12:05.057313 #17388]  INFO -- : Cancel queue size: 0
I, [2016-11-27T17:12:10.057548 #17388]  INFO -- : Cancel queue size: 0
I, [2016-11-27T17:12:15.057786 #17388]  INFO -- : Cancel queue size: 0
I, [2016-11-27T17:12:20.058036 #17388]  INFO -- : Cancel queue size: 0
I, [2016-11-27T17:12:25.058280 #17388]  INFO -- : Cancel queue size: 0
I, [2016-11-27T17:12:30.058532 #17388]  INFO -- : Cancel queue size: 0
I, [2016-11-27T17:12:35.058776 #17388]  INFO -- : Cancel queue size: 0
I, [2016-11-27T17:12:40.059017 #17388]  INFO -- : Cancel queue size: 0
I, [2016-11-27T17:12:45.059275 #17388]  INFO -- : Cancel queue size: 0
I, [2016-11-27T17:12:50.059521 #17388]  INFO -- : Cancel queue size: 0
I, [2016-11-27T17:12:55.059774 #17388]  INFO -- : Cancel queue size: 0
I, [2016-11-27T17:13:00.060021 #17388]  INFO -- : Cancel queue size: 0
I, [2016-11-27T17:13:05.060287 #17388]  INFO -- : Cancel queue size: 0
I, [2016-11-27T17:13:10.060514 #17388]  INFO -- : Cancel queue size: 0
I, [2016-11-27T17:13:15.060751 #17388]  INFO -- : Cancel queue size: 0
I, [2016-11-27T17:13:20.061039 #17388]  INFO -- : Cancel queue size: 0
I, [2016-11-27T17:13:25.061286 #17388]  INFO -- : Cancel queue size: 0
I, [2016-11-27T17:13:30.061531 #17388]  INFO -- : Cancel queue size: 0
I, [2016-11-27T17:13:35.061757 #17388]  INFO -- : Cancel queue size: 0
I, [2016-11-27T17:13:40.062004 #17388]  INFO -- : Cancel queue size: 0
I, [2016-11-27T17:13:45.062248 #17388]  INFO -- : Cancel queue size: 0
I, [2016-11-27T17:13:50.062464 #17388]  INFO -- : Cancel queue size: 0
I, [2016-11-27T17:13:55.062700 #17388]  INFO -- : Cancel queue size: 0
I, [2016-11-27T17:14:00.062954 #17388]  INFO -- : Cancel queue size: 0
I, [2016-11-27T17:14:05.063197 #17388]  INFO -- : Cancel queue size: 0
I, [2016-11-27T17:14:10.063435 #17388]  INFO -- : Cancel queue size: 0
I, [2016-11-27T17:14:15.063682 #17388]  INFO -- : Cancel queue size: 0
I, [2016-11-27T17:14:20.063927 #17388]  INFO -- : Cancel queue size: 0
I, [2016-11-27T17:14:25.064168 #17388]  INFO -- : Cancel queue size: 0
I, [2016-11-27T17:14:30.064412 #17388]  INFO -- : Cancel queue size: 0
I, [2016-11-27T17:14:35.064637 #17388]  INFO -- : Cancel queue size: 0
I, [2016-11-27T17:14:40.064883 #17388]  INFO -- : Cancel queue size: 0
I, [2016-11-27T17:14:45.065126 #17388]  INFO -- : Cancel queue size: 0
I, [2016-11-27T17:14:50.065375 #17388]  INFO -- : Cancel queue size: 0
I, [2016-11-27T17:14:55.065633 #17388]  INFO -- : Cancel queue size: 0
I, [2016-11-27T17:15:00.065895 #17388]  INFO -- : Cancel queue size: 0
I, [2016-11-27T17:15:05.066137 #17388]  INFO -- : Cancel queue size: 0
I, [2016-11-27T17:15:10.066407 #17388]  INFO -- : Cancel queue size: 0
I, [2016-11-27T17:15:15.066648 #17388]  INFO -- : Cancel queue size: 0
I, [2016-11-27T17:15:20.066902 #17388]  INFO -- : Cancel queue size: 0
I, [2016-11-27T17:15:25.067174 #17388]  INFO -- : Cancel queue size: 0
I, [2016-11-27T17:15:30.067401 #17388]  INFO -- : Cancel queue size: 0
I, [2016-11-27T17:15:35.067642 #17388]  INFO -- : Cancel queue size: 0
I, [2016-11-27T17:15:40.067891 #17388]  INFO -- : Cancel queue size: 0
I, [2016-11-27T17:15:45.068124 #17388]  INFO -- : Cancel queue size: 0
I, [2016-11-27T17:15:50.068363 #17388]  INFO -- : Cancel queue size: 0
I, [2016-11-27T17:15:55.068610 #17388]  INFO -- : Cancel queue size: 0
I, [2016-11-27T17:16:00.068848 #17388]  INFO -- : Cancel queue size: 0
I, [2016-11-27T17:16:05.069084 #17388]  INFO -- : Cancel queue size: 0
I, [2016-11-27T17:16:10.069350 #17388]  INFO -- : Cancel queue size: 0
I, [2016-11-27T17:16:15.069607 #17388]  INFO -- : Cancel queue size: 0
I, [2016-11-27T17:16:20.069856 #17388]  INFO -- : Cancel queue size: 0
I, [2016-11-27T17:16:25.070098 #17388]  INFO -- : Cancel queue size: 0
I, [2016-11-27T17:16:30.070411 #17388]  INFO -- : Cancel queue size: 0
I, [2016-11-27T17:16:35.070632 #17388]  INFO -- : Cancel queue size: 0
I, [2016-11-27T17:16:40.070874 #17388]  INFO -- : Cancel queue size: 0
I, [2016-11-27T17:16:45.071111 #17388]  INFO -- : Cancel queue size: 0
I, [2016-11-27T17:16:50.071381 #17388]  INFO -- : Cancel queue size: 0
I, [2016-11-27T17:16:55.071622 #17388]  INFO -- : Cancel queue size: 0
I, [2016-11-27T17:17:00.071874 #17388]  INFO -- : Cancel queue size: 0
I, [2016-11-27T17:17:05.072123 #17388]  INFO -- : Cancel queue size: 0
I, [2016-11-27T17:17:10.072367 #17388]  INFO -- : Cancel queue size: 0
I, [2016-11-27T17:17:15.072624 #17388]  INFO -- : Cancel queue size: 0
I, [2016-11-27T17:17:20.072869 #17388]  INFO -- : Cancel queue size: 0
I, [2016-11-27T17:17:25.073116 #17388]  INFO -- : Cancel queue size: 0
I, [2016-11-27T17:17:30.073364 #17388]  INFO -- : Cancel queue size: 0
I, [2016-11-27T17:17:35.073608 #17388]  INFO -- : Cancel queue size: 0
I, [2016-11-27T17:17:40.073852 #17388]  INFO -- : Cancel queue size: 0
I, [2016-11-27T17:17:45.074102 #17388]  INFO -- : Cancel queue size: 0
I, [2016-11-27T17:17:50.074339 #17388]  INFO -- : Cancel queue size: 0
I, [2016-11-27T17:17:55.074584 #17388]  INFO -- : Cancel queue size: 0
I, [2016-11-27T17:18:00.074839 #17388]  INFO -- : Cancel queue size: 0
I, [2016-11-27T17:18:05.075090 #17388]  INFO -- : Cancel queue size: 0
I, [2016-11-27T17:18:10.075357 #17388]  INFO -- : Cancel queue size: 0
I, [2016-11-27T17:18:15.075608 #17388]  INFO -- : Cancel queue size: 0
I, [2016-11-27T17:18:20.075856 #17388]  INFO -- : Cancel queue size: 0
I, [2016-11-27T17:18:25.076090 #17388]  INFO -- : Cancel queue size: 0
I, [2016-11-27T17:18:30.076335 #17388]  INFO -- : Cancel queue size: 0
I, [2016-11-27T17:18:35.076569 #17388]  INFO -- : Cancel queue size: 0
I, [2016-11-27T17:18:40.076805 #17388]  INFO -- : Cancel queue size: 0
I, [2016-11-27T17:18:45.077043 #17388]  INFO -- : Cancel queue size: 0
I, [2016-11-27T17:18:50.077284 #17388]  INFO -- : Cancel queue size: 0
I, [2016-11-27T17:18:55.077536 #17388]  INFO -- : Cancel queue size: 0
I, [2016-11-27T17:19:00.077782 #17388]  INFO -- : Cancel queue size: 0
I, [2016-11-27T17:19:05.078027 #17388]  INFO -- : Cancel queue size: 0
I, [2016-11-27T17:19:10.078271 #17388]  INFO -- : Cancel queue size: 0
I, [2016-11-27T17:19:15.078526 #17388]  INFO -- : Cancel queue size: 0
I, [2016-11-27T17:19:20.078789 #17388]  INFO -- : Cancel queue size: 0
I, [2016-11-27T17:19:25.079043 #17388]  INFO -- : Cancel queue size: 0
I, [2016-11-27T17:19:30.079324 #17388]  INFO -- : Cancel queue size: 0
I, [2016-11-27T17:19:35.079566 #17388]  INFO -- : Cancel queue size: 0
I, [2016-11-27T17:19:40.079822 #17388]  INFO -- : Cancel queue size: 0
I, [2016-11-27T17:19:45.080057 #17388]  INFO -- : Cancel queue size: 0
I, [2016-11-27T17:19:50.080289 #17388]  INFO -- : Cancel queue size: 0
I, [2016-11-27T17:19:55.080533 #17388]  INFO -- : Cancel queue size: 0
I, [2016-11-27T17:20:00.080772 #17388]  INFO -- : Cancel queue size: 0
I, [2016-11-27T17:20:05.081027 #17388]  INFO -- : Cancel queue size: 0
I, [2016-11-27T17:20:10.081261 #17388]  INFO -- : Cancel queue size: 0
I, [2016-11-27T17:20:15.081504 #17388]  INFO -- : Cancel queue size: 0
I, [2016-11-27T17:20:20.081747 #17388]  INFO -- : Cancel queue size: 0
I, [2016-11-27T17:20:25.081988 #17388]  INFO -- : Cancel queue size: 0
I, [2016-11-27T17:20:30.082248 #17388]  INFO -- : Cancel queue size: 0
I, [2016-11-27T17:20:35.082488 #17388]  INFO -- : Cancel queue size: 0
I, [2016-11-27T17:20:40.082724 #17388]  INFO -- : Cancel queue size: 0
I, [2016-11-27T17:20:45.082966 #17388]  INFO -- : Cancel queue size: 0
I, [2016-11-27T17:20:50.083243 #17388]  INFO -- : Cancel queue size: 0
I, [2016-11-27T17:20:55.083467 #17388]  INFO -- : Cancel queue size: 0
I, [2016-11-27T17:21:00.083704 #17388]  INFO -- : Cancel queue size: 0
I, [2016-11-27T17:21:05.083960 #17388]  INFO -- : Cancel queue size: 0
I, [2016-11-27T17:21:10.084194 #17388]  INFO -- : Cancel queue size: 0
I, [2016-11-27T17:21:15.084466 #17388]  INFO -- : Cancel queue size: 0
I, [2016-11-27T17:21:20.084689 #17388]  INFO -- : Cancel queue size: 0
I, [2016-11-27T17:21:25.084930 #17388]  INFO -- : Cancel queue size: 0
I, [2016-11-27T17:21:30.085168 #17388]  INFO -- : Cancel queue size: 0
I, [2016-11-27T17:21:35.085420 #17388]  INFO -- : Cancel queue size: 0
I, [2016-11-27T17:21:40.085663 #17388]  INFO -- : Cancel queue size: 0
I, [2016-11-27T17:21:45.085904 #17388]  INFO -- : Cancel queue size: 0
I, [2016-11-27T17:21:50.086145 #17388]  INFO -- : Cancel queue size: 0
I, [2016-11-27T17:21:55.086383 #17388]  INFO -- : Cancel queue size: 0
I, [2016-11-27T17:22:00.086625 #17388]  INFO -- : Cancel queue size: 0
I, [2016-11-27T17:22:05.086868 #17388]  INFO -- : Cancel queue size: 0
I, [2016-11-27T17:22:10.087093 #17388]  INFO -- : Cancel queue size: 0
I, [2016-11-27T17:22:15.087354 #17388]  INFO -- : Cancel queue size: 0
I, [2016-11-27T17:22:20.087608 #17388]  INFO -- : Cancel queue size: 0
I, [2016-11-27T17:22:25.087859 #17388]  INFO -- : Cancel queue size: 0
I, [2016-11-27T17:22:30.088083 #17388]  INFO -- : Cancel queue size: 0
I, [2016-11-27T17:22:35.088333 #17388]  INFO -- : Cancel queue size: 0
I, [2016-11-27T17:22:40.088569 #17388]  INFO -- : Cancel queue size: 0
I, [2016-11-27T17:22:45.088816 #17388]  INFO -- : Cancel queue size: 0
I, [2016-11-27T17:22:50.089047 #17388]  INFO -- : Cancel queue size: 0
I, [2016-11-27T17:22:55.089303 #17388]  INFO -- : Cancel queue size: 0
I, [2016-11-27T17:23:00.089541 #17388]  INFO -- : Cancel queue size: 0
I, [2016-11-27T17:23:05.089781 #17388]  INFO -- : Cancel queue size: 0
I, [2016-11-27T17:23:10.090022 #17388]  INFO -- : Cancel queue size: 0
I, [2016-11-27T17:23:15.090283 #17388]  INFO -- : Cancel queue size: 0
I, [2016-11-27T17:23:20.090529 #17388]  INFO -- : Cancel queue size: 0
I, [2016-11-27T17:23:25.090756 #17388]  INFO -- : Cancel queue size: 0
I, [2016-11-27T17:23:30.091004 #17388]  INFO -- : Cancel queue size: 0
I, [2016-11-27T17:23:35.091238 #17388]  INFO -- : Cancel queue size: 0
I, [2016-11-27T17:23:40.091479 #17388]  INFO -- : Cancel queue size: 0
I, [2016-11-27T17:23:45.091721 #17388]  INFO -- : Cancel queue size: 0
I, [2016-11-27T17:23:50.091958 #17388]  INFO -- : Cancel queue size: 0
I, [2016-11-27T17:23:55.092197 #17388]  INFO -- : Cancel queue size: 0
I, [2016-11-27T17:24:00.092442 #17388]  INFO -- : Cancel queue size: 0
I, [2016-11-27T17:24:05.092688 #17388]  INFO -- : Cancel queue size: 0
I, [2016-11-27T17:24:10.092933 #17388]  INFO -- : Cancel queue size: 0
I, [2016-11-27T17:24:15.093176 #17388]  INFO -- : Cancel queue size: 0
I, [2016-11-27T17:24:20.093419 #17388]  INFO -- : Cancel queue size: 0
I, [2016-11-27T17:24:25.093644 #17388]  INFO -- : Cancel queue size: 0
I, [2016-11-27T17:24:30.093884 #17388]  INFO -- : Cancel queue size: 0
I, [2016-11-27T17:24:35.094127 #17388]  INFO -- : Cancel queue size: 0
I, [2016-11-27T17:24:40.094368 #17388]  INFO -- : Cancel queue size: 0
I, [2016-11-27T17:24:45.094619 #17388]  INFO -- : Cancel queue size: 0
I, [2016-11-27T17:24:50.094897 #17388]  INFO -- : Cancel queue size: 0
I, [2016-11-27T17:24:55.095149 #17388]  INFO -- : Cancel queue size: 0
I, [2016-11-27T17:25:00.095387 #17388]  INFO -- : Cancel queue size: 0
I, [2016-11-27T17:25:05.095634 #17388]  INFO -- : Cancel queue size: 0
I, [2016-11-27T17:25:10.095890 #17388]  INFO -- : Cancel queue size: 0
I, [2016-11-27T17:25:15.096140 #17388]  INFO -- : Cancel queue size: 0
I, [2016-11-27T17:25:20.096380 #17388]  INFO -- : Cancel queue size: 0
I, [2016-11-27T17:25:25.096619 #17388]  INFO -- : Cancel queue size: 0
I, [2016-11-27T17:25:30.096863 #17388]  INFO -- : Cancel queue size: 0
I, [2016-11-27T17:25:35.097108 #17388]  INFO -- : Cancel queue size: 0
I, [2016-11-27T17:25:40.097334 #17388]  INFO -- : Cancel queue size: 0
I, [2016-11-27T17:25:45.097564 #17388]  INFO -- : Cancel queue size: 0
I, [2016-11-27T17:25:50.097810 #17388]  INFO -- : Cancel queue size: 0
I, [2016-11-27T17:25:55.098051 #17388]  INFO -- : Cancel queue size: 0
I, [2016-11-27T17:26:00.098309 #17388]  INFO -- : Cancel queue size: 0
I, [2016-11-27T17:26:05.098577 #17388]  INFO -- : Cancel queue size: 0
I, [2016-11-27T17:26:10.098799 #17388]  INFO -- : Cancel queue size: 0
I, [2016-11-27T17:26:15.099032 #17388]  INFO -- : Cancel queue size: 0
I, [2016-11-27T17:26:20.099294 #17388]  INFO -- : Cancel queue size: 0
I, [2016-11-27T17:26:25.099534 #17388]  INFO -- : Cancel queue size: 0
I, [2016-11-27T17:26:30.099779 #17388]  INFO -- : Cancel queue size: 0
I, [2016-11-27T17:26:35.100023 #17388]  INFO -- : Cancel queue size: 0
I, [2016-11-27T17:26:40.100291 #17388]  INFO -- : Cancel queue size: 0
I, [2016-11-27T17:26:45.100525 #17388]  INFO -- : Cancel queue size: 0
I, [2016-11-27T17:26:50.100764 #17388]  INFO -- : Cancel queue size: 0
I, [2016-11-27T17:26:55.101032 #17388]  INFO -- : Cancel queue size: 0
I, [2016-11-27T17:27:00.101274 #17388]  INFO -- : Cancel queue size: 0
I, [2016-11-27T17:27:05.101519 #17388]  INFO -- : Cancel queue size: 0
I, [2016-11-27T17:27:10.101771 #17388]  INFO -- : Cancel queue size: 0
I, [2016-11-27T17:27:15.102014 #17388]  INFO -- : Cancel queue size: 0
I, [2016-11-27T17:27:20.102258 #17388]  INFO -- : Cancel queue size: 0
I, [2016-11-27T17:27:25.102509 #17388]  INFO -- : Cancel queue size: 0
I, [2016-11-27T17:27:30.102767 #17388]  INFO -- : Cancel queue size: 0
I, [2016-11-27T17:27:35.103016 #17388]  INFO -- : Cancel queue size: 0
I, [2016-11-27T17:27:40.103275 #17388]  INFO -- : Cancel queue size: 0
I, [2016-11-27T17:27:45.103497 #17388]  INFO -- : Cancel queue size: 0
I, [2016-11-27T17:27:50.103728 #17388]  INFO -- : Cancel queue size: 0
I, [2016-11-27T17:27:55.103984 #17388]  INFO -- : Cancel queue size: 0
I, [2016-11-27T17:28:00.104240 #17388]  INFO -- : Cancel queue size: 0
I, [2016-11-27T17:28:05.104475 #17388]  INFO -- : Cancel queue size: 0
I, [2016-11-27T17:28:10.104713 #17388]  INFO -- : Cancel queue size: 0
I, [2016-11-27T17:28:15.104987 #17388]  INFO -- : Cancel queue size: 0
I, [2016-11-27T17:28:20.105236 #17388]  INFO -- : Cancel queue size: 0
I, [2016-11-27T17:28:25.105477 #17388]  INFO -- : Cancel queue size: 0
I, [2016-11-27T17:28:30.105726 #17388]  INFO -- : Cancel queue size: 0
I, [2016-11-27T17:28:35.105958 #17388]  INFO -- : Cancel queue size: 0
I, [2016-11-27T17:28:40.106198 #17388]  INFO -- : Cancel queue size: 0
I, [2016-11-27T17:28:45.106433 #17388]  INFO -- : Cancel queue size: 0
I, [2016-11-27T17:28:50.106665 #17388]  INFO -- : Cancel queue size: 0
I, [2016-11-27T17:28:55.106927 #17388]  INFO -- : Cancel queue size: 0
I, [2016-11-27T17:29:00.107178 #17388]  INFO -- : Cancel queue size: 0
I, [2016-11-27T17:29:05.107426 #17388]  INFO -- : Cancel queue size: 0
I, [2016-11-27T17:29:10.107676 #17388]  INFO -- : Cancel queue size: 0
I, [2016-11-27T17:29:15.107920 #17388]  INFO -- : Cancel queue size: 0
I, [2016-11-27T17:29:20.108154 #17388]  INFO -- : Cancel queue size: 0
I, [2016-11-27T17:29:25.108343 #17388]  INFO -- : Cancel queue size: 0
I, [2016-11-27T17:29:30.108579 #17388]  INFO -- : Cancel queue size: 0
I, [2016-11-27T17:29:35.108822 #17388]  INFO -- : Cancel queue size: 0
I, [2016-11-27T17:29:40.109078 #17388]  INFO -- : Cancel queue size: 0
I, [2016-11-27T17:29:45.109303 #17388]  INFO -- : Cancel queue size: 0
I, [2016-11-27T17:29:50.109571 #17388]  INFO -- : Cancel queue size: 0
I, [2016-11-27T17:29:55.109832 #17388]  INFO -- : Cancel queue size: 0
I, [2016-11-27T17:30:00.110071 #17388]  INFO -- : Cancel queue size: 0
I, [2016-11-27T17:30:05.110327 #17388]  INFO -- : Cancel queue size: 0
I, [2016-11-27T17:30:10.110584 #17388]  INFO -- : Cancel queue size: 0
I, [2016-11-27T17:30:15.110831 #17388]  INFO -- : Cancel queue size: 0
I, [2016-11-27T17:30:20.111080 #17388]  INFO -- : Cancel queue size: 0
I, [2016-11-27T17:30:25.111346 #17388]  INFO -- : Cancel queue size: 0
I, [2016-11-27T17:30:30.111575 #17388]  INFO -- : Cancel queue size: 0
I, [2016-11-27T17:30:35.111794 #17388]  INFO -- : Cancel queue size: 0
I, [2016-11-27T17:30:40.126254 #17388]  INFO -- : Cancel queue size: 0
I, [2016-11-27T17:30:45.126493 #17388]  INFO -- : Cancel queue size: 0
I, [2016-11-27T17:30:50.126741 #17388]  INFO -- : Cancel queue size: 0
I, [2016-11-27T17:30:55.127002 #17388]  INFO -- : Cancel queue size: 0
I, [2016-11-27T17:31:00.131035 #17388]  INFO -- : Cancel queue size: 0
I, [2016-11-27T17:31:05.131298 #17388]  INFO -- : Cancel queue size: 0
I, [2016-11-27T17:31:10.131553 #17388]  INFO -- : Cancel queue size: 0
I, [2016-11-27T17:31:15.131795 #17388]  INFO -- : Cancel queue size: 0
I, [2016-11-27T17:31:20.132025 #17388]  INFO -- : Cancel queue size: 0
I, [2016-11-27T17:31:25.139982 #17388]  INFO -- : Cancel queue size: 0
I, [2016-11-27T17:31:30.140215 #17388]  INFO -- : Cancel queue size: 0
I, [2016-11-27T17:31:35.140478 #17388]  INFO -- : Cancel queue size: 0
I, [2016-11-27T17:31:40.140733 #17388]  INFO -- : Cancel queue size: 0
I, [2016-11-27T17:31:45.140968 #17388]  INFO -- : Cancel queue size: 0
I, [2016-11-27T17:31:50.141194 #17388]  INFO -- : Cancel queue size: 0
I, [2016-11-27T17:31:55.141444 #17388]  INFO -- : Cancel queue size: 0
