stats.rb: process with pid 11929 started.
E, [2016-11-19T12:51:24.541991 #11929] ERROR -- : Worker::MemberStats failed to run: Connection timed out
E, [2016-11-19T12:51:33.649837 #11929] ERROR -- : /root/.rbenv/versions/2.2.1/lib/ruby/gems/2.2.0/gems/redis-3.0.7/lib/redis/client.rb:222:in `rescue in io'
/root/.rbenv/versions/2.2.1/lib/ruby/gems/2.2.0/gems/redis-3.0.7/lib/redis/client.rb:220:in `io'
/root/.rbenv/versions/2.2.1/lib/ruby/gems/2.2.0/gems/redis-3.0.7/lib/redis/client.rb:228:in `read'
/root/.rbenv/versions/2.2.1/lib/ruby/gems/2.2.0/gems/redis-3.0.7/lib/redis/client.rb:96:in `block in call'
/root/.rbenv/versions/2.2.1/lib/ruby/gems/2.2.0/gems/redis-3.0.7/lib/redis/client.rb:201:in `block (2 levels) in process'
/root/.rbenv/versions/2.2.1/lib/ruby/gems/2.2.0/gems/redis-3.0.7/lib/redis/client.rb:309:in `ensure_connected'
/root/.rbenv/versions/2.2.1/lib/ruby/gems/2.2.0/gems/redis-3.0.7/lib/redis/client.rb:191:in `block in process'
/root/.rbenv/versions/2.2.1/lib/ruby/gems/2.2.0/gems/redis-3.0.7/lib/redis/client.rb:270:in `logging'
/root/.rbenv/versions/2.2.1/lib/ruby/gems/2.2.0/gems/redis-3.0.7/lib/redis/client.rb:190:in `process'
/root/.rbenv/versions/2.2.1/lib/ruby/gems/2.2.0/gems/redis-3.0.7/lib/redis/client.rb:96:in `call'
/root/.rbenv/versions/2.2.1/lib/ruby/gems/2.2.0/gems/redis-3.0.7/lib/redis.rb:971:in `block in rpush'
/root/.rbenv/versions/2.2.1/lib/ruby/gems/2.2.0/gems/redis-3.0.7/lib/redis.rb:37:in `block in synchronize'
/root/.rbenv/versions/2.2.1/lib/ruby/2.2.0/monitor.rb:211:in `mon_synchronize'
/root/.rbenv/versions/2.2.1/lib/ruby/gems/2.2.0/gems/redis-3.0.7/lib/redis.rb:37:in `synchronize'
/root/.rbenv/versions/2.2.1/lib/ruby/gems/2.2.0/gems/redis-3.0.7/lib/redis.rb:970:in `rpush'
/root/coinroots/app/models/worker/stats.rb:38:in `block in collect'
/root/coinroots/app/models/worker/stats.rb:33:in `loop'
/root/coinroots/app/models/worker/stats.rb:33:in `collect'
/root/coinroots/app/models/worker/stats.rb:10:in `block in run'
/root/coinroots/app/models/worker/stats.rb:9:in `each'
I, [2016-11-19T13:00:18.584597 #11929]  INFO -- : Worker::FundStats (cny) collected.
I, [2016-11-19T13:00:21.125965 #11929]  INFO -- : Worker::WalletStats (cny) collected.
I, [2016-11-19T13:00:54.182519 #11929]  INFO -- : Worker::FundStats (btc) collected.
I, [2016-11-19T13:00:54.298964 #11929]  INFO -- : Worker::WalletStats (btc) collected.
I, [2016-11-19T13:01:33.656055 #11929]  INFO -- : Worker::FundStats (acn) collected.
I, [2016-11-19T13:01:33.721778 #11929]  INFO -- : Worker::WalletStats (acn) collected.
I, [2016-11-19T13:01:49.968732 #11929]  INFO -- : Worker::TradeStats (btccny) collected.
I, [2016-11-19T13:01:50.124349 #11929]  INFO -- : Worker::TopStats (btccny) collected.
stats.rb: process with pid 14453 started.
I, [2016-11-20T06:19:38.602646 #14453]  INFO -- : Worker::MemberStats collected.
I, [2016-11-20T06:19:43.465962 #14453]  INFO -- : Worker::FundStats (cny) collected.
I, [2016-11-20T06:19:43.752126 #14453]  INFO -- : Worker::WalletStats (cny) collected.
I, [2016-11-20T06:19:46.438668 #14453]  INFO -- : Worker::FundStats (btc) collected.
I, [2016-11-20T06:19:46.668833 #14453]  INFO -- : Worker::WalletStats (btc) collected.
I, [2016-11-20T06:19:49.146329 #14453]  INFO -- : Worker::FundStats (acn) collected.
I, [2016-11-20T06:19:49.156934 #14453]  INFO -- : Worker::WalletStats (acn) collected.
I, [2016-11-20T06:23:04.449010 #14453]  INFO -- : Worker::TradeStats (btccny) collected.
I, [2016-11-20T06:23:04.877389 #14453]  INFO -- : Worker::TopStats (btccny) collected.
I, [2016-11-20T06:23:46.291569 #14453]  INFO -- : Worker::MemberStats collected.
I, [2016-11-20T06:23:46.308168 #14453]  INFO -- : Worker::FundStats (cny) collected.
I, [2016-11-20T06:23:46.308539 #14453]  INFO -- : Worker::WalletStats (cny) collected.
I, [2016-11-20T06:23:46.318549 #14453]  INFO -- : Worker::FundStats (btc) collected.
I, [2016-11-20T06:23:46.318864 #14453]  INFO -- : Worker::WalletStats (btc) collected.
I, [2016-11-20T06:23:46.324677 #14453]  INFO -- : Worker::FundStats (acn) collected.
I, [2016-11-20T06:23:46.324989 #14453]  INFO -- : Worker::WalletStats (acn) collected.
I, [2016-11-20T06:23:46.392136 #14453]  INFO -- : Worker::TradeStats (btccny) collected.
I, [2016-11-20T06:23:46.392453 #14453]  INFO -- : Worker::TopStats (btccny) collected.
I, [2016-11-20T06:24:30.292247 #14453]  INFO -- : Worker::MemberStats collected.
I, [2016-11-20T06:25:33.825522 #14453]  INFO -- : Worker::FundStats (cny) collected.
I, [2016-11-20T06:25:33.856855 #14453]  INFO -- : Worker::WalletStats (cny) collected.
E, [2016-11-20T06:33:53.377690 #14453] ERROR -- : Worker::FundStats failed to run: Connection timed out
E, [2016-11-20T06:33:56.975431 #14453] ERROR -- : /root/.rbenv/versions/2.2.1/lib/ruby/gems/2.2.0/gems/redis-3.0.7/lib/redis/client.rb:222:in `rescue in io'
/root/.rbenv/versions/2.2.1/lib/ruby/gems/2.2.0/gems/redis-3.0.7/lib/redis/client.rb:220:in `io'
/root/.rbenv/versions/2.2.1/lib/ruby/gems/2.2.0/gems/redis-3.0.7/lib/redis/client.rb:228:in `read'
/root/.rbenv/versions/2.2.1/lib/ruby/gems/2.2.0/gems/redis-3.0.7/lib/redis/client.rb:96:in `block in call'
/root/.rbenv/versions/2.2.1/lib/ruby/gems/2.2.0/gems/redis-3.0.7/lib/redis/client.rb:201:in `block (2 levels) in process'
/root/.rbenv/versions/2.2.1/lib/ruby/gems/2.2.0/gems/redis-3.0.7/lib/redis/client.rb:309:in `ensure_connected'
/root/.rbenv/versions/2.2.1/lib/ruby/gems/2.2.0/gems/redis-3.0.7/lib/redis/client.rb:191:in `block in process'
/root/.rbenv/versions/2.2.1/lib/ruby/gems/2.2.0/gems/redis-3.0.7/lib/redis/client.rb:270:in `logging'
/root/.rbenv/versions/2.2.1/lib/ruby/gems/2.2.0/gems/redis-3.0.7/lib/redis/client.rb:190:in `process'
/root/.rbenv/versions/2.2.1/lib/ruby/gems/2.2.0/gems/redis-3.0.7/lib/redis/client.rb:96:in `call'
/root/.rbenv/versions/2.2.1/lib/ruby/gems/2.2.0/gems/redis-3.0.7/lib/redis.rb:1117:in `block in lindex'
/root/.rbenv/versions/2.2.1/lib/ruby/gems/2.2.0/gems/redis-3.0.7/lib/redis.rb:37:in `block in synchronize'
/root/.rbenv/versions/2.2.1/lib/ruby/2.2.0/monitor.rb:211:in `mon_synchronize'
/root/.rbenv/versions/2.2.1/lib/ruby/gems/2.2.0/gems/redis-3.0.7/lib/redis.rb:37:in `synchronize'
/root/.rbenv/versions/2.2.1/lib/ruby/gems/2.2.0/gems/redis-3.0.7/lib/redis.rb:1116:in `lindex'
/root/coinroots/app/models/worker/stats.rb:43:in `next_point'
/root/coinroots/app/models/worker/stats.rb:34:in `block in collect'
/root/coinroots/app/models/worker/stats.rb:33:in `loop'
/root/coinroots/app/models/worker/stats.rb:33:in `collect'
/root/coinroots/app/models/worker/stats.rb:10:in `block in run'
stats.rb: process with pid 17412 started.
I, [2016-11-27T17:09:01.535486 #17412]  INFO -- : Worker::MemberStats collected.
I, [2016-11-27T17:09:14.531992 #17412]  INFO -- : Worker::FundStats (inr) collected.
I, [2016-11-27T17:09:14.566023 #17412]  INFO -- : Worker::WalletStats (inr) collected.
I, [2016-11-27T17:09:27.004002 #17412]  INFO -- : Worker::FundStats (btc) collected.
I, [2016-11-27T17:09:27.034851 #17412]  INFO -- : Worker::WalletStats (btc) collected.
I, [2016-11-27T17:09:40.386128 #17412]  INFO -- : Worker::FundStats (acn) collected.
I, [2016-11-27T17:09:40.416353 #17412]  INFO -- : Worker::WalletStats (acn) collected.
I, [2016-11-27T17:09:53.791629 #17412]  INFO -- : Worker::FundStats (opc) collected.
I, [2016-11-27T17:09:53.823711 #17412]  INFO -- : Worker::WalletStats (opc) collected.
I, [2016-11-27T17:10:00.817958 #17412]  INFO -- : Worker::TradeStats (btcinr) collected.
I, [2016-11-27T17:10:00.848348 #17412]  INFO -- : Worker::TopStats (btcinr) collected.
I, [2016-11-27T17:10:07.868366 #17412]  INFO -- : Worker::TradeStats (opcinr) collected.
I, [2016-11-27T17:10:07.904831 #17412]  INFO -- : Worker::TopStats (opcinr) collected.
I, [2016-11-27T17:10:15.193746 #17412]  INFO -- : Worker::TradeStats (acninr) collected.
I, [2016-11-27T17:10:15.223713 #17412]  INFO -- : Worker::TopStats (acninr) collected.
I, [2016-11-27T17:10:45.232585 #17412]  INFO -- : Worker::MemberStats collected.
I, [2016-11-27T17:10:45.240967 #17412]  INFO -- : Worker::FundStats (inr) collected.
I, [2016-11-27T17:10:45.241852 #17412]  INFO -- : Worker::WalletStats (inr) collected.
I, [2016-11-27T17:10:45.249863 #17412]  INFO -- : Worker::FundStats (btc) collected.
I, [2016-11-27T17:10:45.250809 #17412]  INFO -- : Worker::WalletStats (btc) collected.
I, [2016-11-27T17:10:45.255248 #17412]  INFO -- : Worker::FundStats (acn) collected.
I, [2016-11-27T17:10:45.256019 #17412]  INFO -- : Worker::WalletStats (acn) collected.
I, [2016-11-27T17:10:45.259785 #17412]  INFO -- : Worker::FundStats (opc) collected.
I, [2016-11-27T17:10:45.260518 #17412]  INFO -- : Worker::WalletStats (opc) collected.
I, [2016-11-27T17:10:45.263106 #17412]  INFO -- : Worker::TradeStats (btcinr) collected.
I, [2016-11-27T17:10:45.263841 #17412]  INFO -- : Worker::TopStats (btcinr) collected.
I, [2016-11-27T17:10:45.266291 #17412]  INFO -- : Worker::TradeStats (opcinr) collected.
I, [2016-11-27T17:10:45.266896 #17412]  INFO -- : Worker::TopStats (opcinr) collected.
I, [2016-11-27T17:10:45.269145 #17412]  INFO -- : Worker::TradeStats (acninr) collected.
I, [2016-11-27T17:10:45.269761 #17412]  INFO -- : Worker::TopStats (acninr) collected.
I, [2016-11-27T17:11:15.271151 #17412]  INFO -- : Worker::MemberStats collected.
I, [2016-11-27T17:11:15.272266 #17412]  INFO -- : Worker::FundStats (inr) collected.
I, [2016-11-27T17:11:15.273100 #17412]  INFO -- : Worker::WalletStats (inr) collected.
I, [2016-11-27T17:11:15.274165 #17412]  INFO -- : Worker::FundStats (btc) collected.
I, [2016-11-27T17:11:15.274982 #17412]  INFO -- : Worker::WalletStats (btc) collected.
I, [2016-11-27T17:11:15.276129 #17412]  INFO -- : Worker::FundStats (acn) collected.
I, [2016-11-27T17:11:15.277009 #17412]  INFO -- : Worker::WalletStats (acn) collected.
I, [2016-11-27T17:11:15.278162 #17412]  INFO -- : Worker::FundStats (opc) collected.
I, [2016-11-27T17:11:15.279047 #17412]  INFO -- : Worker::WalletStats (opc) collected.
I, [2016-11-27T17:11:15.280185 #17412]  INFO -- : Worker::TradeStats (btcinr) collected.
I, [2016-11-27T17:11:15.281055 #17412]  INFO -- : Worker::TopStats (btcinr) collected.
I, [2016-11-27T17:11:15.282122 #17412]  INFO -- : Worker::TradeStats (opcinr) collected.
I, [2016-11-27T17:11:15.282999 #17412]  INFO -- : Worker::TopStats (opcinr) collected.
I, [2016-11-27T17:11:15.284084 #17412]  INFO -- : Worker::TradeStats (acninr) collected.
I, [2016-11-27T17:11:15.284918 #17412]  INFO -- : Worker::TopStats (acninr) collected.
I, [2016-11-27T17:11:45.290186 #17412]  INFO -- : Worker::MemberStats collected.
I, [2016-11-27T17:11:45.294889 #17412]  INFO -- : Worker::FundStats (inr) collected.
I, [2016-11-27T17:11:45.295747 #17412]  INFO -- : Worker::WalletStats (inr) collected.
I, [2016-11-27T17:11:45.300309 #17412]  INFO -- : Worker::FundStats (btc) collected.
I, [2016-11-27T17:11:45.301156 #17412]  INFO -- : Worker::WalletStats (btc) collected.
I, [2016-11-27T17:11:45.305400 #17412]  INFO -- : Worker::FundStats (acn) collected.
I, [2016-11-27T17:11:45.306217 #17412]  INFO -- : Worker::WalletStats (acn) collected.
I, [2016-11-27T17:11:45.310589 #17412]  INFO -- : Worker::FundStats (opc) collected.
I, [2016-11-27T17:11:45.311431 #17412]  INFO -- : Worker::WalletStats (opc) collected.
I, [2016-11-27T17:11:45.314244 #17412]  INFO -- : Worker::TradeStats (btcinr) collected.
I, [2016-11-27T17:11:45.315006 #17412]  INFO -- : Worker::TopStats (btcinr) collected.
I, [2016-11-27T17:11:45.317391 #17412]  INFO -- : Worker::TradeStats (opcinr) collected.
I, [2016-11-27T17:11:45.318088 #17412]  INFO -- : Worker::TopStats (opcinr) collected.
I, [2016-11-27T17:11:45.320762 #17412]  INFO -- : Worker::TradeStats (acninr) collected.
I, [2016-11-27T17:11:45.321579 #17412]  INFO -- : Worker::TopStats (acninr) collected.
I, [2016-11-27T17:12:15.323036 #17412]  INFO -- : Worker::MemberStats collected.
I, [2016-11-27T17:12:15.324209 #17412]  INFO -- : Worker::FundStats (inr) collected.
I, [2016-11-27T17:12:15.325119 #17412]  INFO -- : Worker::WalletStats (inr) collected.
I, [2016-11-27T17:12:15.326234 #17412]  INFO -- : Worker::FundStats (btc) collected.
I, [2016-11-27T17:12:15.327107 #17412]  INFO -- : Worker::WalletStats (btc) collected.
I, [2016-11-27T17:12:15.328196 #17412]  INFO -- : Worker::FundStats (acn) collected.
I, [2016-11-27T17:12:15.328972 #17412]  INFO -- : Worker::WalletStats (acn) collected.
I, [2016-11-27T17:12:15.329989 #17412]  INFO -- : Worker::FundStats (opc) collected.
I, [2016-11-27T17:12:15.330803 #17412]  INFO -- : Worker::WalletStats (opc) collected.
I, [2016-11-27T17:12:15.331815 #17412]  INFO -- : Worker::TradeStats (btcinr) collected.
I, [2016-11-27T17:12:15.332666 #17412]  INFO -- : Worker::TopStats (btcinr) collected.
I, [2016-11-27T17:12:15.333804 #17412]  INFO -- : Worker::TradeStats (opcinr) collected.
I, [2016-11-27T17:12:15.334440 #17412]  INFO -- : Worker::TopStats (opcinr) collected.
I, [2016-11-27T17:12:15.335531 #17412]  INFO -- : Worker::TradeStats (acninr) collected.
I, [2016-11-27T17:12:15.336288 #17412]  INFO -- : Worker::TopStats (acninr) collected.
I, [2016-11-27T17:12:45.341768 #17412]  INFO -- : Worker::MemberStats collected.
I, [2016-11-27T17:12:45.346578 #17412]  INFO -- : Worker::FundStats (inr) collected.
I, [2016-11-27T17:12:45.347459 #17412]  INFO -- : Worker::WalletStats (inr) collected.
I, [2016-11-27T17:12:45.352110 #17412]  INFO -- : Worker::FundStats (btc) collected.
I, [2016-11-27T17:12:45.352933 #17412]  INFO -- : Worker::WalletStats (btc) collected.
I, [2016-11-27T17:12:45.357221 #17412]  INFO -- : Worker::FundStats (acn) collected.
I, [2016-11-27T17:12:45.358017 #17412]  INFO -- : Worker::WalletStats (acn) collected.
I, [2016-11-27T17:12:45.362201 #17412]  INFO -- : Worker::FundStats (opc) collected.
I, [2016-11-27T17:12:45.363022 #17412]  INFO -- : Worker::WalletStats (opc) collected.
I, [2016-11-27T17:12:45.365767 #17412]  INFO -- : Worker::TradeStats (btcinr) collected.
I, [2016-11-27T17:12:45.366472 #17412]  INFO -- : Worker::TopStats (btcinr) collected.
I, [2016-11-27T17:12:45.368869 #17412]  INFO -- : Worker::TradeStats (opcinr) collected.
I, [2016-11-27T17:12:45.369626 #17412]  INFO -- : Worker::TopStats (opcinr) collected.
I, [2016-11-27T17:12:45.371982 #17412]  INFO -- : Worker::TradeStats (acninr) collected.
I, [2016-11-27T17:12:45.372629 #17412]  INFO -- : Worker::TopStats (acninr) collected.
I, [2016-11-27T17:13:15.374033 #17412]  INFO -- : Worker::MemberStats collected.
I, [2016-11-27T17:13:15.375175 #17412]  INFO -- : Worker::FundStats (inr) collected.
I, [2016-11-27T17:13:15.376024 #17412]  INFO -- : Worker::WalletStats (inr) collected.
I, [2016-11-27T17:13:15.377065 #17412]  INFO -- : Worker::FundStats (btc) collected.
I, [2016-11-27T17:13:15.377893 #17412]  INFO -- : Worker::WalletStats (btc) collected.
I, [2016-11-27T17:13:15.378911 #17412]  INFO -- : Worker::FundStats (acn) collected.
I, [2016-11-27T17:13:15.379720 #17412]  INFO -- : Worker::WalletStats (acn) collected.
I, [2016-11-27T17:13:15.380737 #17412]  INFO -- : Worker::FundStats (opc) collected.
I, [2016-11-27T17:13:15.381486 #17412]  INFO -- : Worker::WalletStats (opc) collected.
I, [2016-11-27T17:13:15.382510 #17412]  INFO -- : Worker::TradeStats (btcinr) collected.
I, [2016-11-27T17:13:15.383263 #17412]  INFO -- : Worker::TopStats (btcinr) collected.
I, [2016-11-27T17:13:15.384248 #17412]  INFO -- : Worker::TradeStats (opcinr) collected.
I, [2016-11-27T17:13:15.385005 #17412]  INFO -- : Worker::TopStats (opcinr) collected.
I, [2016-11-27T17:13:15.385966 #17412]  INFO -- : Worker::TradeStats (acninr) collected.
I, [2016-11-27T17:13:15.386747 #17412]  INFO -- : Worker::TopStats (acninr) collected.
I, [2016-11-27T17:13:45.391974 #17412]  INFO -- : Worker::MemberStats collected.
I, [2016-11-27T17:13:45.396888 #17412]  INFO -- : Worker::FundStats (inr) collected.
I, [2016-11-27T17:13:45.397693 #17412]  INFO -- : Worker::WalletStats (inr) collected.
I, [2016-11-27T17:13:45.402182 #17412]  INFO -- : Worker::FundStats (btc) collected.
I, [2016-11-27T17:13:45.403148 #17412]  INFO -- : Worker::WalletStats (btc) collected.
I, [2016-11-27T17:13:45.407642 #17412]  INFO -- : Worker::FundStats (acn) collected.
I, [2016-11-27T17:13:45.408534 #17412]  INFO -- : Worker::WalletStats (acn) collected.
I, [2016-11-27T17:13:45.412734 #17412]  INFO -- : Worker::FundStats (opc) collected.
I, [2016-11-27T17:13:45.413509 #17412]  INFO -- : Worker::WalletStats (opc) collected.
I, [2016-11-27T17:13:45.416475 #17412]  INFO -- : Worker::TradeStats (btcinr) collected.
I, [2016-11-27T17:13:45.417227 #17412]  INFO -- : Worker::TopStats (btcinr) collected.
I, [2016-11-27T17:13:45.419718 #17412]  INFO -- : Worker::TradeStats (opcinr) collected.
I, [2016-11-27T17:13:45.420379 #17412]  INFO -- : Worker::TopStats (opcinr) collected.
I, [2016-11-27T17:13:45.422952 #17412]  INFO -- : Worker::TradeStats (acninr) collected.
I, [2016-11-27T17:13:45.423667 #17412]  INFO -- : Worker::TopStats (acninr) collected.
I, [2016-11-27T17:14:15.425095 #17412]  INFO -- : Worker::MemberStats collected.
I, [2016-11-27T17:14:15.426309 #17412]  INFO -- : Worker::FundStats (inr) collected.
I, [2016-11-27T17:14:15.427333 #17412]  INFO -- : Worker::WalletStats (inr) collected.
I, [2016-11-27T17:14:15.428471 #17412]  INFO -- : Worker::FundStats (btc) collected.
I, [2016-11-27T17:14:15.429400 #17412]  INFO -- : Worker::WalletStats (btc) collected.
I, [2016-11-27T17:14:15.430559 #17412]  INFO -- : Worker::FundStats (acn) collected.
I, [2016-11-27T17:14:15.431490 #17412]  INFO -- : Worker::WalletStats (acn) collected.
I, [2016-11-27T17:14:15.432650 #17412]  INFO -- : Worker::FundStats (opc) collected.
I, [2016-11-27T17:14:15.433543 #17412]  INFO -- : Worker::WalletStats (opc) collected.
I, [2016-11-27T17:14:15.434683 #17412]  INFO -- : Worker::TradeStats (btcinr) collected.
I, [2016-11-27T17:14:15.435576 #17412]  INFO -- : Worker::TopStats (btcinr) collected.
I, [2016-11-27T17:14:15.436636 #17412]  INFO -- : Worker::TradeStats (opcinr) collected.
I, [2016-11-27T17:14:15.437467 #17412]  INFO -- : Worker::TopStats (opcinr) collected.
I, [2016-11-27T17:14:15.438512 #17412]  INFO -- : Worker::TradeStats (acninr) collected.
I, [2016-11-27T17:14:15.439319 #17412]  INFO -- : Worker::TopStats (acninr) collected.
I, [2016-11-27T17:14:45.443826 #17412]  INFO -- : Worker::MemberStats collected.
I, [2016-11-27T17:14:45.447169 #17412]  INFO -- : Worker::FundStats (inr) collected.
I, [2016-11-27T17:14:45.447853 #17412]  INFO -- : Worker::WalletStats (inr) collected.
I, [2016-11-27T17:14:45.450986 #17412]  INFO -- : Worker::FundStats (btc) collected.
I, [2016-11-27T17:14:45.451661 #17412]  INFO -- : Worker::WalletStats (btc) collected.
I, [2016-11-27T17:14:45.454790 #17412]  INFO -- : Worker::FundStats (acn) collected.
I, [2016-11-27T17:14:45.455492 #17412]  INFO -- : Worker::WalletStats (acn) collected.
I, [2016-11-27T17:14:45.458083 #17412]  INFO -- : Worker::FundStats (opc) collected.
I, [2016-11-27T17:14:45.458629 #17412]  INFO -- : Worker::WalletStats (opc) collected.
I, [2016-11-27T17:14:45.460582 #17412]  INFO -- : Worker::TradeStats (btcinr) collected.
I, [2016-11-27T17:14:45.461128 #17412]  INFO -- : Worker::TopStats (btcinr) collected.
I, [2016-11-27T17:14:45.462910 #17412]  INFO -- : Worker::TradeStats (opcinr) collected.
I, [2016-11-27T17:14:45.463489 #17412]  INFO -- : Worker::TopStats (opcinr) collected.
I, [2016-11-27T17:14:45.465279 #17412]  INFO -- : Worker::TradeStats (acninr) collected.
I, [2016-11-27T17:14:45.465857 #17412]  INFO -- : Worker::TopStats (acninr) collected.
I, [2016-11-27T17:15:15.467419 #17412]  INFO -- : Worker::MemberStats collected.
I, [2016-11-27T17:15:15.468685 #17412]  INFO -- : Worker::FundStats (inr) collected.
I, [2016-11-27T17:15:15.469480 #17412]  INFO -- : Worker::WalletStats (inr) collected.
I, [2016-11-27T17:15:15.470493 #17412]  INFO -- : Worker::FundStats (btc) collected.
I, [2016-11-27T17:15:15.471440 #17412]  INFO -- : Worker::WalletStats (btc) collected.
I, [2016-11-27T17:15:15.472541 #17412]  INFO -- : Worker::FundStats (acn) collected.
I, [2016-11-27T17:15:15.473495 #17412]  INFO -- : Worker::WalletStats (acn) collected.
I, [2016-11-27T17:15:15.474557 #17412]  INFO -- : Worker::FundStats (opc) collected.
I, [2016-11-27T17:15:15.475345 #17412]  INFO -- : Worker::WalletStats (opc) collected.
I, [2016-11-27T17:15:15.476277 #17412]  INFO -- : Worker::TradeStats (btcinr) collected.
I, [2016-11-27T17:15:15.477028 #17412]  INFO -- : Worker::TopStats (btcinr) collected.
I, [2016-11-27T17:15:15.477985 #17412]  INFO -- : Worker::TradeStats (opcinr) collected.
I, [2016-11-27T17:15:15.478827 #17412]  INFO -- : Worker::TopStats (opcinr) collected.
I, [2016-11-27T17:15:15.479736 #17412]  INFO -- : Worker::TradeStats (acninr) collected.
I, [2016-11-27T17:15:15.480367 #17412]  INFO -- : Worker::TopStats (acninr) collected.
I, [2016-11-27T17:15:45.485744 #17412]  INFO -- : Worker::MemberStats collected.
I, [2016-11-27T17:15:45.490588 #17412]  INFO -- : Worker::FundStats (inr) collected.
I, [2016-11-27T17:15:45.491506 #17412]  INFO -- : Worker::WalletStats (inr) collected.
I, [2016-11-27T17:15:45.495950 #17412]  INFO -- : Worker::FundStats (btc) collected.
I, [2016-11-27T17:15:45.496722 #17412]  INFO -- : Worker::WalletStats (btc) collected.
I, [2016-11-27T17:15:45.500951 #17412]  INFO -- : Worker::FundStats (acn) collected.
I, [2016-11-27T17:15:45.501776 #17412]  INFO -- : Worker::WalletStats (acn) collected.
I, [2016-11-27T17:15:45.505982 #17412]  INFO -- : Worker::FundStats (opc) collected.
I, [2016-11-27T17:15:45.506808 #17412]  INFO -- : Worker::WalletStats (opc) collected.
I, [2016-11-27T17:15:45.509498 #17412]  INFO -- : Worker::TradeStats (btcinr) collected.
I, [2016-11-27T17:15:45.510188 #17412]  INFO -- : Worker::TopStats (btcinr) collected.
I, [2016-11-27T17:15:45.512572 #17412]  INFO -- : Worker::TradeStats (opcinr) collected.
I, [2016-11-27T17:15:45.513315 #17412]  INFO -- : Worker::TopStats (opcinr) collected.
I, [2016-11-27T17:15:45.515914 #17412]  INFO -- : Worker::TradeStats (acninr) collected.
I, [2016-11-27T17:15:45.516670 #17412]  INFO -- : Worker::TopStats (acninr) collected.
I, [2016-11-27T17:16:15.518040 #17412]  INFO -- : Worker::MemberStats collected.
I, [2016-11-27T17:16:15.519188 #17412]  INFO -- : Worker::FundStats (inr) collected.
I, [2016-11-27T17:16:15.520106 #17412]  INFO -- : Worker::WalletStats (inr) collected.
I, [2016-11-27T17:16:15.521159 #17412]  INFO -- : Worker::FundStats (btc) collected.
I, [2016-11-27T17:16:15.521982 #17412]  INFO -- : Worker::WalletStats (btc) collected.
I, [2016-11-27T17:16:15.522996 #17412]  INFO -- : Worker::FundStats (acn) collected.
I, [2016-11-27T17:16:15.523748 #17412]  INFO -- : Worker::WalletStats (acn) collected.
I, [2016-11-27T17:16:15.524781 #17412]  INFO -- : Worker::FundStats (opc) collected.
I, [2016-11-27T17:16:15.525580 #17412]  INFO -- : Worker::WalletStats (opc) collected.
I, [2016-11-27T17:16:15.526569 #17412]  INFO -- : Worker::TradeStats (btcinr) collected.
I, [2016-11-27T17:16:15.527364 #17412]  INFO -- : Worker::TopStats (btcinr) collected.
I, [2016-11-27T17:16:15.528306 #17412]  INFO -- : Worker::TradeStats (opcinr) collected.
I, [2016-11-27T17:16:15.529085 #17412]  INFO -- : Worker::TopStats (opcinr) collected.
I, [2016-11-27T17:16:15.530069 #17412]  INFO -- : Worker::TradeStats (acninr) collected.
I, [2016-11-27T17:16:15.530853 #17412]  INFO -- : Worker::TopStats (acninr) collected.
I, [2016-11-27T17:16:45.536357 #17412]  INFO -- : Worker::MemberStats collected.
I, [2016-11-27T17:16:45.541350 #17412]  INFO -- : Worker::FundStats (inr) collected.
I, [2016-11-27T17:16:45.542361 #17412]  INFO -- : Worker::WalletStats (inr) collected.
I, [2016-11-27T17:16:45.546828 #17412]  INFO -- : Worker::FundStats (btc) collected.
I, [2016-11-27T17:16:45.547702 #17412]  INFO -- : Worker::WalletStats (btc) collected.
I, [2016-11-27T17:16:45.552186 #17412]  INFO -- : Worker::FundStats (acn) collected.
I, [2016-11-27T17:16:45.553031 #17412]  INFO -- : Worker::WalletStats (acn) collected.
I, [2016-11-27T17:16:45.557273 #17412]  INFO -- : Worker::FundStats (opc) collected.
I, [2016-11-27T17:16:45.558005 #17412]  INFO -- : Worker::WalletStats (opc) collected.
I, [2016-11-27T17:16:45.560601 #17412]  INFO -- : Worker::TradeStats (btcinr) collected.
I, [2016-11-27T17:16:45.561294 #17412]  INFO -- : Worker::TopStats (btcinr) collected.
I, [2016-11-27T17:16:45.563591 #17412]  INFO -- : Worker::TradeStats (opcinr) collected.
I, [2016-11-27T17:16:45.564252 #17412]  INFO -- : Worker::TopStats (opcinr) collected.
I, [2016-11-27T17:16:45.566621 #17412]  INFO -- : Worker::TradeStats (acninr) collected.
I, [2016-11-27T17:16:45.567363 #17412]  INFO -- : Worker::TopStats (acninr) collected.
I, [2016-11-27T17:17:15.568824 #17412]  INFO -- : Worker::MemberStats collected.
I, [2016-11-27T17:17:15.570025 #17412]  INFO -- : Worker::FundStats (inr) collected.
I, [2016-11-27T17:17:15.570954 #17412]  INFO -- : Worker::WalletStats (inr) collected.
I, [2016-11-27T17:17:15.572117 #17412]  INFO -- : Worker::FundStats (btc) collected.
I, [2016-11-27T17:17:15.572968 #17412]  INFO -- : Worker::WalletStats (btc) collected.
I, [2016-11-27T17:17:15.574044 #17412]  INFO -- : Worker::FundStats (acn) collected.
I, [2016-11-27T17:17:15.574898 #17412]  INFO -- : Worker::WalletStats (acn) collected.
I, [2016-11-27T17:17:15.576012 #17412]  INFO -- : Worker::FundStats (opc) collected.
I, [2016-11-27T17:17:15.576866 #17412]  INFO -- : Worker::WalletStats (opc) collected.
I, [2016-11-27T17:17:15.577928 #17412]  INFO -- : Worker::TradeStats (btcinr) collected.
I, [2016-11-27T17:17:15.578783 #17412]  INFO -- : Worker::TopStats (btcinr) collected.
I, [2016-11-27T17:17:15.579858 #17412]  INFO -- : Worker::TradeStats (opcinr) collected.
I, [2016-11-27T17:17:15.580699 #17412]  INFO -- : Worker::TopStats (opcinr) collected.
I, [2016-11-27T17:17:15.581756 #17412]  INFO -- : Worker::TradeStats (acninr) collected.
I, [2016-11-27T17:17:15.582649 #17412]  INFO -- : Worker::TopStats (acninr) collected.
I, [2016-11-27T17:17:45.587970 #17412]  INFO -- : Worker::MemberStats collected.
I, [2016-11-27T17:17:45.592824 #17412]  INFO -- : Worker::FundStats (inr) collected.
I, [2016-11-27T17:17:45.593714 #17412]  INFO -- : Worker::WalletStats (inr) collected.
I, [2016-11-27T17:17:45.598136 #17412]  INFO -- : Worker::FundStats (btc) collected.
I, [2016-11-27T17:17:45.598949 #17412]  INFO -- : Worker::WalletStats (btc) collected.
I, [2016-11-27T17:17:45.603030 #17412]  INFO -- : Worker::FundStats (acn) collected.
I, [2016-11-27T17:17:45.603787 #17412]  INFO -- : Worker::WalletStats (acn) collected.
I, [2016-11-27T17:17:45.607929 #17412]  INFO -- : Worker::FundStats (opc) collected.
I, [2016-11-27T17:17:45.608687 #17412]  INFO -- : Worker::WalletStats (opc) collected.
I, [2016-11-27T17:17:45.611398 #17412]  INFO -- : Worker::TradeStats (btcinr) collected.
I, [2016-11-27T17:17:45.612160 #17412]  INFO -- : Worker::TopStats (btcinr) collected.
I, [2016-11-27T17:17:45.614743 #17412]  INFO -- : Worker::TradeStats (opcinr) collected.
I, [2016-11-27T17:17:45.615467 #17412]  INFO -- : Worker::TopStats (opcinr) collected.
I, [2016-11-27T17:17:45.617977 #17412]  INFO -- : Worker::TradeStats (acninr) collected.
I, [2016-11-27T17:17:45.618721 #17412]  INFO -- : Worker::TopStats (acninr) collected.
I, [2016-11-27T17:18:15.620159 #17412]  INFO -- : Worker::MemberStats collected.
I, [2016-11-27T17:18:15.621315 #17412]  INFO -- : Worker::FundStats (inr) collected.
I, [2016-11-27T17:18:15.622122 #17412]  INFO -- : Worker::WalletStats (inr) collected.
I, [2016-11-27T17:18:15.623138 #17412]  INFO -- : Worker::FundStats (btc) collected.
I, [2016-11-27T17:18:15.623907 #17412]  INFO -- : Worker::WalletStats (btc) collected.
I, [2016-11-27T17:18:15.624939 #17412]  INFO -- : Worker::FundStats (acn) collected.
I, [2016-11-27T17:18:15.625684 #17412]  INFO -- : Worker::WalletStats (acn) collected.
I, [2016-11-27T17:18:15.626658 #17412]  INFO -- : Worker::FundStats (opc) collected.
I, [2016-11-27T17:18:15.627456 #17412]  INFO -- : Worker::WalletStats (opc) collected.
I, [2016-11-27T17:18:15.628450 #17412]  INFO -- : Worker::TradeStats (btcinr) collected.
I, [2016-11-27T17:18:15.629199 #17412]  INFO -- : Worker::TopStats (btcinr) collected.
I, [2016-11-27T17:18:15.630175 #17412]  INFO -- : Worker::TradeStats (opcinr) collected.
I, [2016-11-27T17:18:15.630920 #17412]  INFO -- : Worker::TopStats (opcinr) collected.
I, [2016-11-27T17:18:15.631894 #17412]  INFO -- : Worker::TradeStats (acninr) collected.
I, [2016-11-27T17:18:15.632577 #17412]  INFO -- : Worker::TopStats (acninr) collected.
I, [2016-11-27T17:18:45.637843 #17412]  INFO -- : Worker::MemberStats collected.
I, [2016-11-27T17:18:45.642741 #17412]  INFO -- : Worker::FundStats (inr) collected.
I, [2016-11-27T17:18:45.643641 #17412]  INFO -- : Worker::WalletStats (inr) collected.
I, [2016-11-27T17:18:45.648265 #17412]  INFO -- : Worker::FundStats (btc) collected.
I, [2016-11-27T17:18:45.649076 #17412]  INFO -- : Worker::WalletStats (btc) collected.
I, [2016-11-27T17:18:45.653375 #17412]  INFO -- : Worker::FundStats (acn) collected.
I, [2016-11-27T17:18:45.654158 #17412]  INFO -- : Worker::WalletStats (acn) collected.
I, [2016-11-27T17:18:45.658306 #17412]  INFO -- : Worker::FundStats (opc) collected.
I, [2016-11-27T17:18:45.659095 #17412]  INFO -- : Worker::WalletStats (opc) collected.
I, [2016-11-27T17:18:45.661675 #17412]  INFO -- : Worker::TradeStats (btcinr) collected.
I, [2016-11-27T17:18:45.662369 #17412]  INFO -- : Worker::TopStats (btcinr) collected.
I, [2016-11-27T17:18:45.664681 #17412]  INFO -- : Worker::TradeStats (opcinr) collected.
I, [2016-11-27T17:18:45.665345 #17412]  INFO -- : Worker::TopStats (opcinr) collected.
I, [2016-11-27T17:18:45.667980 #17412]  INFO -- : Worker::TradeStats (acninr) collected.
I, [2016-11-27T17:18:45.668743 #17412]  INFO -- : Worker::TopStats (acninr) collected.
I, [2016-11-27T17:19:15.670101 #17412]  INFO -- : Worker::MemberStats collected.
I, [2016-11-27T17:19:15.671092 #17412]  INFO -- : Worker::FundStats (inr) collected.
I, [2016-11-27T17:19:15.671829 #17412]  INFO -- : Worker::WalletStats (inr) collected.
I, [2016-11-27T17:19:15.672764 #17412]  INFO -- : Worker::FundStats (btc) collected.
I, [2016-11-27T17:19:15.673456 #17412]  INFO -- : Worker::WalletStats (btc) collected.
I, [2016-11-27T17:19:15.674333 #17412]  INFO -- : Worker::FundStats (acn) collected.
I, [2016-11-27T17:19:15.675029 #17412]  INFO -- : Worker::WalletStats (acn) collected.
I, [2016-11-27T17:19:15.675913 #17412]  INFO -- : Worker::FundStats (opc) collected.
I, [2016-11-27T17:19:15.676606 #17412]  INFO -- : Worker::WalletStats (opc) collected.
I, [2016-11-27T17:19:15.677471 #17412]  INFO -- : Worker::TradeStats (btcinr) collected.
I, [2016-11-27T17:19:15.678163 #17412]  INFO -- : Worker::TopStats (btcinr) collected.
I, [2016-11-27T17:19:15.678996 #17412]  INFO -- : Worker::TradeStats (opcinr) collected.
I, [2016-11-27T17:19:15.679640 #17412]  INFO -- : Worker::TopStats (opcinr) collected.
I, [2016-11-27T17:19:15.680477 #17412]  INFO -- : Worker::TradeStats (acninr) collected.
I, [2016-11-27T17:19:15.681148 #17412]  INFO -- : Worker::TopStats (acninr) collected.
I, [2016-11-27T17:19:45.686472 #17412]  INFO -- : Worker::MemberStats collected.
I, [2016-11-27T17:19:45.691279 #17412]  INFO -- : Worker::FundStats (inr) collected.
I, [2016-11-27T17:19:45.692184 #17412]  INFO -- : Worker::WalletStats (inr) collected.
I, [2016-11-27T17:19:45.696850 #17412]  INFO -- : Worker::FundStats (btc) collected.
I, [2016-11-27T17:19:45.697720 #17412]  INFO -- : Worker::WalletStats (btc) collected.
I, [2016-11-27T17:19:45.702078 #17412]  INFO -- : Worker::FundStats (acn) collected.
I, [2016-11-27T17:19:45.702896 #17412]  INFO -- : Worker::WalletStats (acn) collected.
I, [2016-11-27T17:19:45.707144 #17412]  INFO -- : Worker::FundStats (opc) collected.
I, [2016-11-27T17:19:45.707976 #17412]  INFO -- : Worker::WalletStats (opc) collected.
I, [2016-11-27T17:19:45.710756 #17412]  INFO -- : Worker::TradeStats (btcinr) collected.
I, [2016-11-27T17:19:45.711474 #17412]  INFO -- : Worker::TopStats (btcinr) collected.
I, [2016-11-27T17:19:45.714059 #17412]  INFO -- : Worker::TradeStats (opcinr) collected.
I, [2016-11-27T17:19:45.714823 #17412]  INFO -- : Worker::TopStats (opcinr) collected.
I, [2016-11-27T17:19:45.717498 #17412]  INFO -- : Worker::TradeStats (acninr) collected.
I, [2016-11-27T17:19:45.718229 #17412]  INFO -- : Worker::TopStats (acninr) collected.
I, [2016-11-27T17:20:15.719733 #17412]  INFO -- : Worker::MemberStats collected.
I, [2016-11-27T17:20:15.720794 #17412]  INFO -- : Worker::FundStats (inr) collected.
I, [2016-11-27T17:20:15.721563 #17412]  INFO -- : Worker::WalletStats (inr) collected.
I, [2016-11-27T17:20:15.722495 #17412]  INFO -- : Worker::FundStats (btc) collected.
I, [2016-11-27T17:20:15.723214 #17412]  INFO -- : Worker::WalletStats (btc) collected.
I, [2016-11-27T17:20:15.724096 #17412]  INFO -- : Worker::FundStats (acn) collected.
I, [2016-11-27T17:20:15.724793 #17412]  INFO -- : Worker::WalletStats (acn) collected.
I, [2016-11-27T17:20:15.725705 #17412]  INFO -- : Worker::FundStats (opc) collected.
I, [2016-11-27T17:20:15.726390 #17412]  INFO -- : Worker::WalletStats (opc) collected.
I, [2016-11-27T17:20:15.727251 #17412]  INFO -- : Worker::TradeStats (btcinr) collected.
I, [2016-11-27T17:20:15.727923 #17412]  INFO -- : Worker::TopStats (btcinr) collected.
I, [2016-11-27T17:20:15.728783 #17412]  INFO -- : Worker::TradeStats (opcinr) collected.
I, [2016-11-27T17:20:15.729479 #17412]  INFO -- : Worker::TopStats (opcinr) collected.
I, [2016-11-27T17:20:15.730360 #17412]  INFO -- : Worker::TradeStats (acninr) collected.
I, [2016-11-27T17:20:15.731058 #17412]  INFO -- : Worker::TopStats (acninr) collected.
I, [2016-11-27T17:20:45.736393 #17412]  INFO -- : Worker::MemberStats collected.
I, [2016-11-27T17:20:45.741235 #17412]  INFO -- : Worker::FundStats (inr) collected.
I, [2016-11-27T17:20:45.746287 #17412]  INFO -- : Worker::WalletStats (inr) collected.
I, [2016-11-27T17:20:45.751266 #17412]  INFO -- : Worker::FundStats (btc) collected.
I, [2016-11-27T17:20:45.752283 #17412]  INFO -- : Worker::WalletStats (btc) collected.
I, [2016-11-27T17:20:45.756948 #17412]  INFO -- : Worker::FundStats (acn) collected.
I, [2016-11-27T17:20:45.757844 #17412]  INFO -- : Worker::WalletStats (acn) collected.
I, [2016-11-27T17:20:45.762357 #17412]  INFO -- : Worker::FundStats (opc) collected.
I, [2016-11-27T17:20:45.763169 #17412]  INFO -- : Worker::WalletStats (opc) collected.
I, [2016-11-27T17:20:45.765957 #17412]  INFO -- : Worker::TradeStats (btcinr) collected.
I, [2016-11-27T17:20:45.766722 #17412]  INFO -- : Worker::TopStats (btcinr) collected.
I, [2016-11-27T17:20:45.769479 #17412]  INFO -- : Worker::TradeStats (opcinr) collected.
I, [2016-11-27T17:20:45.770304 #17412]  INFO -- : Worker::TopStats (opcinr) collected.
I, [2016-11-27T17:20:45.773139 #17412]  INFO -- : Worker::TradeStats (acninr) collected.
I, [2016-11-27T17:20:45.773922 #17412]  INFO -- : Worker::TopStats (acninr) collected.
I, [2016-11-27T17:21:15.775374 #17412]  INFO -- : Worker::MemberStats collected.
I, [2016-11-27T17:21:15.776554 #17412]  INFO -- : Worker::FundStats (inr) collected.
I, [2016-11-27T17:21:15.777409 #17412]  INFO -- : Worker::WalletStats (inr) collected.
I, [2016-11-27T17:21:15.778474 #17412]  INFO -- : Worker::FundStats (btc) collected.
I, [2016-11-27T17:21:15.779338 #17412]  INFO -- : Worker::WalletStats (btc) collected.
I, [2016-11-27T17:21:15.780405 #17412]  INFO -- : Worker::FundStats (acn) collected.
I, [2016-11-27T17:21:15.781241 #17412]  INFO -- : Worker::WalletStats (acn) collected.
I, [2016-11-27T17:21:15.782331 #17412]  INFO -- : Worker::FundStats (opc) collected.
I, [2016-11-27T17:21:15.783199 #17412]  INFO -- : Worker::WalletStats (opc) collected.
I, [2016-11-27T17:21:15.784281 #17412]  INFO -- : Worker::TradeStats (btcinr) collected.
I, [2016-11-27T17:21:15.785099 #17412]  INFO -- : Worker::TopStats (btcinr) collected.
I, [2016-11-27T17:21:15.786106 #17412]  INFO -- : Worker::TradeStats (opcinr) collected.
I, [2016-11-27T17:21:15.786938 #17412]  INFO -- : Worker::TopStats (opcinr) collected.
I, [2016-11-27T17:21:15.788010 #17412]  INFO -- : Worker::TradeStats (acninr) collected.
I, [2016-11-27T17:21:15.788843 #17412]  INFO -- : Worker::TopStats (acninr) collected.
I, [2016-11-27T17:21:45.794190 #17412]  INFO -- : Worker::MemberStats collected.
I, [2016-11-27T17:21:45.807557 #17412]  INFO -- : Worker::FundStats (inr) collected.
I, [2016-11-27T17:21:45.808333 #17412]  INFO -- : Worker::WalletStats (inr) collected.
I, [2016-11-27T17:21:45.812650 #17412]  INFO -- : Worker::FundStats (btc) collected.
I, [2016-11-27T17:21:45.813459 #17412]  INFO -- : Worker::WalletStats (btc) collected.
I, [2016-11-27T17:21:45.817693 #17412]  INFO -- : Worker::FundStats (acn) collected.
I, [2016-11-27T17:21:45.818459 #17412]  INFO -- : Worker::WalletStats (acn) collected.
I, [2016-11-27T17:21:45.822455 #17412]  INFO -- : Worker::FundStats (opc) collected.
I, [2016-11-27T17:21:45.823225 #17412]  INFO -- : Worker::WalletStats (opc) collected.
I, [2016-11-27T17:21:45.825899 #17412]  INFO -- : Worker::TradeStats (btcinr) collected.
I, [2016-11-27T17:21:45.826519 #17412]  INFO -- : Worker::TopStats (btcinr) collected.
I, [2016-11-27T17:21:45.829066 #17412]  INFO -- : Worker::TradeStats (opcinr) collected.
I, [2016-11-27T17:21:45.829728 #17412]  INFO -- : Worker::TopStats (opcinr) collected.
I, [2016-11-27T17:21:45.832121 #17412]  INFO -- : Worker::TradeStats (acninr) collected.
I, [2016-11-27T17:21:45.832739 #17412]  INFO -- : Worker::TopStats (acninr) collected.
I, [2016-11-27T17:22:15.834190 #17412]  INFO -- : Worker::MemberStats collected.
I, [2016-11-27T17:22:15.835325 #17412]  INFO -- : Worker::FundStats (inr) collected.
I, [2016-11-27T17:22:15.836168 #17412]  INFO -- : Worker::WalletStats (inr) collected.
I, [2016-11-27T17:22:15.837189 #17412]  INFO -- : Worker::FundStats (btc) collected.
I, [2016-11-27T17:22:15.838068 #17412]  INFO -- : Worker::WalletStats (btc) collected.
I, [2016-11-27T17:22:15.839157 #17412]  INFO -- : Worker::FundStats (acn) collected.
I, [2016-11-27T17:22:15.840013 #17412]  INFO -- : Worker::WalletStats (acn) collected.
I, [2016-11-27T17:22:15.841085 #17412]  INFO -- : Worker::FundStats (opc) collected.
I, [2016-11-27T17:22:15.841869 #17412]  INFO -- : Worker::WalletStats (opc) collected.
I, [2016-11-27T17:22:15.842881 #17412]  INFO -- : Worker::TradeStats (btcinr) collected.
I, [2016-11-27T17:22:15.843703 #17412]  INFO -- : Worker::TopStats (btcinr) collected.
I, [2016-11-27T17:22:15.844706 #17412]  INFO -- : Worker::TradeStats (opcinr) collected.
I, [2016-11-27T17:22:15.845485 #17412]  INFO -- : Worker::TopStats (opcinr) collected.
I, [2016-11-27T17:22:15.846467 #17412]  INFO -- : Worker::TradeStats (acninr) collected.
I, [2016-11-27T17:22:15.847269 #17412]  INFO -- : Worker::TopStats (acninr) collected.
I, [2016-11-27T17:22:45.852453 #17412]  INFO -- : Worker::MemberStats collected.
I, [2016-11-27T17:22:45.857264 #17412]  INFO -- : Worker::FundStats (inr) collected.
I, [2016-11-27T17:22:45.858154 #17412]  INFO -- : Worker::WalletStats (inr) collected.
I, [2016-11-27T17:22:45.862712 #17412]  INFO -- : Worker::FundStats (btc) collected.
I, [2016-11-27T17:22:45.863561 #17412]  INFO -- : Worker::WalletStats (btc) collected.
I, [2016-11-27T17:22:45.867882 #17412]  INFO -- : Worker::FundStats (acn) collected.
I, [2016-11-27T17:22:45.868707 #17412]  INFO -- : Worker::WalletStats (acn) collected.
I, [2016-11-27T17:22:45.873034 #17412]  INFO -- : Worker::FundStats (opc) collected.
I, [2016-11-27T17:22:45.873847 #17412]  INFO -- : Worker::WalletStats (opc) collected.
I, [2016-11-27T17:22:45.876695 #17412]  INFO -- : Worker::TradeStats (btcinr) collected.
I, [2016-11-27T17:22:45.877443 #17412]  INFO -- : Worker::TopStats (btcinr) collected.
I, [2016-11-27T17:22:45.879995 #17412]  INFO -- : Worker::TradeStats (opcinr) collected.
I, [2016-11-27T17:22:45.880685 #17412]  INFO -- : Worker::TopStats (opcinr) collected.
I, [2016-11-27T17:22:45.883170 #17412]  INFO -- : Worker::TradeStats (acninr) collected.
I, [2016-11-27T17:22:45.883931 #17412]  INFO -- : Worker::TopStats (acninr) collected.
I, [2016-11-27T17:23:15.885318 #17412]  INFO -- : Worker::MemberStats collected.
I, [2016-11-27T17:23:15.886336 #17412]  INFO -- : Worker::FundStats (inr) collected.
I, [2016-11-27T17:23:15.887199 #17412]  INFO -- : Worker::WalletStats (inr) collected.
I, [2016-11-27T17:23:15.888246 #17412]  INFO -- : Worker::FundStats (btc) collected.
I, [2016-11-27T17:23:15.889035 #17412]  INFO -- : Worker::WalletStats (btc) collected.
I, [2016-11-27T17:23:15.890044 #17412]  INFO -- : Worker::FundStats (acn) collected.
I, [2016-11-27T17:23:15.890875 #17412]  INFO -- : Worker::WalletStats (acn) collected.
I, [2016-11-27T17:23:15.891907 #17412]  INFO -- : Worker::FundStats (opc) collected.
I, [2016-11-27T17:23:15.892673 #17412]  INFO -- : Worker::WalletStats (opc) collected.
I, [2016-11-27T17:23:15.893676 #17412]  INFO -- : Worker::TradeStats (btcinr) collected.
I, [2016-11-27T17:23:15.894384 #17412]  INFO -- : Worker::TopStats (btcinr) collected.
I, [2016-11-27T17:23:15.895381 #17412]  INFO -- : Worker::TradeStats (opcinr) collected.
I, [2016-11-27T17:23:15.896103 #17412]  INFO -- : Worker::TopStats (opcinr) collected.
I, [2016-11-27T17:23:15.897057 #17412]  INFO -- : Worker::TradeStats (acninr) collected.
I, [2016-11-27T17:23:15.897816 #17412]  INFO -- : Worker::TopStats (acninr) collected.
I, [2016-11-27T17:23:45.903153 #17412]  INFO -- : Worker::MemberStats collected.
I, [2016-11-27T17:23:45.907976 #17412]  INFO -- : Worker::FundStats (inr) collected.
I, [2016-11-27T17:23:45.908898 #17412]  INFO -- : Worker::WalletStats (inr) collected.
I, [2016-11-27T17:23:45.913492 #17412]  INFO -- : Worker::FundStats (btc) collected.
I, [2016-11-27T17:23:45.914297 #17412]  INFO -- : Worker::WalletStats (btc) collected.
I, [2016-11-27T17:23:45.918609 #17412]  INFO -- : Worker::FundStats (acn) collected.
I, [2016-11-27T17:23:45.919391 #17412]  INFO -- : Worker::WalletStats (acn) collected.
I, [2016-11-27T17:23:45.923885 #17412]  INFO -- : Worker::FundStats (opc) collected.
I, [2016-11-27T17:23:45.924639 #17412]  INFO -- : Worker::WalletStats (opc) collected.
I, [2016-11-27T17:23:45.927493 #17412]  INFO -- : Worker::TradeStats (btcinr) collected.
I, [2016-11-27T17:23:45.928214 #17412]  INFO -- : Worker::TopStats (btcinr) collected.
I, [2016-11-27T17:23:45.930987 #17412]  INFO -- : Worker::TradeStats (opcinr) collected.
I, [2016-11-27T17:23:45.931791 #17412]  INFO -- : Worker::TopStats (opcinr) collected.
I, [2016-11-27T17:23:45.934626 #17412]  INFO -- : Worker::TradeStats (acninr) collected.
I, [2016-11-27T17:23:45.935392 #17412]  INFO -- : Worker::TopStats (acninr) collected.
I, [2016-11-27T17:24:15.936919 #17412]  INFO -- : Worker::MemberStats collected.
I, [2016-11-27T17:24:15.938167 #17412]  INFO -- : Worker::FundStats (inr) collected.
I, [2016-11-27T17:24:15.939198 #17412]  INFO -- : Worker::WalletStats (inr) collected.
I, [2016-11-27T17:24:15.940411 #17412]  INFO -- : Worker::FundStats (btc) collected.
I, [2016-11-27T17:24:15.941373 #17412]  INFO -- : Worker::WalletStats (btc) collected.
I, [2016-11-27T17:24:15.942552 #17412]  INFO -- : Worker::FundStats (acn) collected.
I, [2016-11-27T17:24:15.943530 #17412]  INFO -- : Worker::WalletStats (acn) collected.
I, [2016-11-27T17:24:15.944720 #17412]  INFO -- : Worker::FundStats (opc) collected.
I, [2016-11-27T17:24:15.945689 #17412]  INFO -- : Worker::WalletStats (opc) collected.
I, [2016-11-27T17:24:15.946833 #17412]  INFO -- : Worker::TradeStats (btcinr) collected.
I, [2016-11-27T17:24:15.947679 #17412]  INFO -- : Worker::TopStats (btcinr) collected.
I, [2016-11-27T17:24:15.948684 #17412]  INFO -- : Worker::TradeStats (opcinr) collected.
I, [2016-11-27T17:24:15.949483 #17412]  INFO -- : Worker::TopStats (opcinr) collected.
I, [2016-11-27T17:24:15.950508 #17412]  INFO -- : Worker::TradeStats (acninr) collected.
I, [2016-11-27T17:24:15.951345 #17412]  INFO -- : Worker::TopStats (acninr) collected.
I, [2016-11-27T17:24:45.956939 #17412]  INFO -- : Worker::MemberStats collected.
I, [2016-11-27T17:24:45.961957 #17412]  INFO -- : Worker::FundStats (inr) collected.
I, [2016-11-27T17:24:45.963004 #17412]  INFO -- : Worker::WalletStats (inr) collected.
I, [2016-11-27T17:24:45.967802 #17412]  INFO -- : Worker::FundStats (btc) collected.
I, [2016-11-27T17:24:45.968629 #17412]  INFO -- : Worker::WalletStats (btc) collected.
I, [2016-11-27T17:24:45.973340 #17412]  INFO -- : Worker::FundStats (acn) collected.
I, [2016-11-27T17:24:45.974241 #17412]  INFO -- : Worker::WalletStats (acn) collected.
I, [2016-11-27T17:24:45.978538 #17412]  INFO -- : Worker::FundStats (opc) collected.
I, [2016-11-27T17:24:45.979347 #17412]  INFO -- : Worker::WalletStats (opc) collected.
I, [2016-11-27T17:24:45.982264 #17412]  INFO -- : Worker::TradeStats (btcinr) collected.
I, [2016-11-27T17:24:45.983207 #17412]  INFO -- : Worker::TopStats (btcinr) collected.
I, [2016-11-27T17:24:45.985721 #17412]  INFO -- : Worker::TradeStats (opcinr) collected.
I, [2016-11-27T17:24:45.986444 #17412]  INFO -- : Worker::TopStats (opcinr) collected.
I, [2016-11-27T17:24:45.988868 #17412]  INFO -- : Worker::TradeStats (acninr) collected.
I, [2016-11-27T17:24:45.989575 #17412]  INFO -- : Worker::TopStats (acninr) collected.
I, [2016-11-27T17:25:15.991091 #17412]  INFO -- : Worker::MemberStats collected.
I, [2016-11-27T17:25:15.992216 #17412]  INFO -- : Worker::FundStats (inr) collected.
I, [2016-11-27T17:25:15.993137 #17412]  INFO -- : Worker::WalletStats (inr) collected.
I, [2016-11-27T17:25:15.994238 #17412]  INFO -- : Worker::FundStats (btc) collected.
I, [2016-11-27T17:25:15.994967 #17412]  INFO -- : Worker::WalletStats (btc) collected.
I, [2016-11-27T17:25:15.996094 #17412]  INFO -- : Worker::FundStats (acn) collected.
I, [2016-11-27T17:25:15.996843 #17412]  INFO -- : Worker::WalletStats (acn) collected.
I, [2016-11-27T17:25:15.997894 #17412]  INFO -- : Worker::FundStats (opc) collected.
I, [2016-11-27T17:25:15.998686 #17412]  INFO -- : Worker::WalletStats (opc) collected.
I, [2016-11-27T17:25:15.999848 #17412]  INFO -- : Worker::TradeStats (btcinr) collected.
I, [2016-11-27T17:25:16.000745 #17412]  INFO -- : Worker::TopStats (btcinr) collected.
I, [2016-11-27T17:25:16.001752 #17412]  INFO -- : Worker::TradeStats (opcinr) collected.
I, [2016-11-27T17:25:16.002604 #17412]  INFO -- : Worker::TopStats (opcinr) collected.
I, [2016-11-27T17:25:16.003686 #17412]  INFO -- : Worker::TradeStats (acninr) collected.
I, [2016-11-27T17:25:16.004409 #17412]  INFO -- : Worker::TopStats (acninr) collected.
I, [2016-11-27T17:25:46.009957 #17412]  INFO -- : Worker::MemberStats collected.
I, [2016-11-27T17:25:46.014982 #17412]  INFO -- : Worker::FundStats (inr) collected.
I, [2016-11-27T17:25:46.015881 #17412]  INFO -- : Worker::WalletStats (inr) collected.
I, [2016-11-27T17:25:46.020536 #17412]  INFO -- : Worker::FundStats (btc) collected.
I, [2016-11-27T17:25:46.021397 #17412]  INFO -- : Worker::WalletStats (btc) collected.
I, [2016-11-27T17:25:46.025519 #17412]  INFO -- : Worker::FundStats (acn) collected.
I, [2016-11-27T17:25:46.026367 #17412]  INFO -- : Worker::WalletStats (acn) collected.
I, [2016-11-27T17:25:46.030774 #17412]  INFO -- : Worker::FundStats (opc) collected.
I, [2016-11-27T17:25:46.031747 #17412]  INFO -- : Worker::WalletStats (opc) collected.
I, [2016-11-27T17:25:46.034530 #17412]  INFO -- : Worker::TradeStats (btcinr) collected.
I, [2016-11-27T17:25:46.035196 #17412]  INFO -- : Worker::TopStats (btcinr) collected.
I, [2016-11-27T17:25:46.037663 #17412]  INFO -- : Worker::TradeStats (opcinr) collected.
I, [2016-11-27T17:25:46.038392 #17412]  INFO -- : Worker::TopStats (opcinr) collected.
I, [2016-11-27T17:25:46.041130 #17412]  INFO -- : Worker::TradeStats (acninr) collected.
I, [2016-11-27T17:25:46.041877 #17412]  INFO -- : Worker::TopStats (acninr) collected.
I, [2016-11-27T17:26:16.043483 #17412]  INFO -- : Worker::MemberStats collected.
I, [2016-11-27T17:26:16.044744 #17412]  INFO -- : Worker::FundStats (inr) collected.
I, [2016-11-27T17:26:16.045727 #17412]  INFO -- : Worker::WalletStats (inr) collected.
I, [2016-11-27T17:26:16.046912 #17412]  INFO -- : Worker::FundStats (btc) collected.
I, [2016-11-27T17:26:16.047875 #17412]  INFO -- : Worker::WalletStats (btc) collected.
I, [2016-11-27T17:26:16.048985 #17412]  INFO -- : Worker::FundStats (acn) collected.
I, [2016-11-27T17:26:16.049906 #17412]  INFO -- : Worker::WalletStats (acn) collected.
I, [2016-11-27T17:26:16.050998 #17412]  INFO -- : Worker::FundStats (opc) collected.
I, [2016-11-27T17:26:16.051838 #17412]  INFO -- : Worker::WalletStats (opc) collected.
I, [2016-11-27T17:26:16.052797 #17412]  INFO -- : Worker::TradeStats (btcinr) collected.
I, [2016-11-27T17:26:16.053621 #17412]  INFO -- : Worker::TopStats (btcinr) collected.
I, [2016-11-27T17:26:16.054619 #17412]  INFO -- : Worker::TradeStats (opcinr) collected.
I, [2016-11-27T17:26:16.055419 #17412]  INFO -- : Worker::TopStats (opcinr) collected.
I, [2016-11-27T17:26:16.056409 #17412]  INFO -- : Worker::TradeStats (acninr) collected.
I, [2016-11-27T17:26:16.057159 #17412]  INFO -- : Worker::TopStats (acninr) collected.
I, [2016-11-27T17:26:46.062668 #17412]  INFO -- : Worker::MemberStats collected.
I, [2016-11-27T17:26:46.068443 #17412]  INFO -- : Worker::FundStats (inr) collected.
I, [2016-11-27T17:26:46.069329 #17412]  INFO -- : Worker::WalletStats (inr) collected.
I, [2016-11-27T17:26:46.073931 #17412]  INFO -- : Worker::FundStats (btc) collected.
I, [2016-11-27T17:26:46.074824 #17412]  INFO -- : Worker::WalletStats (btc) collected.
I, [2016-11-27T17:26:46.079153 #17412]  INFO -- : Worker::FundStats (acn) collected.
I, [2016-11-27T17:26:46.079941 #17412]  INFO -- : Worker::WalletStats (acn) collected.
I, [2016-11-27T17:26:46.084371 #17412]  INFO -- : Worker::FundStats (opc) collected.
I, [2016-11-27T17:26:46.085170 #17412]  INFO -- : Worker::WalletStats (opc) collected.
I, [2016-11-27T17:26:46.087984 #17412]  INFO -- : Worker::TradeStats (btcinr) collected.
I, [2016-11-27T17:26:46.088736 #17412]  INFO -- : Worker::TopStats (btcinr) collected.
I, [2016-11-27T17:26:46.091325 #17412]  INFO -- : Worker::TradeStats (opcinr) collected.
I, [2016-11-27T17:26:46.092084 #17412]  INFO -- : Worker::TopStats (opcinr) collected.
I, [2016-11-27T17:26:46.094640 #17412]  INFO -- : Worker::TradeStats (acninr) collected.
I, [2016-11-27T17:26:46.095372 #17412]  INFO -- : Worker::TopStats (acninr) collected.
I, [2016-11-27T17:27:16.096765 #17412]  INFO -- : Worker::MemberStats collected.
I, [2016-11-27T17:27:16.097907 #17412]  INFO -- : Worker::FundStats (inr) collected.
I, [2016-11-27T17:27:16.098774 #17412]  INFO -- : Worker::WalletStats (inr) collected.
I, [2016-11-27T17:27:16.099904 #17412]  INFO -- : Worker::FundStats (btc) collected.
I, [2016-11-27T17:27:16.100646 #17412]  INFO -- : Worker::WalletStats (btc) collected.
I, [2016-11-27T17:27:16.101642 #17412]  INFO -- : Worker::FundStats (acn) collected.
I, [2016-11-27T17:27:16.102389 #17412]  INFO -- : Worker::WalletStats (acn) collected.
I, [2016-11-27T17:27:16.103340 #17412]  INFO -- : Worker::FundStats (opc) collected.
I, [2016-11-27T17:27:16.104054 #17412]  INFO -- : Worker::WalletStats (opc) collected.
I, [2016-11-27T17:27:16.104971 #17412]  INFO -- : Worker::TradeStats (btcinr) collected.
I, [2016-11-27T17:27:16.105684 #17412]  INFO -- : Worker::TopStats (btcinr) collected.
I, [2016-11-27T17:27:16.106603 #17412]  INFO -- : Worker::TradeStats (opcinr) collected.
I, [2016-11-27T17:27:16.107311 #17412]  INFO -- : Worker::TopStats (opcinr) collected.
I, [2016-11-27T17:27:16.108254 #17412]  INFO -- : Worker::TradeStats (acninr) collected.
I, [2016-11-27T17:27:16.108977 #17412]  INFO -- : Worker::TopStats (acninr) collected.
I, [2016-11-27T17:27:46.114238 #17412]  INFO -- : Worker::MemberStats collected.
I, [2016-11-27T17:27:46.119070 #17412]  INFO -- : Worker::FundStats (inr) collected.
I, [2016-11-27T17:27:46.120010 #17412]  INFO -- : Worker::WalletStats (inr) collected.
I, [2016-11-27T17:27:46.124624 #17412]  INFO -- : Worker::FundStats (btc) collected.
I, [2016-11-27T17:27:46.125496 #17412]  INFO -- : Worker::WalletStats (btc) collected.
I, [2016-11-27T17:27:46.130042 #17412]  INFO -- : Worker::FundStats (acn) collected.
I, [2016-11-27T17:27:46.130890 #17412]  INFO -- : Worker::WalletStats (acn) collected.
I, [2016-11-27T17:27:46.134900 #17412]  INFO -- : Worker::FundStats (opc) collected.
I, [2016-11-27T17:27:46.135646 #17412]  INFO -- : Worker::WalletStats (opc) collected.
I, [2016-11-27T17:27:46.138212 #17412]  INFO -- : Worker::TradeStats (btcinr) collected.
I, [2016-11-27T17:27:46.138891 #17412]  INFO -- : Worker::TopStats (btcinr) collected.
I, [2016-11-27T17:27:46.141263 #17412]  INFO -- : Worker::TradeStats (opcinr) collected.
I, [2016-11-27T17:27:46.141968 #17412]  INFO -- : Worker::TopStats (opcinr) collected.
I, [2016-11-27T17:27:46.144386 #17412]  INFO -- : Worker::TradeStats (acninr) collected.
I, [2016-11-27T17:27:46.145137 #17412]  INFO -- : Worker::TopStats (acninr) collected.
I, [2016-11-27T17:28:16.146562 #17412]  INFO -- : Worker::MemberStats collected.
I, [2016-11-27T17:28:16.147722 #17412]  INFO -- : Worker::FundStats (inr) collected.
I, [2016-11-27T17:28:16.148634 #17412]  INFO -- : Worker::WalletStats (inr) collected.
I, [2016-11-27T17:28:16.149734 #17412]  INFO -- : Worker::FundStats (btc) collected.
I, [2016-11-27T17:28:16.150557 #17412]  INFO -- : Worker::WalletStats (btc) collected.
I, [2016-11-27T17:28:16.151621 #17412]  INFO -- : Worker::FundStats (acn) collected.
I, [2016-11-27T17:28:16.152429 #17412]  INFO -- : Worker::WalletStats (acn) collected.
I, [2016-11-27T17:28:16.153458 #17412]  INFO -- : Worker::FundStats (opc) collected.
I, [2016-11-27T17:28:16.154276 #17412]  INFO -- : Worker::WalletStats (opc) collected.
I, [2016-11-27T17:28:16.155307 #17412]  INFO -- : Worker::TradeStats (btcinr) collected.
I, [2016-11-27T17:28:16.156002 #17412]  INFO -- : Worker::TopStats (btcinr) collected.
I, [2016-11-27T17:28:16.156940 #17412]  INFO -- : Worker::TradeStats (opcinr) collected.
I, [2016-11-27T17:28:16.157670 #17412]  INFO -- : Worker::TopStats (opcinr) collected.
I, [2016-11-27T17:28:16.158589 #17412]  INFO -- : Worker::TradeStats (acninr) collected.
I, [2016-11-27T17:28:16.159314 #17412]  INFO -- : Worker::TopStats (acninr) collected.
I, [2016-11-27T17:28:46.164595 #17412]  INFO -- : Worker::MemberStats collected.
I, [2016-11-27T17:28:46.169534 #17412]  INFO -- : Worker::FundStats (inr) collected.
I, [2016-11-27T17:28:46.170442 #17412]  INFO -- : Worker::WalletStats (inr) collected.
I, [2016-11-27T17:28:46.175186 #17412]  INFO -- : Worker::FundStats (btc) collected.
I, [2016-11-27T17:28:46.176094 #17412]  INFO -- : Worker::WalletStats (btc) collected.
I, [2016-11-27T17:28:46.180321 #17412]  INFO -- : Worker::FundStats (acn) collected.
I, [2016-11-27T17:28:46.181094 #17412]  INFO -- : Worker::WalletStats (acn) collected.
I, [2016-11-27T17:28:46.185453 #17412]  INFO -- : Worker::FundStats (opc) collected.
I, [2016-11-27T17:28:46.186241 #17412]  INFO -- : Worker::WalletStats (opc) collected.
I, [2016-11-27T17:28:46.189232 #17412]  INFO -- : Worker::TradeStats (btcinr) collected.
I, [2016-11-27T17:28:46.189919 #17412]  INFO -- : Worker::TopStats (btcinr) collected.
I, [2016-11-27T17:28:46.192683 #17412]  INFO -- : Worker::TradeStats (opcinr) collected.
I, [2016-11-27T17:28:46.193434 #17412]  INFO -- : Worker::TopStats (opcinr) collected.
I, [2016-11-27T17:28:46.196091 #17412]  INFO -- : Worker::TradeStats (acninr) collected.
I, [2016-11-27T17:28:46.196780 #17412]  INFO -- : Worker::TopStats (acninr) collected.
I, [2016-11-27T17:29:16.198198 #17412]  INFO -- : Worker::MemberStats collected.
I, [2016-11-27T17:29:16.199233 #17412]  INFO -- : Worker::FundStats (inr) collected.
I, [2016-11-27T17:29:16.200098 #17412]  INFO -- : Worker::WalletStats (inr) collected.
I, [2016-11-27T17:29:16.201163 #17412]  INFO -- : Worker::FundStats (btc) collected.
I, [2016-11-27T17:29:16.201946 #17412]  INFO -- : Worker::WalletStats (btc) collected.
I, [2016-11-27T17:29:16.203011 #17412]  INFO -- : Worker::FundStats (acn) collected.
I, [2016-11-27T17:29:16.203954 #17412]  INFO -- : Worker::WalletStats (acn) collected.
I, [2016-11-27T17:29:16.204905 #17412]  INFO -- : Worker::FundStats (opc) collected.
I, [2016-11-27T17:29:16.205613 #17412]  INFO -- : Worker::WalletStats (opc) collected.
I, [2016-11-27T17:29:16.206553 #17412]  INFO -- : Worker::TradeStats (btcinr) collected.
I, [2016-11-27T17:29:16.207296 #17412]  INFO -- : Worker::TopStats (btcinr) collected.
I, [2016-11-27T17:29:16.208288 #17412]  INFO -- : Worker::TradeStats (opcinr) collected.
I, [2016-11-27T17:29:16.209055 #17412]  INFO -- : Worker::TopStats (opcinr) collected.
I, [2016-11-27T17:29:16.210026 #17412]  INFO -- : Worker::TradeStats (acninr) collected.
I, [2016-11-27T17:29:16.210799 #17412]  INFO -- : Worker::TopStats (acninr) collected.
I, [2016-11-27T17:29:46.216149 #17412]  INFO -- : Worker::MemberStats collected.
I, [2016-11-27T17:29:46.221068 #17412]  INFO -- : Worker::FundStats (inr) collected.
I, [2016-11-27T17:29:46.221988 #17412]  INFO -- : Worker::WalletStats (inr) collected.
I, [2016-11-27T17:29:46.226548 #17412]  INFO -- : Worker::FundStats (btc) collected.
I, [2016-11-27T17:29:46.227385 #17412]  INFO -- : Worker::WalletStats (btc) collected.
I, [2016-11-27T17:29:46.231656 #17412]  INFO -- : Worker::FundStats (acn) collected.
I, [2016-11-27T17:29:46.232429 #17412]  INFO -- : Worker::WalletStats (acn) collected.
I, [2016-11-27T17:29:46.236600 #17412]  INFO -- : Worker::FundStats (opc) collected.
I, [2016-11-27T17:29:46.237376 #17412]  INFO -- : Worker::WalletStats (opc) collected.
I, [2016-11-27T17:29:46.240314 #17412]  INFO -- : Worker::TradeStats (btcinr) collected.
I, [2016-11-27T17:29:46.240990 #17412]  INFO -- : Worker::TopStats (btcinr) collected.
I, [2016-11-27T17:29:46.243468 #17412]  INFO -- : Worker::TradeStats (opcinr) collected.
I, [2016-11-27T17:29:46.244162 #17412]  INFO -- : Worker::TopStats (opcinr) collected.
I, [2016-11-27T17:29:46.246614 #17412]  INFO -- : Worker::TradeStats (acninr) collected.
I, [2016-11-27T17:29:46.247296 #17412]  INFO -- : Worker::TopStats (acninr) collected.
I, [2016-11-27T17:30:16.248695 #17412]  INFO -- : Worker::MemberStats collected.
I, [2016-11-27T17:30:16.249770 #17412]  INFO -- : Worker::FundStats (inr) collected.
I, [2016-11-27T17:30:16.250540 #17412]  INFO -- : Worker::WalletStats (inr) collected.
I, [2016-11-27T17:30:16.251595 #17412]  INFO -- : Worker::FundStats (btc) collected.
I, [2016-11-27T17:30:16.252406 #17412]  INFO -- : Worker::WalletStats (btc) collected.
I, [2016-11-27T17:30:16.253471 #17412]  INFO -- : Worker::FundStats (acn) collected.
I, [2016-11-27T17:30:16.254257 #17412]  INFO -- : Worker::WalletStats (acn) collected.
I, [2016-11-27T17:30:16.255331 #17412]  INFO -- : Worker::FundStats (opc) collected.
I, [2016-11-27T17:30:16.256096 #17412]  INFO -- : Worker::WalletStats (opc) collected.
I, [2016-11-27T17:30:16.257155 #17412]  INFO -- : Worker::TradeStats (btcinr) collected.
I, [2016-11-27T17:30:16.258017 #17412]  INFO -- : Worker::TopStats (btcinr) collected.
I, [2016-11-27T17:30:16.258992 #17412]  INFO -- : Worker::TradeStats (opcinr) collected.
I, [2016-11-27T17:30:16.259816 #17412]  INFO -- : Worker::TopStats (opcinr) collected.
I, [2016-11-27T17:30:16.260805 #17412]  INFO -- : Worker::TradeStats (acninr) collected.
I, [2016-11-27T17:30:16.261569 #17412]  INFO -- : Worker::TopStats (acninr) collected.
I, [2016-11-27T17:30:46.266802 #17412]  INFO -- : Worker::MemberStats collected.
I, [2016-11-27T17:30:46.271615 #17412]  INFO -- : Worker::FundStats (inr) collected.
I, [2016-11-27T17:30:46.272636 #17412]  INFO -- : Worker::WalletStats (inr) collected.
I, [2016-11-27T17:30:46.294204 #17412]  INFO -- : Worker::FundStats (btc) collected.
I, [2016-11-27T17:30:46.295040 #17412]  INFO -- : Worker::WalletStats (btc) collected.
I, [2016-11-27T17:30:46.299145 #17412]  INFO -- : Worker::FundStats (acn) collected.
I, [2016-11-27T17:30:46.299844 #17412]  INFO -- : Worker::WalletStats (acn) collected.
I, [2016-11-27T17:30:46.303759 #17412]  INFO -- : Worker::FundStats (opc) collected.
I, [2016-11-27T17:30:46.304509 #17412]  INFO -- : Worker::WalletStats (opc) collected.
I, [2016-11-27T17:30:46.307353 #17412]  INFO -- : Worker::TradeStats (btcinr) collected.
I, [2016-11-27T17:30:46.307992 #17412]  INFO -- : Worker::TopStats (btcinr) collected.
I, [2016-11-27T17:30:46.310376 #17412]  INFO -- : Worker::TradeStats (opcinr) collected.
I, [2016-11-27T17:30:46.310999 #17412]  INFO -- : Worker::TopStats (opcinr) collected.
I, [2016-11-27T17:30:46.313481 #17412]  INFO -- : Worker::TradeStats (acninr) collected.
I, [2016-11-27T17:30:46.314128 #17412]  INFO -- : Worker::TopStats (acninr) collected.
I, [2016-11-27T17:31:16.315529 #17412]  INFO -- : Worker::MemberStats collected.
I, [2016-11-27T17:31:16.316748 #17412]  INFO -- : Worker::FundStats (inr) collected.
I, [2016-11-27T17:31:16.317619 #17412]  INFO -- : Worker::WalletStats (inr) collected.
I, [2016-11-27T17:31:16.318642 #17412]  INFO -- : Worker::FundStats (btc) collected.
I, [2016-11-27T17:31:16.319520 #17412]  INFO -- : Worker::WalletStats (btc) collected.
I, [2016-11-27T17:31:16.320663 #17412]  INFO -- : Worker::FundStats (acn) collected.
I, [2016-11-27T17:31:16.321561 #17412]  INFO -- : Worker::WalletStats (acn) collected.
I, [2016-11-27T17:31:16.322594 #17412]  INFO -- : Worker::FundStats (opc) collected.
I, [2016-11-27T17:31:16.323261 #17412]  INFO -- : Worker::WalletStats (opc) collected.
I, [2016-11-27T17:31:16.324177 #17412]  INFO -- : Worker::TradeStats (btcinr) collected.
I, [2016-11-27T17:31:16.325011 #17412]  INFO -- : Worker::TopStats (btcinr) collected.
I, [2016-11-27T17:31:16.326049 #17412]  INFO -- : Worker::TradeStats (opcinr) collected.
I, [2016-11-27T17:31:16.326825 #17412]  INFO -- : Worker::TopStats (opcinr) collected.
I, [2016-11-27T17:31:16.327768 #17412]  INFO -- : Worker::TradeStats (acninr) collected.
I, [2016-11-27T17:31:16.328422 #17412]  INFO -- : Worker::TopStats (acninr) collected.
I, [2016-11-27T17:31:46.333620 #17412]  INFO -- : Worker::MemberStats collected.
I, [2016-11-27T17:31:46.338039 #17412]  INFO -- : Worker::FundStats (inr) collected.
I, [2016-11-27T17:31:46.338822 #17412]  INFO -- : Worker::WalletStats (inr) collected.
I, [2016-11-27T17:31:46.343210 #17412]  INFO -- : Worker::FundStats (btc) collected.
I, [2016-11-27T17:31:46.344010 #17412]  INFO -- : Worker::WalletStats (btc) collected.
I, [2016-11-27T17:31:46.347771 #17412]  INFO -- : Worker::FundStats (acn) collected.
I, [2016-11-27T17:31:46.348452 #17412]  INFO -- : Worker::WalletStats (acn) collected.
I, [2016-11-27T17:31:46.352236 #17412]  INFO -- : Worker::FundStats (opc) collected.
I, [2016-11-27T17:31:46.352967 #17412]  INFO -- : Worker::WalletStats (opc) collected.
I, [2016-11-27T17:31:46.355481 #17412]  INFO -- : Worker::TradeStats (btcinr) collected.
I, [2016-11-27T17:31:46.356120 #17412]  INFO -- : Worker::TopStats (btcinr) collected.
I, [2016-11-27T17:31:46.358279 #17412]  INFO -- : Worker::TradeStats (opcinr) collected.
I, [2016-11-27T17:31:46.358867 #17412]  INFO -- : Worker::TopStats (opcinr) collected.
I, [2016-11-27T17:31:46.361038 #17412]  INFO -- : Worker::TradeStats (acninr) collected.
I, [2016-11-27T17:31:46.361615 #17412]  INFO -- : Worker::TopStats (acninr) collected.
